Log file open, 06/16/20 11:07:07
LogWindows: Failed to load 'aqProf.dll' (GetLastError=126)
LogWindows: File 'aqProf.dll' does not exist
LogWindows: Failed to load 'VtuneApi.dll' (GetLastError=126)
LogWindows: File 'VtuneApi.dll' does not exist
LogWindows: Failed to load 'VtuneApi32e.dll' (GetLastError=126)
LogWindows: File 'VtuneApi32e.dll' does not exist
LogConsoleResponse: Display: Failed to find resolution value strings in scalability ini. Falling back to default.
LogInit: Display: Running engine for game: TheTemple
LogPlatformFile: Not using cached read wrapper
LogTaskGraph: Started task graph with 5 named threads and 14 total threads with 3 sets of task threads.
LogStats: Stats thread started at 0.149912
LogD3D11RHI: Loaded GFSDK_Aftermath_Lib.x64.dll
LogICUInternationalization: ICU TimeZone Detection - Raw Offset: +1:00, Platform Override: ''
LogPluginManager: Mounting plugin Paper2D
LogPluginManager: Mounting plugin AISupport
LogPluginManager: Mounting plugin LightPropagationVolume
LogPluginManager: Mounting plugin ActorLayerUtilities
LogPluginManager: Mounting plugin AnimationSharing
LogPluginManager: Mounting plugin CLionSourceCodeAccess
LogPluginManager: Mounting plugin CodeLiteSourceCodeAccess
LogPluginManager: Mounting plugin GitSourceControl
LogPluginManager: Mounting plugin KDevelopSourceCodeAccess
LogPluginManager: Mounting plugin NullSourceCodeAccess
LogPluginManager: Mounting plugin PerforceSourceControl
LogPluginManager: Mounting plugin PlasticSourceControl
LogPluginManager: Mounting plugin SubversionSourceControl
LogPluginManager: Mounting plugin UObjectPlugin
LogPluginManager: Mounting plugin VisualStudioCodeSourceCodeAccess
LogPluginManager: Mounting plugin VisualStudioSourceCodeAccess
LogPluginManager: Mounting plugin XCodeSourceCodeAccess
LogPluginManager: Mounting plugin AssetManagerEditor
LogPluginManager: Mounting plugin CryptoKeys
LogPluginManager: Mounting plugin CurveEditorTools
LogPluginManager: Mounting plugin DataValidation
LogPluginManager: Mounting plugin FacialAnimation
LogPluginManager: Mounting plugin GameplayTagsEditor
LogPluginManager: Mounting plugin MacGraphicsSwitching
LogPluginManager: Mounting plugin MaterialAnalyzer
LogPluginManager: Mounting plugin MobileLauncherProfileWizard
LogPluginManager: Mounting plugin PluginBrowser
LogPluginManager: Mounting plugin SpeedTreeImporter
LogPluginManager: Mounting plugin DatasmithContent
LogPluginManager: Mounting plugin VariantManagerContent
LogPluginManager: Mounting plugin AlembicImporter
LogPluginManager: Mounting plugin AutomationUtils
LogPluginManager: Mounting plugin BackChannel
LogPluginManager: Mounting plugin CharacterAI
LogPluginManager: Mounting plugin GeometryCache
LogPluginManager: Mounting plugin PlatformCrypto
LogPluginManager: Mounting plugin ProxyLODPlugin
LogPluginManager: Mounting plugin SkeletalReduction
LogPluginManager: Mounting plugin FMODStudio
LogPluginManager: Mounting plugin MagicLeap
LogPluginManager: Mounting plugin MagicLeapMedia
LogPluginManager: Mounting plugin MLSDK
LogPluginManager: Mounting plugin AndroidMedia
LogPluginManager: Mounting plugin AvfMedia
LogPluginManager: Mounting plugin ImgMedia
LogPluginManager: Mounting plugin MediaCompositing
LogPluginManager: Mounting plugin MediaPlayerEditor
LogPluginManager: Mounting plugin WebMMedia
LogPluginManager: Mounting plugin WmfMedia
LogPluginManager: Mounting plugin TcpMessaging
LogPluginManager: Mounting plugin UdpMessaging
LogPluginManager: Mounting plugin ActorSequence
LogPluginManager: Mounting plugin LevelSequenceEditor
LogPluginManager: Mounting plugin MatineeToLevelSequence
LogPluginManager: Mounting plugin NetcodeUnitTest
LogPluginManager: Mounting plugin NUTUnrealEngine4
LogPluginManager: Mounting plugin OnlineSubsystemGooglePlay
LogPluginManager: Mounting plugin OnlineSubsystemIOS
LogPluginManager: Mounting plugin OnlineSubsystem
LogPluginManager: Mounting plugin OnlineSubsystemNull
LogPluginManager: Mounting plugin OnlineSubsystemUtils
LogPluginManager: Mounting plugin LauncherChunkInstaller
LogPluginManager: Mounting plugin AndroidDeviceProfileSelector
LogPluginManager: Mounting plugin AndroidMoviePlayer
LogPluginManager: Mounting plugin AndroidPermission
LogPluginManager: Mounting plugin AppleImageUtils
LogPluginManager: Mounting plugin AppleMoviePlayer
LogPluginManager: Mounting plugin ArchVisCharacter
LogPluginManager: Mounting plugin AssetTags
LogPluginManager: Mounting plugin AudioCapture
LogPluginManager: Mounting plugin CableComponent
LogPluginManager: Mounting plugin CustomMeshComponent
LogPluginManager: Mounting plugin EditableMesh
LogPluginManager: Mounting plugin ExampleDeviceProfileSelector
LogPluginManager: Mounting plugin GoogleCloudMessaging
LogPluginManager: Mounting plugin IOSDeviceProfileSelector
LogPluginManager: Mounting plugin LinuxDeviceProfileSelector
LogPluginManager: Mounting plugin LocationServicesBPLibrary
LogPluginManager: Mounting plugin MobilePatchingUtils
LogPluginManager: Mounting plugin OculusVR
LogPluginManager: Mounting plugin PhysXVehicles
LogPluginManager: Mounting plugin PostSplashScreen
LogPluginManager: Mounting plugin ProceduralMeshComponent
LogPluginManager: Mounting plugin RuntimePhysXCooking
LogPluginManager: Mounting plugin SignificanceManager
LogPluginManager: Mounting plugin SteamVR
LogPluginManager: Mounting plugin WebMMoviePlayer
LogPluginManager: Mounting plugin WindowsMoviePlayer
LogPluginManager: Mounting plugin ScreenshotTools
LogInit: Using libcurl 7.55.1-DEV
LogInit:  - built for x86_64-pc-win32
LogInit:  - supports SSL with OpenSSL/1.1.1
LogInit:  - supports HTTP deflate (compression) using libz 1.2.8
LogInit:  - other features:
LogInit:      CURL_VERSION_SSL
LogInit:      CURL_VERSION_LIBZ
LogInit:      CURL_VERSION_IPV6
LogInit:      CURL_VERSION_ASYNCHDNS
LogInit:      CURL_VERSION_LARGEFILE
LogInit:      CURL_VERSION_IDN
LogInit:  CurlRequestOptions (configurable via config and command line):
LogInit:  - bVerifyPeer = true  - Libcurl will verify peer certificate
LogInit:  - bUseHttpProxy = false  - Libcurl will NOT use HTTP proxy
LogInit:  - bDontReuseConnections = false  - Libcurl will reuse connections
LogInit:  - MaxHostConnections = 16  - Libcurl will limit the number of connections to a host
LogInit:  - LocalHostAddr = Default
LogInit:  - BufferSize = 65536
LogOnline: OSS: Creating online subsystem instance for: NULL
LogInit: WinSock: version 1.1 (2.2), MaxSocks=32767, MaxUdp=65467
LogOnline: OSS: TryLoadSubsystemAndSetDefault: Loaded subsystem for module [NULL]
LogHMD: Failed initializing OVRPlugin 1.40.0
LogInit: Build: ++UE4+Release-4.24-CL-11590370
LogInit: Engine Version: 4.24.3-11590370+++UE4+Release-4.24
LogInit: Compatible Engine Version: 4.24.0-10570792+++UE4+Release-4.24
LogInit: Net CL: 10570792
LogInit: OS: Windows 10 (Release 1903) (), CPU: Intel(R) Core(TM) i5-4690 CPU @ 3.50GHz, GPU: NVIDIA GeForce GTX 970
LogInit: Compiled (64-bit): Feb 24 2020 15:39:18
LogInit: Compiled with Visual C++: 19.16.27032.01
LogInit: Build Configuration: Development
LogInit: Branch Name: ++UE4+Release-4.24
LogInit: Command Line:  -game
LogInit: Base Directory: C:/Program Files/Epic Games/UE_4.24/Engine/Binaries/Win64/
LogInit: Installed Engine Build: 1
LogDevObjectVersion: Number of dev versions registered: 25
LogDevObjectVersion:   Dev-Blueprints (B0D832E4-1F89-4F0D-ACCF-7EB736FD4AA2): 10
LogDevObjectVersion:   Dev-Build (E1C64328-A22C-4D53-A36C-8E866417BD8C): 0
LogDevObjectVersion:   Dev-Core (375EC13C-06E4-48FB-B500-84F0262A717E): 3
LogDevObjectVersion:   Dev-Editor (E4B068ED-F494-42E9-A231-DA0B2E46BB41): 37
LogDevObjectVersion:   Dev-Framework (CFFC743F-43B0-4480-9391-14DF171D2073): 36
LogDevObjectVersion:   Dev-Mobile (B02B49B5-BB20-44E9-A304-32B752E40360): 2
LogDevObjectVersion:   Dev-Networking (A4E4105C-59A1-49B5-A7C5-40C4547EDFEE): 0
LogDevObjectVersion:   Dev-Online (39C831C9-5AE6-47DC-9A44-9C173E1C8E7C): 0
LogDevObjectVersion:   Dev-Physics (78F01B33-EBEA-4F98-B9B4-84EACCB95AA2): 2
LogDevObjectVersion:   Dev-Platform (6631380F-2D4D-43E0-8009-CF276956A95A): 0
LogDevObjectVersion:   Dev-Rendering (12F88B9F-8875-4AFC-A67C-D90C383ABD29): 36
LogDevObjectVersion:   Dev-Sequencer (7B5AE74C-D270-4C10-A958-57980B212A5A): 11
LogDevObjectVersion:   Dev-VR (D7296918-1DD6-4BDD-9DE2-64A83CC13884): 2
LogDevObjectVersion:   Dev-LoadTimes (C2A15278-BFE7-4AFE-6C17-90FF531DF755): 1
LogDevObjectVersion:   Private-Geometry (6EACA3D4-40EC-4CC1-B786-8BED09428FC5): 3
LogDevObjectVersion:   Dev-AnimPhys (29E575DD-E0A3-4627-9D10-D276232CDCEA): 17
LogDevObjectVersion:   Dev-Anim (AF43A65D-7FD3-4947-9873-3E8ED9C1BB05): 2
LogDevObjectVersion:   Dev-ReflectionCapture (6B266CEC-1EC7-4B8F-A30B-E4D90942FC07): 1
LogDevObjectVersion:   Dev-Automation (0DF73D61-A23F-47EA-B727-89E90C41499A): 1
LogDevObjectVersion:   FortniteMain (601D1886-AC64-4F84-AA16-D3DE0DEAC7D6): 31
LogDevObjectVersion:   Dev-Enterprise (9DFFBCD6-494F-0158-E221-12823C92A888): 8
LogDevObjectVersion:   Dev-Niagara (F2AED0AC-9AFE-416F-8664-AA7FFA26D6FC): 1
LogDevObjectVersion:   Dev-Destruction (174F1F0B-B4C6-45A5-B13F-2EE8D0FB917D): 9
LogDevObjectVersion:   Dev-Physics-Ext (35F94A83-E258-406C-A318-09F59610247C): 8
LogDevObjectVersion:   Dev-CineCamera (B2E18506-4273-CFC2-A54E-F4BB758BBA07): 1
LogInit: Presizing for max 25165824 objects, including 0 objects not considered by GC, pre-allocating 0 bytes for permanent pool.
LogInit: Object subsystem initialized
LogConfig: Setting CVar [[con.DebugEarlyDefault:1]]
LogConfig: Setting CVar [[r.setres:1280x720]]
[2020.06.16-09.07.08:986][  0]LogConfig: Setting CVar [[con.DebugEarlyDefault:1]]
[2020.06.16-09.07.08:986][  0]LogConfig: Setting CVar [[r.setres:1280x720]]
[2020.06.16-09.07.08:986][  0]LogConfig: Applying CVar settings from Section [/Script/Engine.RendererSettings] File [A:/Users/Geoffrey/Documents/ProjectVrij/Temple-of-the-Ice-Isles/TheTemple/Saved/Config/Windows/Engine.ini]
[2020.06.16-09.07.08:986][  0]LogConfig: Setting CVar [[r.GPUCrashDebugging:0]]
[2020.06.16-09.07.08:986][  0]LogConfig: Setting CVar [[r.SkinCache.CompileShaders:1]]
[2020.06.16-09.07.08:986][  0]LogConfig: Setting CVar [[r.RayTracing:1]]
[2020.06.16-09.07.08:986][  0]LogConfig: Setting CVar [[r.AllowGlobalClipPlane:1]]
[2020.06.16-09.07.08:986][  0]LogConfig: Applying CVar settings from Section [/Script/Engine.RendererOverrideSettings] File [A:/Users/Geoffrey/Documents/ProjectVrij/Temple-of-the-Ice-Isles/TheTemple/Saved/Config/Windows/Engine.ini]
[2020.06.16-09.07.08:986][  0]LogConfig: Applying CVar settings from Section [/Script/Engine.StreamingSettings] File [A:/Users/Geoffrey/Documents/ProjectVrij/Temple-of-the-Ice-Isles/TheTemple/Saved/Config/Windows/Engine.ini]
[2020.06.16-09.07.08:986][  0]LogConfig: Setting CVar [[s.MinBulkDataSizeForAsyncLoading:131072]]
[2020.06.16-09.07.08:986][  0]LogConfig: Setting CVar [[s.AsyncLoadingThreadEnabled:0]]
[2020.06.16-09.07.08:986][  0]LogConfig: Setting CVar [[s.EventDrivenLoaderEnabled:1]]
[2020.06.16-09.07.08:986][  0]LogConfig: Setting CVar [[s.WarnIfTimeLimitExceeded:0]]
[2020.06.16-09.07.08:986][  0]LogConfig: Setting CVar [[s.TimeLimitExceededMultiplier:1.5]]
[2020.06.16-09.07.08:986][  0]LogConfig: Setting CVar [[s.TimeLimitExceededMinTime:0.005]]
[2020.06.16-09.07.08:986][  0]LogConfig: Setting CVar [[s.UseBackgroundLevelStreaming:1]]
[2020.06.16-09.07.08:986][  0]LogConfig: Setting CVar [[s.PriorityAsyncLoadingExtraTime:15.0]]
[2020.06.16-09.07.08:987][  0]LogConfig: Setting CVar [[s.LevelStreamingActorsUpdateTimeLimit:5.0]]
[2020.06.16-09.07.08:987][  0]LogConfig: Setting CVar [[s.PriorityLevelStreamingActorsUpdateExtraTime:5.0]]
[2020.06.16-09.07.08:987][  0]LogConfig: Setting CVar [[s.LevelStreamingComponentsRegistrationGranularity:10]]
[2020.06.16-09.07.08:987][  0]LogConfig: Setting CVar [[s.UnregisterComponentsTimeLimit:1.0]]
[2020.06.16-09.07.08:987][  0]LogConfig: Setting CVar [[s.LevelStreamingComponentsUnregistrationGranularity:5]]
[2020.06.16-09.07.08:987][  0]LogConfig: Setting CVar [[s.FlushStreamingOnExit:1]]
[2020.06.16-09.07.08:987][  0]LogConfig: Applying CVar settings from Section [/Script/Engine.GarbageCollectionSettings] File [A:/Users/Geoffrey/Documents/ProjectVrij/Temple-of-the-Ice-Isles/TheTemple/Saved/Config/Windows/Engine.ini]
[2020.06.16-09.07.08:987][  0]LogConfig: Setting CVar [[gc.MaxObjectsNotConsideredByGC:1]]
[2020.06.16-09.07.08:987][  0]LogConfig: Setting CVar [[gc.SizeOfPermanentObjectPool:0]]
[2020.06.16-09.07.08:987][  0]LogConfig: Setting CVar [[gc.FlushStreamingOnGC:0]]
[2020.06.16-09.07.08:987][  0]LogConfig: Setting CVar [[gc.NumRetriesBeforeForcingGC:10]]
[2020.06.16-09.07.08:987][  0]LogConfig: Setting CVar [[gc.AllowParallelGC:1]]
[2020.06.16-09.07.08:987][  0]LogConfig: Setting CVar [[gc.TimeBetweenPurgingPendingKillObjects:61.1]]
[2020.06.16-09.07.08:987][  0]LogConfig: Setting CVar [[gc.MaxObjectsInEditor:25165824]]
[2020.06.16-09.07.08:987][  0]LogConfig: Setting CVar [[gc.IncrementalBeginDestroyEnabled:1]]
[2020.06.16-09.07.08:987][  0]LogConfig: Setting CVar [[gc.CreateGCClusters:1]]
[2020.06.16-09.07.08:987][  0]LogConfig: Setting CVar [[gc.MinGCClusterSize:5]]
[2020.06.16-09.07.08:987][  0]LogConfig: Setting CVar [[gc.ActorClusteringEnabled:0]]
[2020.06.16-09.07.08:987][  0]LogConfig: Setting CVar [[gc.BlueprintClusteringEnabled:0]]
[2020.06.16-09.07.08:987][  0]LogConfig: Setting CVar [[gc.UseDisregardForGCOnDedicatedServers:0]]
[2020.06.16-09.07.08:987][  0]LogConfig: Applying CVar settings from Section [/Script/Engine.NetworkSettings] File [A:/Users/Geoffrey/Documents/ProjectVrij/Temple-of-the-Ice-Isles/TheTemple/Saved/Config/Windows/Engine.ini]
[2020.06.16-09.07.08:987][  0]LogConfig: Applying CVar settings from Section [/Script/UnrealEd.CookerSettings] File [A:/Users/Geoffrey/Documents/ProjectVrij/Temple-of-the-Ice-Isles/TheTemple/Saved/Config/Windows/Engine.ini]
[2020.06.16-09.07.08:997][  0]LogConfig: Applying CVar settings from Section [ViewDistanceQuality@3] File [A:/Users/Geoffrey/Documents/ProjectVrij/Temple-of-the-Ice-Isles/TheTemple/Saved/Config/Windows/Scalability.ini]
[2020.06.16-09.07.08:997][  0]LogConfig: Setting CVar [[r.SkeletalMeshLODBias:0]]
[2020.06.16-09.07.08:997][  0]LogConfig: Setting CVar [[r.ViewDistanceScale:1.0]]
[2020.06.16-09.07.08:997][  0]LogConfig: Applying CVar settings from Section [AntiAliasingQuality@3] File [A:/Users/Geoffrey/Documents/ProjectVrij/Temple-of-the-Ice-Isles/TheTemple/Saved/Config/Windows/Scalability.ini]
[2020.06.16-09.07.08:997][  0]LogConfig: Setting CVar [[r.PostProcessAAQuality:4]]
[2020.06.16-09.07.08:997][  0]LogConfig: Applying CVar settings from Section [ShadowQuality@3] File [A:/Users/Geoffrey/Documents/ProjectVrij/Temple-of-the-Ice-Isles/TheTemple/Saved/Config/Windows/Scalability.ini]
[2020.06.16-09.07.08:997][  0]LogConfig: Setting CVar [[r.LightFunctionQuality:1]]
[2020.06.16-09.07.08:997][  0]LogConfig: Setting CVar [[r.ShadowQuality:5]]
[2020.06.16-09.07.08:997][  0]LogConfig: Setting CVar [[r.Shadow.CSM.MaxCascades:10]]
[2020.06.16-09.07.08:997][  0]LogConfig: Setting CVar [[r.Shadow.MaxResolution:2048]]
[2020.06.16-09.07.08:997][  0]LogConfig: Setting CVar [[r.Shadow.MaxCSMResolution:2048]]
[2020.06.16-09.07.08:997][  0]LogConfig: Setting CVar [[r.Shadow.RadiusThreshold:0.01]]
[2020.06.16-09.07.08:997][  0]LogConfig: Setting CVar [[r.Shadow.DistanceScale:1.0]]
[2020.06.16-09.07.08:997][  0]LogConfig: Setting CVar [[r.Shadow.CSM.TransitionScale:1.0]]
[2020.06.16-09.07.08:997][  0]LogConfig: Setting CVar [[r.Shadow.PreShadowResolutionFactor:1.0]]
[2020.06.16-09.07.08:997][  0]LogConfig: Setting CVar [[r.DistanceFieldShadowing:1]]
[2020.06.16-09.07.08:997][  0]LogConfig: Setting CVar [[r.DistanceFieldAO:1]]
[2020.06.16-09.07.08:997][  0]LogConfig: Setting CVar [[r.AOQuality:2]]
[2020.06.16-09.07.08:997][  0]LogConfig: Setting CVar [[r.VolumetricFog:1]]
[2020.06.16-09.07.08:997][  0]LogConfig: Setting CVar [[r.VolumetricFog.GridPixelSize:8]]
[2020.06.16-09.07.08:997][  0]LogConfig: Setting CVar [[r.VolumetricFog.GridSizeZ:128]]
[2020.06.16-09.07.08:997][  0]LogConfig: Setting CVar [[r.VolumetricFog.HistoryMissSupersampleCount:4]]
[2020.06.16-09.07.08:997][  0]LogConfig: Setting CVar [[r.LightMaxDrawDistanceScale:1]]
[2020.06.16-09.07.08:997][  0]LogConfig: Setting CVar [[r.CapsuleShadows:1]]
[2020.06.16-09.07.08:998][  0]LogConfig: Applying CVar settings from Section [PostProcessQuality@3] File [A:/Users/Geoffrey/Documents/ProjectVrij/Temple-of-the-Ice-Isles/TheTemple/Saved/Config/Windows/Scalability.ini]
[2020.06.16-09.07.08:998][  0]LogConfig: Setting CVar [[r.MotionBlurQuality:4]]
[2020.06.16-09.07.08:998][  0]LogConfig: Setting CVar [[r.AmbientOcclusionMipLevelFactor:0.4]]
[2020.06.16-09.07.08:998][  0]LogConfig: Setting CVar [[r.AmbientOcclusionMaxQuality:100]]
[2020.06.16-09.07.08:998][  0]LogConfig: Setting CVar [[r.AmbientOcclusionLevels:-1]]
[2020.06.16-09.07.08:998][  0]LogConfig: Setting CVar [[r.AmbientOcclusionRadiusScale:1.0]]
[2020.06.16-09.07.08:998][  0]LogConfig: Setting CVar [[r.DepthOfFieldQuality:2]]
[2020.06.16-09.07.08:998][  0]LogConfig: Setting CVar [[r.RenderTargetPoolMin:400]]
[2020.06.16-09.07.08:998][  0]LogConfig: Setting CVar [[r.LensFlareQuality:2]]
[2020.06.16-09.07.08:998][  0]LogConfig: Setting CVar [[r.SceneColorFringeQuality:1]]
[2020.06.16-09.07.08:998][  0]LogConfig: Setting CVar [[r.EyeAdaptationQuality:2]]
[2020.06.16-09.07.08:998][  0]LogConfig: Setting CVar [[r.BloomQuality:5]]
[2020.06.16-09.07.08:998][  0]LogConfig: Setting CVar [[r.FastBlurThreshold:100]]
[2020.06.16-09.07.08:998][  0]LogConfig: Setting CVar [[r.Upscale.Quality:3]]
[2020.06.16-09.07.08:998][  0]LogConfig: Setting CVar [[r.Tonemapper.GrainQuantization:1]]
[2020.06.16-09.07.08:998][  0]LogConfig: Setting CVar [[r.LightShaftQuality:1]]
[2020.06.16-09.07.08:998][  0]LogConfig: Setting CVar [[r.Filter.SizeScale:1]]
[2020.06.16-09.07.08:998][  0]LogConfig: Setting CVar [[r.Tonemapper.Quality:5]]
[2020.06.16-09.07.08:998][  0]LogConfig: Setting CVar [[r.DOF.Gather.AccumulatorQuality:1        ; higher gathering accumulator quality]]
[2020.06.16-09.07.08:998][  0]LogConfig: Setting CVar [[r.DOF.Gather.PostfilterMethod:1          ; Median3x3 postfilering method]]
[2020.06.16-09.07.08:998][  0]LogConfig: Setting CVar [[r.DOF.Gather.EnableBokehSettings:0       ; no bokeh simulation when gathering]]
[2020.06.16-09.07.08:998][  0]LogConfig: Setting CVar [[r.DOF.Gather.RingCount:4                 ; medium number of samples when gathering]]
[2020.06.16-09.07.08:998][  0]LogConfig: Setting CVar [[r.DOF.Scatter.ForegroundCompositing:1    ; additive foreground scattering]]
[2020.06.16-09.07.08:998][  0]LogConfig: Setting CVar [[r.DOF.Scatter.BackgroundCompositing:2    ; additive background scattering]]
[2020.06.16-09.07.08:998][  0]LogConfig: Setting CVar [[r.DOF.Scatter.EnableBokehSettings:1      ; bokeh simulation when scattering]]
[2020.06.16-09.07.08:998][  0]LogConfig: Setting CVar [[r.DOF.Scatter.MaxSpriteRatio:0.1         ; only a maximum of 10% of scattered bokeh]]
[2020.06.16-09.07.08:998][  0]LogConfig: Setting CVar [[r.DOF.Recombine.Quality:1                ; cheap slight out of focus]]
[2020.06.16-09.07.08:998][  0]LogConfig: Setting CVar [[r.DOF.Recombine.EnableBokehSettings:0    ; no bokeh simulation on slight out of focus]]
[2020.06.16-09.07.08:998][  0]LogConfig: Setting CVar [[r.DOF.TemporalAAQuality:1                ; more stable temporal accumulation]]
[2020.06.16-09.07.08:998][  0]LogConfig: Setting CVar [[r.DOF.Kernel.MaxForegroundRadius:0.025]]
[2020.06.16-09.07.08:998][  0]LogConfig: Setting CVar [[r.DOF.Kernel.MaxBackgroundRadius:0.025]]
[2020.06.16-09.07.08:998][  0]LogConfig: Applying CVar settings from Section [TextureQuality@3] File [A:/Users/Geoffrey/Documents/ProjectVrij/Temple-of-the-Ice-Isles/TheTemple/Saved/Config/Windows/Scalability.ini]
[2020.06.16-09.07.08:999][  0]LogConfig: Setting CVar [[r.Streaming.MipBias:0]]
[2020.06.16-09.07.08:999][  0]LogConfig: Setting CVar [[r.Streaming.AmortizeCPUToGPUCopy:0]]
[2020.06.16-09.07.08:999][  0]LogConfig: Setting CVar [[r.Streaming.MaxNumTexturesToStreamPerFrame:0]]
[2020.06.16-09.07.08:999][  0]LogConfig: Setting CVar [[r.Streaming.Boost:1]]
[2020.06.16-09.07.08:999][  0]LogConfig: Setting CVar [[r.MaxAnisotropy:8]]
[2020.06.16-09.07.08:999][  0]LogConfig: Setting CVar [[r.VT.MaxAnisotropy:8]]
[2020.06.16-09.07.08:999][  0]LogConfig: Setting CVar [[r.Streaming.LimitPoolSizeToVRAM:0]]
[2020.06.16-09.07.08:999][  0]LogConfig: Setting CVar [[r.Streaming.PoolSize:1000]]
[2020.06.16-09.07.08:999][  0]LogConfig: Setting CVar [[r.Streaming.MaxEffectiveScreenSize:0]]
[2020.06.16-09.07.08:999][  0]LogConfig: Applying CVar settings from Section [EffectsQuality@3] File [A:/Users/Geoffrey/Documents/ProjectVrij/Temple-of-the-Ice-Isles/TheTemple/Saved/Config/Windows/Scalability.ini]
[2020.06.16-09.07.08:999][  0]LogConfig: Setting CVar [[r.TranslucencyLightingVolumeDim:64]]
[2020.06.16-09.07.08:999][  0]LogConfig: Setting CVar [[r.RefractionQuality:2]]
[2020.06.16-09.07.08:999][  0]LogConfig: Setting CVar [[r.SSR.Quality:3]]
[2020.06.16-09.07.08:999][  0]LogConfig: Setting CVar [[r.SSR.HalfResSceneColor:0]]
[2020.06.16-09.07.08:999][  0]LogConfig: Setting CVar [[r.SceneColorFormat:4]]
[2020.06.16-09.07.08:999][  0]LogConfig: Setting CVar [[r.DetailMode:2]]
[2020.06.16-09.07.08:999][  0]LogConfig: Setting CVar [[r.TranslucencyVolumeBlur:1]]
[2020.06.16-09.07.08:999][  0]LogConfig: Setting CVar [[r.MaterialQualityLevel:1 ; High quality]]
[2020.06.16-09.07.08:999][  0]LogConfig: Setting CVar [[r.SSS.Scale:1]]
[2020.06.16-09.07.08:999][  0]LogConfig: Setting CVar [[r.SSS.SampleSet:2]]
[2020.06.16-09.07.08:999][  0]LogConfig: Setting CVar [[r.SSS.Quality:1]]
[2020.06.16-09.07.08:999][  0]LogConfig: Setting CVar [[r.SSS.HalfRes:1]]
[2020.06.16-09.07.08:999][  0]LogConfig: Setting CVar [[r.SSGI.Quality:3]]
[2020.06.16-09.07.08:999][  0]LogConfig: Setting CVar [[r.EmitterSpawnRateScale:1.0]]
[2020.06.16-09.07.08:999][  0]LogConfig: Setting CVar [[r.ParticleLightQuality:2]]
[2020.06.16-09.07.08:999][  0]LogConfig: Setting CVar [[r.SkyAtmosphere.AerialPerspectiveLUT.FastApplyOnOpaque:1 ; Always have FastSkyLUT 1 in this case to avoid wrong sky]]
[2020.06.16-09.07.08:999][  0]LogConfig: Setting CVar [[r.SkyAtmosphere.AerialPerspectiveLUT.SampleCountPerSlice:1]]
[2020.06.16-09.07.08:999][  0]LogConfig: Setting CVar [[r.SkyAtmosphere.AerialPerspectiveLUT.DepthResolution:16.0]]
[2020.06.16-09.07.08:999][  0]LogConfig: Setting CVar [[r.SkyAtmosphere.FastSkyLUT:1]]
[2020.06.16-09.07.08:999][  0]LogConfig: Setting CVar [[r.SkyAtmosphere.FastSkyLUT.SampleCountMin:4.0]]
[2020.06.16-09.07.08:999][  0]LogConfig: Setting CVar [[r.SkyAtmosphere.FastSkyLUT.SampleCountMax:32.0]]
[2020.06.16-09.07.08:999][  0]LogConfig: Setting CVar [[r.SkyAtmosphere.SampleCountMin:4.0]]
[2020.06.16-09.07.08:999][  0]LogConfig: Setting CVar [[r.SkyAtmosphere.SampleCountMax:32.0]]
[2020.06.16-09.07.09:000][  0]LogConfig: Setting CVar [[r.SkyAtmosphere.TransmittanceLUT.UseSmallFormat:0]]
[2020.06.16-09.07.09:000][  0]LogConfig: Setting CVar [[r.SkyAtmosphere.TransmittanceLUT.SampleCount:10.0]]
[2020.06.16-09.07.09:000][  0]LogConfig: Setting CVar [[r.SkyAtmosphere.MultiScatteringLUT.SampleCount:15.0]]
[2020.06.16-09.07.09:000][  0]LogConfig: Applying CVar settings from Section [FoliageQuality@3] File [A:/Users/Geoffrey/Documents/ProjectVrij/Temple-of-the-Ice-Isles/TheTemple/Saved/Config/Windows/Scalability.ini]
[2020.06.16-09.07.09:000][  0]LogConfig: Setting CVar [[foliage.DensityScale:1.0]]
[2020.06.16-09.07.09:000][  0]LogConfig: Setting CVar [[grass.DensityScale:1.0]]
[2020.06.16-09.07.09:000][  0]LogConfig: Applying CVar settings from Section [ShadingQuality@3] File [A:/Users/Geoffrey/Documents/ProjectVrij/Temple-of-the-Ice-Isles/TheTemple/Saved/Config/Windows/Scalability.ini]
[2020.06.16-09.07.09:000][  0]LogConfig: Setting CVar [[r.HairStrands.SkyLighting.SampleCount:16]]
[2020.06.16-09.07.09:000][  0]LogConfig: Setting CVar [[r.HairStrands.SkyLighting.JitterIntegration:0]]
[2020.06.16-09.07.09:000][  0]LogConfig: Setting CVar [[r.HairStrands.SkyAO.SampleCount:16]]
[2020.06.16-09.07.09:000][  0]LogInit: Selected Device Profile: [Windows]
[2020.06.16-09.07.09:000][  0]LogInit: Applying CVar settings loaded from the selected device profile: [Windows]
[2020.06.16-09.07.09:004][  0]LogHAL: Display: Platform has ~ 8 GB [8511406080 / 8589934592 / 8], which maps to Default [LargestMinGB=32, LargerMinGB=12, DefaultMinGB=8, SmallerMinGB=6, SmallestMinGB=0)
[2020.06.16-09.07.09:004][  0]LogInit: Going up to parent DeviceProfile []
[2020.06.16-09.07.09:004][  0]LogConfig: Applying CVar settings from Section [ViewDistanceQuality@3] File [A:/Users/Geoffrey/Documents/ProjectVrij/Temple-of-the-Ice-Isles/TheTemple/Saved/Config/Windows/Scalability.ini]
[2020.06.16-09.07.09:004][  0]LogConfig: Setting CVar [[r.SkeletalMeshLODBias:0]]
[2020.06.16-09.07.09:004][  0]LogConfig: Setting CVar [[r.ViewDistanceScale:1.0]]
[2020.06.16-09.07.09:004][  0]LogConfig: Applying CVar settings from Section [AntiAliasingQuality@3] File [A:/Users/Geoffrey/Documents/ProjectVrij/Temple-of-the-Ice-Isles/TheTemple/Saved/Config/Windows/Scalability.ini]
[2020.06.16-09.07.09:004][  0]LogConfig: Setting CVar [[r.PostProcessAAQuality:4]]
[2020.06.16-09.07.09:004][  0]LogConfig: Applying CVar settings from Section [ShadowQuality@3] File [A:/Users/Geoffrey/Documents/ProjectVrij/Temple-of-the-Ice-Isles/TheTemple/Saved/Config/Windows/Scalability.ini]
[2020.06.16-09.07.09:004][  0]LogConfig: Setting CVar [[r.LightFunctionQuality:1]]
[2020.06.16-09.07.09:004][  0]LogConfig: Setting CVar [[r.ShadowQuality:5]]
[2020.06.16-09.07.09:004][  0]LogConfig: Setting CVar [[r.Shadow.CSM.MaxCascades:10]]
[2020.06.16-09.07.09:004][  0]LogConfig: Setting CVar [[r.Shadow.MaxResolution:2048]]
[2020.06.16-09.07.09:004][  0]LogConfig: Setting CVar [[r.Shadow.MaxCSMResolution:2048]]
[2020.06.16-09.07.09:005][  0]LogConfig: Setting CVar [[r.Shadow.RadiusThreshold:0.01]]
[2020.06.16-09.07.09:005][  0]LogConfig: Setting CVar [[r.Shadow.DistanceScale:1.0]]
[2020.06.16-09.07.09:005][  0]LogConfig: Setting CVar [[r.Shadow.CSM.TransitionScale:1.0]]
[2020.06.16-09.07.09:005][  0]LogConfig: Setting CVar [[r.Shadow.PreShadowResolutionFactor:1.0]]
[2020.06.16-09.07.09:005][  0]LogConfig: Setting CVar [[r.DistanceFieldShadowing:1]]
[2020.06.16-09.07.09:005][  0]LogConfig: Setting CVar [[r.DistanceFieldAO:1]]
[2020.06.16-09.07.09:005][  0]LogConfig: Setting CVar [[r.AOQuality:2]]
[2020.06.16-09.07.09:005][  0]LogConfig: Setting CVar [[r.VolumetricFog:1]]
[2020.06.16-09.07.09:005][  0]LogConfig: Setting CVar [[r.VolumetricFog.GridPixelSize:8]]
[2020.06.16-09.07.09:005][  0]LogConfig: Setting CVar [[r.VolumetricFog.GridSizeZ:128]]
[2020.06.16-09.07.09:005][  0]LogConfig: Setting CVar [[r.VolumetricFog.HistoryMissSupersampleCount:4]]
[2020.06.16-09.07.09:005][  0]LogConfig: Setting CVar [[r.LightMaxDrawDistanceScale:1]]
[2020.06.16-09.07.09:005][  0]LogConfig: Setting CVar [[r.CapsuleShadows:1]]
[2020.06.16-09.07.09:005][  0]LogConfig: Applying CVar settings from Section [PostProcessQuality@3] File [A:/Users/Geoffrey/Documents/ProjectVrij/Temple-of-the-Ice-Isles/TheTemple/Saved/Config/Windows/Scalability.ini]
[2020.06.16-09.07.09:005][  0]LogConfig: Setting CVar [[r.MotionBlurQuality:4]]
[2020.06.16-09.07.09:005][  0]LogConfig: Setting CVar [[r.AmbientOcclusionMipLevelFactor:0.4]]
[2020.06.16-09.07.09:005][  0]LogConfig: Setting CVar [[r.AmbientOcclusionMaxQuality:100]]
[2020.06.16-09.07.09:006][  0]LogConfig: Setting CVar [[r.AmbientOcclusionLevels:-1]]
[2020.06.16-09.07.09:006][  0]LogConfig: Setting CVar [[r.AmbientOcclusionRadiusScale:1.0]]
[2020.06.16-09.07.09:006][  0]LogConfig: Setting CVar [[r.DepthOfFieldQuality:2]]
[2020.06.16-09.07.09:006][  0]LogConfig: Setting CVar [[r.RenderTargetPoolMin:400]]
[2020.06.16-09.07.09:006][  0]LogConfig: Setting CVar [[r.LensFlareQuality:2]]
[2020.06.16-09.07.09:006][  0]LogConfig: Setting CVar [[r.SceneColorFringeQuality:1]]
[2020.06.16-09.07.09:006][  0]LogConfig: Setting CVar [[r.EyeAdaptationQuality:2]]
[2020.06.16-09.07.09:006][  0]LogConfig: Setting CVar [[r.BloomQuality:5]]
[2020.06.16-09.07.09:006][  0]LogConfig: Setting CVar [[r.FastBlurThreshold:100]]
[2020.06.16-09.07.09:006][  0]LogConfig: Setting CVar [[r.Upscale.Quality:3]]
[2020.06.16-09.07.09:006][  0]LogConfig: Setting CVar [[r.Tonemapper.GrainQuantization:1]]
[2020.06.16-09.07.09:006][  0]LogConfig: Setting CVar [[r.LightShaftQuality:1]]
[2020.06.16-09.07.09:006][  0]LogConfig: Setting CVar [[r.Filter.SizeScale:1]]
[2020.06.16-09.07.09:006][  0]LogConfig: Setting CVar [[r.Tonemapper.Quality:5]]
[2020.06.16-09.07.09:006][  0]LogConfig: Setting CVar [[r.DOF.Gather.AccumulatorQuality:1        ; higher gathering accumulator quality]]
[2020.06.16-09.07.09:006][  0]LogConfig: Setting CVar [[r.DOF.Gather.PostfilterMethod:1          ; Median3x3 postfilering method]]
[2020.06.16-09.07.09:006][  0]LogConfig: Setting CVar [[r.DOF.Gather.EnableBokehSettings:0       ; no bokeh simulation when gathering]]
[2020.06.16-09.07.09:006][  0]LogConfig: Setting CVar [[r.DOF.Gather.RingCount:4                 ; medium number of samples when gathering]]
[2020.06.16-09.07.09:006][  0]LogConfig: Setting CVar [[r.DOF.Scatter.ForegroundCompositing:1    ; additive foreground scattering]]
[2020.06.16-09.07.09:006][  0]LogConfig: Setting CVar [[r.DOF.Scatter.BackgroundCompositing:2    ; additive background scattering]]
[2020.06.16-09.07.09:006][  0]LogConfig: Setting CVar [[r.DOF.Scatter.EnableBokehSettings:1      ; bokeh simulation when scattering]]
[2020.06.16-09.07.09:006][  0]LogConfig: Setting CVar [[r.DOF.Scatter.MaxSpriteRatio:0.1         ; only a maximum of 10% of scattered bokeh]]
[2020.06.16-09.07.09:006][  0]LogConfig: Setting CVar [[r.DOF.Recombine.Quality:1                ; cheap slight out of focus]]
[2020.06.16-09.07.09:006][  0]LogConfig: Setting CVar [[r.DOF.Recombine.EnableBokehSettings:0    ; no bokeh simulation on slight out of focus]]
[2020.06.16-09.07.09:007][  0]LogConfig: Setting CVar [[r.DOF.TemporalAAQuality:1                ; more stable temporal accumulation]]
[2020.06.16-09.07.09:007][  0]LogConfig: Setting CVar [[r.DOF.Kernel.MaxForegroundRadius:0.025]]
[2020.06.16-09.07.09:007][  0]LogConfig: Setting CVar [[r.DOF.Kernel.MaxBackgroundRadius:0.025]]
[2020.06.16-09.07.09:007][  0]LogConfig: Applying CVar settings from Section [TextureQuality@3] File [A:/Users/Geoffrey/Documents/ProjectVrij/Temple-of-the-Ice-Isles/TheTemple/Saved/Config/Windows/Scalability.ini]
[2020.06.16-09.07.09:007][  0]LogConfig: Setting CVar [[r.Streaming.MipBias:0]]
[2020.06.16-09.07.09:007][  0]LogConfig: Setting CVar [[r.Streaming.AmortizeCPUToGPUCopy:0]]
[2020.06.16-09.07.09:007][  0]LogConfig: Setting CVar [[r.Streaming.MaxNumTexturesToStreamPerFrame:0]]
[2020.06.16-09.07.09:007][  0]LogConfig: Setting CVar [[r.Streaming.Boost:1]]
[2020.06.16-09.07.09:007][  0]LogConfig: Setting CVar [[r.MaxAnisotropy:8]]
[2020.06.16-09.07.09:007][  0]LogConfig: Setting CVar [[r.VT.MaxAnisotropy:8]]
[2020.06.16-09.07.09:007][  0]LogConfig: Setting CVar [[r.Streaming.LimitPoolSizeToVRAM:0]]
[2020.06.16-09.07.09:007][  0]LogConfig: Setting CVar [[r.Streaming.PoolSize:1000]]
[2020.06.16-09.07.09:007][  0]LogConfig: Setting CVar [[r.Streaming.MaxEffectiveScreenSize:0]]
[2020.06.16-09.07.09:007][  0]LogConfig: Applying CVar settings from Section [EffectsQuality@3] File [A:/Users/Geoffrey/Documents/ProjectVrij/Temple-of-the-Ice-Isles/TheTemple/Saved/Config/Windows/Scalability.ini]
[2020.06.16-09.07.09:007][  0]LogConfig: Setting CVar [[r.TranslucencyLightingVolumeDim:64]]
[2020.06.16-09.07.09:007][  0]LogConfig: Setting CVar [[r.RefractionQuality:2]]
[2020.06.16-09.07.09:007][  0]LogConfig: Setting CVar [[r.SSR.Quality:3]]
[2020.06.16-09.07.09:007][  0]LogConfig: Setting CVar [[r.SSR.HalfResSceneColor:0]]
[2020.06.16-09.07.09:007][  0]LogConfig: Setting CVar [[r.SceneColorFormat:4]]
[2020.06.16-09.07.09:007][  0]LogConfig: Setting CVar [[r.DetailMode:2]]
[2020.06.16-09.07.09:007][  0]LogConfig: Setting CVar [[r.TranslucencyVolumeBlur:1]]
[2020.06.16-09.07.09:007][  0]LogConfig: Setting CVar [[r.MaterialQualityLevel:1 ; High quality]]
[2020.06.16-09.07.09:007][  0]LogConfig: Setting CVar [[r.SSS.Scale:1]]
[2020.06.16-09.07.09:007][  0]LogConfig: Setting CVar [[r.SSS.SampleSet:2]]
[2020.06.16-09.07.09:007][  0]LogConfig: Setting CVar [[r.SSS.Quality:1]]
[2020.06.16-09.07.09:007][  0]LogConfig: Setting CVar [[r.SSS.HalfRes:1]]
[2020.06.16-09.07.09:007][  0]LogConfig: Setting CVar [[r.SSGI.Quality:3]]
[2020.06.16-09.07.09:007][  0]LogConfig: Setting CVar [[r.EmitterSpawnRateScale:1.0]]
[2020.06.16-09.07.09:007][  0]LogConfig: Setting CVar [[r.ParticleLightQuality:2]]
[2020.06.16-09.07.09:007][  0]LogConfig: Setting CVar [[r.SkyAtmosphere.AerialPerspectiveLUT.FastApplyOnOpaque:1 ; Always have FastSkyLUT 1 in this case to avoid wrong sky]]
[2020.06.16-09.07.09:007][  0]LogConfig: Setting CVar [[r.SkyAtmosphere.AerialPerspectiveLUT.SampleCountPerSlice:1]]
[2020.06.16-09.07.09:007][  0]LogConfig: Setting CVar [[r.SkyAtmosphere.AerialPerspectiveLUT.DepthResolution:16.0]]
[2020.06.16-09.07.09:008][  0]LogConfig: Setting CVar [[r.SkyAtmosphere.FastSkyLUT:1]]
[2020.06.16-09.07.09:008][  0]LogConfig: Setting CVar [[r.SkyAtmosphere.FastSkyLUT.SampleCountMin:4.0]]
[2020.06.16-09.07.09:008][  0]LogConfig: Setting CVar [[r.SkyAtmosphere.FastSkyLUT.SampleCountMax:32.0]]
[2020.06.16-09.07.09:008][  0]LogConfig: Setting CVar [[r.SkyAtmosphere.SampleCountMin:4.0]]
[2020.06.16-09.07.09:008][  0]LogConfig: Setting CVar [[r.SkyAtmosphere.SampleCountMax:32.0]]
[2020.06.16-09.07.09:008][  0]LogConfig: Setting CVar [[r.SkyAtmosphere.TransmittanceLUT.UseSmallFormat:0]]
[2020.06.16-09.07.09:008][  0]LogConfig: Setting CVar [[r.SkyAtmosphere.TransmittanceLUT.SampleCount:10.0]]
[2020.06.16-09.07.09:008][  0]LogConfig: Setting CVar [[r.SkyAtmosphere.MultiScatteringLUT.SampleCount:15.0]]
[2020.06.16-09.07.09:008][  0]LogConfig: Applying CVar settings from Section [FoliageQuality@3] File [A:/Users/Geoffrey/Documents/ProjectVrij/Temple-of-the-Ice-Isles/TheTemple/Saved/Config/Windows/Scalability.ini]
[2020.06.16-09.07.09:008][  0]LogConfig: Setting CVar [[foliage.DensityScale:1.0]]
[2020.06.16-09.07.09:008][  0]LogConfig: Setting CVar [[grass.DensityScale:1.0]]
[2020.06.16-09.07.09:008][  0]LogConfig: Applying CVar settings from Section [ShadingQuality@3] File [A:/Users/Geoffrey/Documents/ProjectVrij/Temple-of-the-Ice-Isles/TheTemple/Saved/Config/Windows/Scalability.ini]
[2020.06.16-09.07.09:008][  0]LogConfig: Setting CVar [[r.HairStrands.SkyLighting.SampleCount:16]]
[2020.06.16-09.07.09:008][  0]LogConfig: Setting CVar [[r.HairStrands.SkyLighting.JitterIntegration:0]]
[2020.06.16-09.07.09:008][  0]LogConfig: Setting CVar [[r.HairStrands.SkyAO.SampleCount:16]]
[2020.06.16-09.07.09:008][  0]LogConfig: Applying CVar settings from Section [Startup] File [../../../Engine/Config/ConsoleVariables.ini]
[2020.06.16-09.07.09:009][  0]LogConfig: Setting CVar [[net.UseAdaptiveNetUpdateFrequency:0]]
[2020.06.16-09.07.09:009][  0]LogConfig: Setting CVar [[p.chaos.AllowCreatePhysxBodies:1]]
[2020.06.16-09.07.09:009][  0]LogConfig: Applying CVar settings from Section [ConsoleVariables] File [A:/Users/Geoffrey/Documents/ProjectVrij/Temple-of-the-Ice-Isles/TheTemple/Saved/Config/Windows/Engine.ini]
[2020.06.16-09.07.09:009][  0]LogInit: Computer: GEOFFREY-GAMING
[2020.06.16-09.07.09:009][  0]LogInit: User: Geoffrey
[2020.06.16-09.07.09:009][  0]LogInit: CPU Page size=4096, Cores=4
[2020.06.16-09.07.09:009][  0]LogInit: High frequency timer resolution =10.000000 MHz
[2020.06.16-09.07.09:009][  0]LogMemory: Memory total: Physical=7.9GB (8GB approx)
[2020.06.16-09.07.09:009][  0]LogMemory: Platform Memory Stats for Windows
[2020.06.16-09.07.09:009][  0]LogMemory: Process Physical Memory: 109.16 MB used, 109.16 MB peak
[2020.06.16-09.07.09:009][  0]LogMemory: Process Virtual Memory: 103.86 MB used, 103.86 MB peak
[2020.06.16-09.07.09:009][  0]LogMemory: Physical Memory: 7646.84 MB used,  470.27 MB free, 8117.11 MB total
[2020.06.16-09.07.09:009][  0]LogMemory: Virtual Memory: 5128.19 MB used,  134212600.00 MB free, 134217728.00 MB total
[2020.06.16-09.07.09:023][  0]LogWindows: WindowsPlatformFeatures enabled
[2020.06.16-09.07.09:068][  0]LogInit: Using OS detected language (en-US).
[2020.06.16-09.07.09:068][  0]LogInit: Using OS detected locale (en-GB).
[2020.06.16-09.07.09:069][  0]LogTextLocalizationManager: No specific localization for 'en-US' exists, so the 'en' localization will be used.
[2020.06.16-09.07.09:442][  0]LogSlate: New Slate User Created.  User Index 0, Is Virtual User: 0
[2020.06.16-09.07.09:442][  0]LogSlate: Slate User Registered.  User Index 0, Is Virtual User: 0
[2020.06.16-09.07.09:458][  0]LogD3D12RHI: Aftermath initialized
[2020.06.16-09.07.09:458][  0]LogD3D12RHI: Loading WinPixEventRuntime.dll for PIX profiling (from ../../../Engine/Binaries/ThirdParty/Windows/DirectX/x64).
[2020.06.16-09.07.10:030][  0]LogHMD: Failed to initialize OpenVR with code 108
[2020.06.16-09.07.10:168][  0]LogD3D12RHI: Found D3D12 adapter 0: NVIDIA GeForce GTX 970 (Max supported Feature Level 12_1)
[2020.06.16-09.07.10:168][  0]LogD3D12RHI: Adapter has 4043MB of dedicated video memory, 0MB of dedicated system memory, and 4058MB of shared system memory, 2 output[s]
[2020.06.16-09.07.10:190][  0]LogD3D12RHI: Found D3D12 adapter 1: Microsoft Basic Render Driver (Max supported Feature Level 12_1)
[2020.06.16-09.07.10:190][  0]LogD3D12RHI: Adapter has 0MB of dedicated video memory, 0MB of dedicated system memory, and 4058MB of shared system memory, 0 output[s]
[2020.06.16-09.07.10:190][  0]LogD3D12RHI: Forcing D3D12.AsyncDeferredDeletion=0 as a workaround for a deadlock.
[2020.06.16-09.07.10:190][  0]LogD3D12RHI: Chosen D3D12 Adapter Id = 0
[2020.06.16-09.07.10:202][  0]LogD3D12RHI: Emitting draw events for PIX profiling.
[2020.06.16-09.07.10:287][  0]LogD3D12RHI: The system supports ID3D12Device1.
[2020.06.16-09.07.10:287][  0]LogD3D12RHI: The system supports ID3D12Device2.
[2020.06.16-09.07.10:374][  0]LogD3D12RHI: Display: Not using pipeline state disk cache per r.D3D12.PSO.DiskCache=0
[2020.06.16-09.07.10:374][  0]LogD3D12RHI: Display: Not using driver-optimized pipeline state disk cache per r.D3D12.PSO.DriverOptimizedDiskCache=0
[2020.06.16-09.07.10:377][  0]LogD3D12RHI:     GPU DeviceId: 0x13c2 (for the marketing name, search the web for "GPU Device Id")
[2020.06.16-09.07.10:377][  0]LogWindows: EnumDisplayDevices:
[2020.06.16-09.07.10:378][  0]LogWindows:    0. 'NVIDIA GeForce GTX 970' (P:0 D:1)
[2020.06.16-09.07.10:379][  0]LogWindows:    1. 'NVIDIA GeForce GTX 970' (P:1 D:1)
[2020.06.16-09.07.10:379][  0]LogWindows:    2. 'NVIDIA GeForce GTX 970' (P:0 D:0)
[2020.06.16-09.07.10:380][  0]LogWindows:    3. 'NVIDIA GeForce GTX 970' (P:0 D:0)
[2020.06.16-09.07.10:381][  0]LogWindows: DebugString: FoundDriverCount:4 
[2020.06.16-09.07.10:381][  0]LogD3D12RHI:     Adapter Name: NVIDIA GeForce GTX 970
[2020.06.16-09.07.10:381][  0]LogD3D12RHI:   Driver Version: 446.14 (internal:26.21.14.4614, unified:446.14)
[2020.06.16-09.07.10:381][  0]LogD3D12RHI:      Driver Date: 5-15-2020
[2020.06.16-09.07.10:381][  0]LogRHI: Texture pool is 2165 MB (70% of 3093 MB)
[2020.06.16-09.07.10:381][  0]LogD3D12RHI: Async texture creation enabled
[2020.06.16-09.07.10:381][  0]LogD3D12RHI: RHI has support for 64 bit atomics
[2020.06.16-09.07.11:101][  0]LogTargetPlatformManager: Display: Loaded TargetPlatform 'WindowsNoEditor'
[2020.06.16-09.07.11:105][  0]LogTargetPlatformManager: Display: Loaded TargetPlatform 'Windows'
[2020.06.16-09.07.11:114][  0]LogTargetPlatformManager: Display: Loaded TargetPlatform 'WindowsClient'
[2020.06.16-09.07.11:124][  0]LogTargetPlatformManager: Display: Loaded TargetPlatform 'WindowsServer'
[2020.06.16-09.07.11:124][  0]LogTargetPlatformManager: Display: Building Assets For Windows
[2020.06.16-09.07.11:131][  0]LogAudioDebug: Display: Lib vorbis DLL was dynamically loaded.
[2020.06.16-09.07.11:178][  0]LogShaderCompilers: Guid format shader working directory is -24 characters bigger than the processId version (A:/Users/Geoffrey/Documents/ProjectVrij/Temple-of-the-Ice-Isles/TheTemple/Intermediate/Shaders/WorkingDirectory/9372/).
[2020.06.16-09.07.11:178][  0]LogShaderCompilers: Cleaned the shader compiler working directory 'C:/Users/Geoffrey/AppData/Local/Temp/UnrealShaderWorkingDir/47BCF1BD4E59EAEE8BDA94A232B8D531/'.
[2020.06.16-09.07.11:179][  0]LogXGEController: Cannot use XGE Controller as Incredibuild is not installed on this machine.
[2020.06.16-09.07.11:179][  0]LogShaderCompilers: Cannot use XGE Shader Compiler as Incredibuild is not installed on this machine.
[2020.06.16-09.07.11:179][  0]LogShaderCompilers: Display: Using Local Shader Compiler.
[2020.06.16-09.07.12:584][  0]LogDerivedDataCache: Display: Max Cache Size: 512 MB
[2020.06.16-09.07.13:052][  0]LogDerivedDataCache: Loaded boot cache 0.47s 121MB C:/Users/Geoffrey/AppData/Local/UnrealEngine/4.24/DerivedDataCache/Boot.ddc.
[2020.06.16-09.07.13:052][  0]LogDerivedDataCache: Display: Loaded Boot cache: C:/Users/Geoffrey/AppData/Local/UnrealEngine/4.24/DerivedDataCache/Boot.ddc
[2020.06.16-09.07.13:053][  0]LogDerivedDataCache: FDerivedDataBackendGraph:  Pak pak cache file A:/Users/Geoffrey/Documents/ProjectVrij/Temple-of-the-Ice-Isles/TheTemple/DerivedDataCache/DDC.ddp not found, will not use a pak cache.
[2020.06.16-09.07.13:053][  0]LogDerivedDataCache: Unable to find inner node Pak for hierarchical cache Hierarchy.
[2020.06.16-09.07.13:053][  0]LogDerivedDataCache: FDerivedDataBackendGraph:  CompressedPak pak cache file A:/Users/Geoffrey/Documents/ProjectVrij/Temple-of-the-Ice-Isles/TheTemple/DerivedDataCache/Compressed.ddp not found, will not use a pak cache.
[2020.06.16-09.07.13:053][  0]LogDerivedDataCache: Unable to find inner node CompressedPak for hierarchical cache Hierarchy.
[2020.06.16-09.07.13:066][  0]LogDerivedDataCache: Display: Pak cache opened for reading ../../../Engine/DerivedDataCache/Compressed.ddp.
[2020.06.16-09.07.13:066][  0]LogDerivedDataCache: FDerivedDataBackendGraph:  EnterprisePak pak cache file ../../../Enterprise/DerivedDataCache/Compressed.ddp not found, will not use a pak cache.
[2020.06.16-09.07.13:066][  0]LogDerivedDataCache: Unable to find inner node EnterprisePak for hierarchical cache Hierarchy.
[2020.06.16-09.07.13:079][  0]LogDerivedDataCache: Using Local data cache path C:/Users/Geoffrey/AppData/Local/UnrealEngine/Common/DerivedDataCache: Writable
[2020.06.16-09.07.13:079][  0]LogDerivedDataCache: Shared data cache path not found in *engine.ini, will not use an Shared cache.
[2020.06.16-09.07.13:079][  0]LogDerivedDataCache: Unable to find inner node Shared for hierarchical cache Hierarchy.
[2020.06.16-09.07.13:166][  0]LogMaterial: Verifying Global Shaders for PCD3D_SM5
[2020.06.16-09.07.13:172][  0]LogSlate: Using FreeType 2.10.0
[2020.06.16-09.07.13:175][  0]LogSlate: SlateFontServices - WITH_FREETYPE: 1, WITH_HARFBUZZ: 1
[2020.06.16-09.07.13:588][  0]LogInit: Using OS detected language (en-US).
[2020.06.16-09.07.13:588][  0]LogInit: Using OS detected locale (en-GB).
[2020.06.16-09.07.13:588][  0]LogTextLocalizationManager: No localization for 'en-US' exists, so 'en' will be used for the language.
[2020.06.16-09.07.13:588][  0]LogTextLocalizationManager: No localization for 'en-GB' exists, so 'en' will be used for the locale.
[2020.06.16-09.07.13:588][  0]LogSlate: FontCache flush requested. Reason: Culture for localization was changed
[2020.06.16-09.07.13:588][  0]LogSlate: FontCache flush requested. Reason: Culture for localization was changed
[2020.06.16-09.07.13:590][  0]LogTextLocalizationManager: Compacting localization data took   0.01ms
[2020.06.16-09.07.13:596][  0]LogAssetRegistry: FAssetRegistry took 0.0035 seconds to start up
[2020.06.16-09.07.14:322][  0]LogPackageLocalizationCache: Processed 11 localized package path(s) for 1 prioritized culture(s) in 0.036629 seconds
[2020.06.16-09.07.14:502][  0]LogInit: Selected Device Profile: [Windows]
[2020.06.16-09.07.14:836][  0]LogMeshReduction: Using QuadricMeshReduction for automatic static mesh reduction
[2020.06.16-09.07.14:836][  0]LogMeshReduction: Using SimplygonMeshReduction for automatic skeletal mesh reduction
[2020.06.16-09.07.14:836][  0]LogMeshReduction: Using ProxyLODMeshReduction for automatic mesh merging
[2020.06.16-09.07.14:836][  0]LogMeshReduction: No distributed automatic mesh merging module available
[2020.06.16-09.07.14:836][  0]LogMeshMerging: No distributed automatic mesh merging module available
[2020.06.16-09.07.14:867][  0]LogNetVersion: TheTemple 1.0.0, NetCL: 10570792, EngineNetVer: 13, GameNetVer: 0 (Checksum: 885478188)
[2020.06.16-09.07.17:028][  0]LogMoviePlayer: Initializing movie player
[2020.06.16-09.07.17:209][  0]LogFMOD: FFMODStudioModule startup
[2020.06.16-09.07.17:209][  0]LogFMOD:  Lib path = 'A:/Users/Geoffrey/Documents/ProjectVrij/Temple-of-the-Ice-Isles/TheTemple/Plugins/FMODStudio/Binaries'
[2020.06.16-09.07.17:209][  0]LogFMOD: FFMODStudioModule::LoadDll: Loading A:/Users/Geoffrey/Documents/ProjectVrij/Temple-of-the-Ice-Isles/TheTemple/Plugins/FMODStudio/Binaries/Win64/fmodL.dll
[2020.06.16-09.07.17:238][  0]LogFMOD: FFMODStudioModule::LoadDll: Loading A:/Users/Geoffrey/Documents/ProjectVrij/Temple-of-the-Ice-Isles/TheTemple/Plugins/FMODStudio/Binaries/Win64/fmodstudioL.dll
[2020.06.16-09.07.17:531][  0]LogFMOD: Loading strings bank: A:/Users/Geoffrey/Documents/ProjectVrij/Temple-of-the-Ice-Isles/TheTemple/Content/FMOD/Desktop/Master.strings.bank
[2020.06.16-09.07.17:533][  0]LogFMOD: Constructing asset: /Game/FMOD/Events/fst/water/crouch/l
[2020.06.16-09.07.17:535][  0]LogFMOD: Constructing asset: /Game/FMOD/Events/fst/water/walk/r
[2020.06.16-09.07.17:535][  0]LogFMOD: Constructing asset: /Game/FMOD/Events/fst/snow/run/l
[2020.06.16-09.07.17:535][  0]LogFMOD: Constructing asset: /Game/FMOD/Events/fst/snow/crouch/l
[2020.06.16-09.07.17:535][  0]LogFMOD: Constructing asset: /Game/FMOD/Events/vo/neva/ingame/shortrun
[2020.06.16-09.07.17:535][  0]LogFMOD: Constructing asset: /Game/FMOD/Banks/Master
[2020.06.16-09.07.17:535][  0]LogFMOD: Constructing asset: /Game/FMOD/Events/msc/PuzzleSegment
[2020.06.16-09.07.17:535][  0]LogFMOD: Skipping asset: bus:/
[2020.06.16-09.07.17:535][  0]LogFMOD: Constructing asset: /Game/FMOD/Events/amb/temple
[2020.06.16-09.07.17:535][  0]LogFMOD: Constructing asset: /Game/FMOD/Events/ui/Play
[2020.06.16-09.07.17:535][  0]LogFMOD: Constructing asset: /Game/FMOD/Events/fst/water/run/l
[2020.06.16-09.07.17:536][  0]LogFMOD: Constructing asset: /Game/FMOD/Events/fst/sand/jump
[2020.06.16-09.07.17:536][  0]LogFMOD: Constructing asset: /Game/FMOD/Events/int/puzzle
[2020.06.16-09.07.17:536][  0]LogFMOD: Constructing asset: /Game/FMOD/Events/fst/snow/land
[2020.06.16-09.07.17:536][  0]LogFMOD: Constructing asset: /Game/FMOD/Events/fst/water/walk/l
[2020.06.16-09.07.17:536][  0]LogFMOD: Constructing asset: /Game/FMOD/Buses/PlayerSounds
[2020.06.16-09.07.17:536][  0]LogFMOD: Constructing asset: /Game/FMOD/Events/fst/sand/walk/l
[2020.06.16-09.07.17:536][  0]LogFMOD: Constructing asset: /Game/FMOD/Events/vo/neva/voice_lines/VO_Neva_03
[2020.06.16-09.07.17:536][  0]LogFMOD: Constructing asset: /Game/FMOD/Events/vo/neva/voice_lines/VO_Neva_07
[2020.06.16-09.07.17:536][  0]LogFMOD: Constructing asset: /Game/FMOD/Events/fst/snow/walk/r
[2020.06.16-09.07.17:536][  0]LogFMOD: Constructing asset: /Game/FMOD/Events/fst/stone/jump
[2020.06.16-09.07.17:536][  0]LogFMOD: Constructing asset: /Game/FMOD/Events/vo/neva/ingame/effort
[2020.06.16-09.07.17:536][  0]LogFMOD: Constructing asset: /Game/FMOD/Buses/PlayerSounds/Footsteps/Sand
[2020.06.16-09.07.17:536][  0]LogFMOD: Constructing asset: /Game/FMOD/Events/fst/sand/run/r
[2020.06.16-09.07.17:536][  0]LogFMOD: Constructing asset: /Game/FMOD/Events/fst/sand/run/l
[2020.06.16-09.07.17:536][  0]LogFMOD: Constructing asset: /Game/FMOD/Events/fst/stone/land
[2020.06.16-09.07.17:536][  0]LogFMOD: Constructing asset: /Game/FMOD/Banks/Music
[2020.06.16-09.07.17:536][  0]LogFMOD: Constructing asset: /Game/FMOD/Events/amb/main_menu
[2020.06.16-09.07.17:536][  0]LogFMOD: Constructing asset: /Game/FMOD/Events/vo/mimir/VO_Mimir_05
[2020.06.16-09.07.17:537][  0]LogFMOD: Constructing asset: /Game/FMOD/Banks/sfx/amb
[2020.06.16-09.07.17:537][  0]LogFMOD: Constructing asset: /Game/FMOD/Events/fst/stone/run/r
[2020.06.16-09.07.17:537][  0]LogFMOD: Skipping asset: bank:/Master.strings
[2020.06.16-09.07.17:537][  0]LogFMOD: Constructing asset: /Game/FMOD/Events/fst/stone/walk/r
[2020.06.16-09.07.17:537][  0]LogFMOD: Constructing asset: /Game/FMOD/Events/vo/neva/voice_lines/VO_Neva_04
[2020.06.16-09.07.17:537][  0]LogFMOD: Constructing asset: /Game/FMOD/Banks/sfx/int
[2020.06.16-09.07.17:537][  0]LogFMOD: Constructing asset: /Game/FMOD/Events/vo/mimir/VO_Mimir_03
[2020.06.16-09.07.17:537][  0]LogFMOD: Constructing asset: /Game/FMOD/Events/vo/neva/voice_lines/VO_Neva_02
[2020.06.16-09.07.17:537][  0]LogFMOD: Constructing asset: /Game/FMOD/Events/fst/sand/crouch/l
[2020.06.16-09.07.17:537][  0]LogFMOD: Constructing asset: /Game/FMOD/Events/fst/stone/walk/l
[2020.06.16-09.07.17:537][  0]LogFMOD: Constructing asset: /Game/FMOD/Banks/sfx/vo
[2020.06.16-09.07.17:537][  0]LogFMOD: Constructing asset: /Game/FMOD/Events/fst/water/land
[2020.06.16-09.07.17:537][  0]LogFMOD: Constructing asset: /Game/FMOD/Buses/Reverb
[2020.06.16-09.07.17:537][  0]LogFMOD: Constructing asset: /Game/FMOD/Events/fst/stone/crouch/l
[2020.06.16-09.07.17:537][  0]LogFMOD: Constructing asset: /Game/FMOD/Buses/PlayerSounds/Footsteps/Stone
[2020.06.16-09.07.17:537][  0]LogFMOD: Constructing asset: /Game/FMOD/Events/vo/neva/ingame/crateputdown
[2020.06.16-09.07.17:537][  0]LogFMOD: Constructing asset: /Game/FMOD/Events/vo/neva/ingame/cratelift
[2020.06.16-09.07.17:538][  0]LogFMOD: Constructing asset: /Game/FMOD/Events/int/pickup
[2020.06.16-09.07.17:538][  0]LogFMOD: Constructing asset: /Game/FMOD/Events/vo/mimir/VO_Mimir_07
[2020.06.16-09.07.17:538][  0]LogFMOD: Constructing asset: /Game/FMOD/Events/int/placedown
[2020.06.16-09.07.17:538][  0]LogFMOD: Constructing asset: /Game/FMOD/Buses/PlayerSounds/Footsteps/Water
[2020.06.16-09.07.17:538][  0]LogFMOD: Constructing asset: /Game/FMOD/Buses/PlayerSounds/Footsteps
[2020.06.16-09.07.17:538][  0]LogFMOD: Constructing asset: /Game/FMOD/Events/vo/neva/voice_lines/VO_Neva_06
[2020.06.16-09.07.17:538][  0]LogFMOD: Constructing asset: /Game/FMOD/Events/vo/neva/ingame/struggle
[2020.06.16-09.07.17:538][  0]LogFMOD: Constructing asset: /Game/FMOD/Events/vo/mimir/VO_Mimir_04
[2020.06.16-09.07.17:538][  0]LogFMOD: Constructing asset: /Game/FMOD/Events/fst/water/run/r
[2020.06.16-09.07.17:538][  0]LogFMOD: Constructing asset: /Game/FMOD/Events/vo/mimir/VO_Mimir_02
[2020.06.16-09.07.17:538][  0]LogFMOD: Constructing asset: /Game/FMOD/Events/fst/stone/crouch/r
[2020.06.16-09.07.17:538][  0]LogFMOD: Constructing asset: /Game/FMOD/Events/fst/sand/land
[2020.06.16-09.07.17:538][  0]LogFMOD: Constructing asset: /Game/FMOD/Events/vo/neva/ingame/longrun
[2020.06.16-09.07.17:538][  0]LogFMOD: Constructing asset: /Game/FMOD/Events/fst/water/crouch/r
[2020.06.16-09.07.17:538][  0]LogFMOD: Constructing asset: /Game/FMOD/Events/fst/snow/crouch/r
[2020.06.16-09.07.17:538][  0]LogFMOD: Constructing asset: /Game/FMOD/Events/fst/snow/walk/l
[2020.06.16-09.07.17:538][  0]LogFMOD: Constructing asset: /Game/FMOD/Events/int/vision
[2020.06.16-09.07.17:538][  0]LogFMOD: Constructing asset: /Game/FMOD/Events/fst/snow/jump
[2020.06.16-09.07.17:539][  0]LogFMOD: Constructing asset: /Game/FMOD/Events/fst/snow/run/r
[2020.06.16-09.07.17:539][  0]LogFMOD: Constructing asset: /Game/FMOD/Banks/sfx/fst
[2020.06.16-09.07.17:539][  0]LogFMOD: Constructing asset: /Game/FMOD/Events/vo/mimir/VO_Mimir_01
[2020.06.16-09.07.17:539][  0]LogFMOD: Constructing asset: /Game/FMOD/Events/vo/neva/voice_lines/VO_Neva_05
[2020.06.16-09.07.17:539][  0]LogFMOD: Constructing asset: /Game/FMOD/Events/vo/neva/voice_lines/VO_Neva_01
[2020.06.16-09.07.17:539][  0]LogFMOD: Constructing asset: /Game/FMOD/Banks/sfx/ui
[2020.06.16-09.07.17:539][  0]LogFMOD: Constructing asset: /Game/FMOD/Events/fst/sand/walk/r
[2020.06.16-09.07.17:539][  0]LogFMOD: Constructing asset: /Game/FMOD/Buses/PlayerSounds/Footsteps/Snow
[2020.06.16-09.07.17:539][  0]LogFMOD: Constructing asset: /Game/FMOD/Events/fst/stone/run/l
[2020.06.16-09.07.17:539][  0]LogFMOD: Constructing asset: /Game/FMOD/Events/fst/sand/crouch/r
[2020.06.16-09.07.17:539][  0]LogFMOD: Constructing asset: /Game/FMOD/Events/int/templedoor
[2020.06.16-09.07.17:539][  0]LogFMOD: Constructing asset: /Game/FMOD/Events/int/eye_cutout
[2020.06.16-09.07.17:539][  0]LogFMOD: Constructing asset: /Game/FMOD/Events/fst/water/jump
[2020.06.16-09.07.17:539][  0]LogFMOD: Constructing asset: /Game/FMOD/Events/vo/mimir/VO_Mimir_06
[2020.06.16-09.07.17:549][  0]LogFMOD: Creating runtime Studio System
[2020.06.16-09.07.17:563][  0]LogFMOD: Default sample rate = 48000
[2020.06.16-09.07.17:563][  0]LogFMOD: System sample rate = 48000
[2020.06.16-09.07.17:563][  0]LogFMOD: Matching system sample rate 48000
[2020.06.16-09.07.17:653][  0]LogFMOD: Loading Banks
[2020.06.16-09.07.17:653][  0]LogFMOD: Loading bank: A:/Users/Geoffrey/Documents/ProjectVrij/Temple-of-the-Ice-Isles/TheTemple/Content/FMOD/Desktop/amb.bank
[2020.06.16-09.07.17:653][  0]LogFMOD: Loading bank: A:/Users/Geoffrey/Documents/ProjectVrij/Temple-of-the-Ice-Isles/TheTemple/Content/FMOD/Desktop/fst.bank
[2020.06.16-09.07.17:653][  0]LogFMOD: Loading bank: A:/Users/Geoffrey/Documents/ProjectVrij/Temple-of-the-Ice-Isles/TheTemple/Content/FMOD/Desktop/int.bank
[2020.06.16-09.07.17:653][  0]LogFMOD: Loading bank: A:/Users/Geoffrey/Documents/ProjectVrij/Temple-of-the-Ice-Isles/TheTemple/Content/FMOD/Desktop/music.bank
[2020.06.16-09.07.17:653][  0]LogFMOD: Loading bank: A:/Users/Geoffrey/Documents/ProjectVrij/Temple-of-the-Ice-Isles/TheTemple/Content/FMOD/Desktop/ui.bank
[2020.06.16-09.07.17:653][  0]LogFMOD: Loading bank: A:/Users/Geoffrey/Documents/ProjectVrij/Temple-of-the-Ice-Isles/TheTemple/Content/FMOD/Desktop/vo.bank
[2020.06.16-09.07.17:842][  0]SourceControl: Source control is disabled
[2020.06.16-09.07.17:842][  0]SourceControl: Source control is disabled
[2020.06.16-09.07.17:846][  0]SourceControl: Source control is disabled
[2020.06.16-09.07.17:954][  0]LogAndroidPermission: UAndroidPermissionCallbackProxy::GetInstance
[2020.06.16-09.07.17:970][  0]LogAudioCaptureCore: Display: No Audio Capture implementations found. Audio input will be silent.
[2020.06.16-09.07.17:970][  0]LogAudioCaptureCore: Display: No Audio Capture implementations found. Audio input will be silent.
[2020.06.16-09.07.18:090][  0]LogOcInput: OculusInput pre-init called
[2020.06.16-09.07.18:108][  0]LogUObjectArray: 53102 objects as part of root set at end of initial load.
[2020.06.16-09.07.18:108][  0]LogUObjectAllocator: 9402184 out of 0 bytes used by permanent object pool.
[2020.06.16-09.07.18:108][  0]LogUObjectArray: CloseDisregardForGC: 0/0 objects in disregard for GC pool
[2020.06.16-09.07.18:264][  0]LogEngine: Initializing Engine...
[2020.06.16-09.07.18:676][  0]LogHMD: Failed to initialize OpenVR with code 108
[2020.06.16-09.07.18:681][  0]LogStats: UGameplayTagsManager::InitializeManager -  0.001 s
[2020.06.16-09.07.19:419][  0]LogInit: Initializing FReadOnlyCVARCache
[2020.06.16-09.07.19:432][  0]LogAudioMixer: Display: Audio Mixer Platform Settings:
[2020.06.16-09.07.19:432][  0]LogAudioMixer: Display: 	Sample Rate:						  48000
[2020.06.16-09.07.19:432][  0]LogAudioMixer: Display: 	Callback Buffer Frame Size Requested: 1024
[2020.06.16-09.07.19:432][  0]LogAudioMixer: Display: 	Callback Buffer Frame Size To Use:	  1024
[2020.06.16-09.07.19:432][  0]LogAudioMixer: Display: 	Number of buffers to queue:			  2
[2020.06.16-09.07.19:432][  0]LogAudioMixer: Display: 	Max Channels (voices):				  32
[2020.06.16-09.07.19:432][  0]LogAudioMixer: Display: 	Number of Async Source Workers:		  0
[2020.06.16-09.07.19:432][  0]LogAudio: Display: AudioDevice MaxSources: 32
[2020.06.16-09.07.19:433][  0]LogAudio: Display: Using built-in audio occlusion.
[2020.06.16-09.07.19:433][  0]LogAudioMixer: Display: Initializing audio mixer.
[2020.06.16-09.07.19:453][  0]LogAudioMixer: Display: Audio Device Output Speaker Info:
[2020.06.16-09.07.19:453][  0]LogAudioMixer: Display: Name: Headset Earphone (Razer Kraken 7.1 V2)
[2020.06.16-09.07.19:453][  0]LogAudioMixer: Display: Is Default: Yes
[2020.06.16-09.07.19:453][  0]LogAudioMixer: Display: Sample Rate: 48000
[2020.06.16-09.07.19:453][  0]LogAudioMixer: Display: Channel Count Used: 2
[2020.06.16-09.07.19:453][  0]LogAudioMixer: Display: Device Channel Count: 2
[2020.06.16-09.07.19:453][  0]LogAudioMixer: Display: Channel Order:
[2020.06.16-09.07.19:453][  0]LogAudioMixer: Display: 0: FrontLeft
[2020.06.16-09.07.19:453][  0]LogAudioMixer: Display: 1: FrontRight
[2020.06.16-09.07.19:558][  0]LogAudioMixer: Display: Using Audio Device Headset Earphone (Razer Kraken 7.1 V2)
[2020.06.16-09.07.19:582][  0]LogInit: FAudioDevice initialized.
[2020.06.16-09.07.19:597][  0]LogNetVersion: Set ProjectVersion to 1.0.0.0. Version Checksum will be recalculated on next use.
[2020.06.16-09.07.20:352][  0]LogAudioMixer: Display: Audio Buffer Underrun detected.
[2020.06.16-09.07.20:354][  0]LogDerivedDataCache: Saved boot cache 0.75s 121MB C:/Users/Geoffrey/AppData/Local/UnrealEngine/4.24/DerivedDataCache/Boot.ddc.
[2020.06.16-09.07.20:420][  0]LogInit: Texture streaming: Enabled
[2020.06.16-09.07.20:773][  0]LogSlate: Updating window title bar state: overlay mode, drag disabled, window buttons hidden, title bar hidden
[2020.06.16-09.07.20:773][  0]LogInit: Display: Game Engine Initialized.
[2020.06.16-09.07.20:823][  0]LogInit: Display: Starting Game.
[2020.06.16-09.07.20:824][  0]LogNet: Browse: /Game/Maps/Environmentlevel?Name=Player
[2020.06.16-09.07.20:825][  0]LogLoad: LoadMap: /Game/Maps/Environmentlevel?Name=Player
[2020.06.16-09.07.20:825][  0]LogWorld: BeginTearingDown for /Temp/Untitled_0
[2020.06.16-09.07.20:826][  0]LogWorld: UWorld::CleanupWorld for Untitled, bSessionEnded=true, bCleanupResources=true
[2020.06.16-09.07.20:827][  0]LogSlate: InvalidateAllWidgets triggered.  All widgets were invalidated
[2020.06.16-09.07.20:853][  0]LogAudioMixer: Display: No commands were queued while flushing the source manager.
[2020.06.16-09.07.20:856][  0]LogUObjectHash: Compacting FUObjectHashTables data took   2.52ms
[2020.06.16-09.07.21:399][  0]LogUObjectGlobals: Warning: Failed to load '/Game/ExampleContent/BlueprintFluidSurface/Height0': Can't find file.
[2020.06.16-09.07.21:400][  0]LogUObjectGlobals: Warning: Failed to load '/Game/ExampleContent/BlueprintFluidSurface/Height0': Can't find file.
[2020.06.16-09.07.21:400][  0]LogUObjectGlobals: Warning: Failed to find object 'Object /Game/ExampleContent/BlueprintFluidSurface/Height0.Height0'
[2020.06.16-09.07.21:400][  0]LogUObjectGlobals: Warning: Failed to load '/Game/ExampleContent/BlueprintFluidSurface/Height2': Can't find file.
[2020.06.16-09.07.21:401][  0]LogUObjectGlobals: Warning: Failed to load '/Game/ExampleContent/BlueprintFluidSurface/Height2': Can't find file.
[2020.06.16-09.07.21:401][  0]LogUObjectGlobals: Warning: Failed to find object 'Object /Game/ExampleContent/BlueprintFluidSurface/Height2.Height2'
[2020.06.16-09.07.21:401][  0]LogUObjectGlobals: Warning: Failed to load '/Game/ExampleContent/BlueprintFluidSurface/Height1': Can't find file.
[2020.06.16-09.07.21:401][  0]LogUObjectGlobals: Warning: Failed to load '/Game/ExampleContent/BlueprintFluidSurface/Height1': Can't find file.
[2020.06.16-09.07.21:401][  0]LogUObjectGlobals: Warning: Failed to find object 'Object /Game/ExampleContent/BlueprintFluidSurface/Height1.Height1'
[2020.06.16-09.07.21:834][  0]LogUObjectGlobals: Warning: While loading 'A:/Users/Geoffrey/Documents/ProjectVrij/Temple-of-the-Ice-Isles/TheTemple/Content/StarterContent/Materials/M_Water_Lake.uasset' failed to load '/Game/StarterContent/Textures/T_Water_N': Can't find file.
[2020.06.16-09.07.21:834][  0]LogUObjectGlobals: Warning: While loading 'A:/Users/Geoffrey/Documents/ProjectVrij/Temple-of-the-Ice-Isles/TheTemple/Content/StarterContent/Materials/M_Water_Lake.uasset' failed to load '/Game/StarterContent/Textures/T_Water_N': Can't find file.
[2020.06.16-09.07.21:834][  0]LogUObjectGlobals: Warning: While loading 'A:/Users/Geoffrey/Documents/ProjectVrij/Temple-of-the-Ice-Isles/TheTemple/Content/StarterContent/Materials/M_Water_Lake.uasset' failed to load '/Game/StarterContent/Textures/T_Water_N': Can't find file.
[2020.06.16-09.07.21:834][  0]LogUObjectGlobals: Warning: While loading 'A:/Users/Geoffrey/Documents/ProjectVrij/Temple-of-the-Ice-Isles/TheTemple/Content/StarterContent/Materials/M_Water_Lake.uasset' failed to load '/Game/StarterContent/Textures/T_Water_N': Can't find file.
[2020.06.16-09.07.21:835][  0]LogUObjectGlobals: Warning: While loading 'A:/Users/Geoffrey/Documents/ProjectVrij/Temple-of-the-Ice-Isles/TheTemple/Content/StarterContent/Materials/M_Water_Lake.uasset' failed to load '/Game/StarterContent/Textures/T_Water_N': Can't find file.
[2020.06.16-09.07.21:835][  0]LogUObjectGlobals: Warning: While loading 'A:/Users/Geoffrey/Documents/ProjectVrij/Temple-of-the-Ice-Isles/TheTemple/Content/StarterContent/Materials/M_Water_Lake.uasset' failed to load '/Game/StarterContent/Textures/T_Water_N': Can't find file.
[2020.06.16-09.07.21:835][  0]LogUObjectGlobals: Warning: While loading 'A:/Users/Geoffrey/Documents/ProjectVrij/Temple-of-the-Ice-Isles/TheTemple/Content/StarterContent/Materials/M_Water_Lake.uasset' failed to load '/Game/StarterContent/Textures/T_Water_N': Can't find file.
[2020.06.16-09.07.21:835][  0]LogUObjectGlobals: Warning: While loading 'A:/Users/Geoffrey/Documents/ProjectVrij/Temple-of-the-Ice-Isles/TheTemple/Content/StarterContent/Materials/M_Water_Lake.uasset' failed to load '/Game/StarterContent/Textures/T_Water_N': Can't find file.
[2020.06.16-09.07.21:835][  0]LogUObjectGlobals: Warning: While loading 'A:/Users/Geoffrey/Documents/ProjectVrij/Temple-of-the-Ice-Isles/TheTemple/Content/StarterContent/Materials/M_Water_Lake.uasset' failed to load '/Game/StarterContent/Textures/T_Water_N': Can't find file.
[2020.06.16-09.07.21:835][  0]LogUObjectGlobals: Warning: While loading 'A:/Users/Geoffrey/Documents/ProjectVrij/Temple-of-the-Ice-Isles/TheTemple/Content/StarterContent/Materials/M_Water_Lake.uasset' failed to load '/Game/StarterContent/Textures/T_Water_N': Can't find file.
[2020.06.16-09.07.21:835][  0]LogUObjectGlobals: Warning: While loading 'A:/Users/Geoffrey/Documents/ProjectVrij/Temple-of-the-Ice-Isles/TheTemple/Content/StarterContent/Materials/M_Water_Lake.uasset' failed to load '/Game/StarterContent/Textures/T_Perlin_Noise_M': Can't find file.
[2020.06.16-09.07.21:836][  0]LogUObjectGlobals: Warning: While loading 'A:/Users/Geoffrey/Documents/ProjectVrij/Temple-of-the-Ice-Isles/TheTemple/Content/StarterContent/Materials/M_Water_Lake.uasset' failed to load '/Game/StarterContent/Textures/T_Perlin_Noise_M': Can't find file.
[2020.06.16-09.07.21:836][  0]LogUObjectGlobals: Warning: While loading 'A:/Users/Geoffrey/Documents/ProjectVrij/Temple-of-the-Ice-Isles/TheTemple/Content/StarterContent/Materials/M_Water_Lake.uasset' failed to load '/Game/StarterContent/Textures/T_Water_N': Can't find file.
[2020.06.16-09.07.21:836][  0]LogUObjectGlobals: Warning: While loading 'A:/Users/Geoffrey/Documents/ProjectVrij/Temple-of-the-Ice-Isles/TheTemple/Content/StarterContent/Materials/M_Water_Lake.uasset' failed to load '/Game/StarterContent/Textures/T_Water_N': Can't find file.
[2020.06.16-09.07.23:137][  0]LogMaterial: Display: Missing cached shader map for material M_Water_Lake, compiling. 
[2020.06.16-09.07.23:141][  0]LogMaterial: Warning: A:\Users\Geoffrey\Documents\ProjectVrij\Temple-of-the-Ice-Isles\TheTemple\Content\StarterContent\Materials\M_Water_Lake.uasset: Failed to compile Material for platform PCD3D_SM5, Default Material will be used in game.
[2020.06.16-09.07.23:141][  0]LogMaterial: Display: 	(Node TextureSample) Texture Sample> Missing input texture
[2020.06.16-09.07.23:587][  0]LogBlueprint: Warning: USimpleConstructionScript::FixupRootNodeParentReferences() - Couldn't find native parent component 'Sprite' for 'Box' in BlueprintGeneratedClass 'CutscenePlayer_C' (it may have been removed)
[2020.06.16-09.07.23:680][  0]LogAIModule: Creating AISystem for world Environmentlevel
[2020.06.16-09.07.23:681][  0]LogLoad: Game class is 'MyGameMode_C'
[2020.06.16-09.07.23:697][  0]LogPhysics: Warning: Scale for /Game/Maps/Environmentlevel.Environmentlevel:PersistentLevel.SM_Cave_Rock_Large01_REDO8_105.StaticMeshComponent0 has a component set to zero, which will result in a bad body instance. Scale:X=0.500 Y=0.000 Z=0.500
[2020.06.16-09.07.23:697][  0]LogPhysics: Warning: PopulatePhysXGeometryAndTransform(Convex): ConvexElem has invalid transform
[2020.06.16-09.07.23:697][  0]LogPhysics: Warning: ForeachShape(Convex): ScaledElem[0] invalid
[2020.06.16-09.07.23:697][  0]LogPhysics: Warning: PopulatePhysXGeometryAndTransform(Convex): ConvexElem has invalid transform
[2020.06.16-09.07.23:697][  0]LogPhysics: Warning: ForeachShape(Convex): ScaledElem[1] invalid
[2020.06.16-09.07.23:697][  0]LogPhysics: Warning: PopulatePhysXGeometryAndTransform(Convex): ConvexElem has invalid transform
[2020.06.16-09.07.23:697][  0]LogPhysics: Warning: ForeachShape(Convex): ScaledElem[2] invalid
[2020.06.16-09.07.23:697][  0]LogPhysics: Warning: PopulatePhysXGeometryAndTransform(Convex): ConvexElem has invalid transform
[2020.06.16-09.07.23:697][  0]LogPhysics: Warning: ForeachShape(Convex): ScaledElem[3] invalid
[2020.06.16-09.07.23:762][  0]LogWorld: Bringing World /Game/Maps/Environmentlevel.Environmentlevel up for play (max tick rate 0) at 2020.06.16-11.07.23
[2020.06.16-09.07.23:766][  0]LogUObjectGlobals: Warning: Failed to load '/Game/Blueprints/Test/TestLevelSequence': Can't find file.
[2020.06.16-09.07.23:767][  0]LogUObjectGlobals: Warning: Failed to load '/Game/Blueprints/Test/TestLevelSequence': Can't find file.
[2020.06.16-09.07.23:767][  0]LogUObjectGlobals: Warning: Failed to find object 'Object /Game/Blueprints/Test/TestLevelSequence.TestLevelSequence'
[2020.06.16-09.07.23:797][  0]LogWorld: Bringing up level for play took: 0.114476
[2020.06.16-09.07.23:839][  0]LogLoad: Took 3.013896 seconds to LoadMap(/Game/Maps/Environmentlevel)
[2020.06.16-09.07.24:017][  0]LogSlate: Took 0.000916 seconds to synchronously load lazily loaded font '../../../Engine/Content/Slate/Fonts/Roboto-Regular.ttf' (155K)
[2020.06.16-09.07.24:236][  0]LogRenderer: Reallocating scene render targets to support 1024x1024 Format 10 NumSamples 1 (Frame:1).
[2020.06.16-09.07.24:236][  0]LogRenderer: Reallocating scene render targets to support 1280x1024 Format 10 NumSamples 1 (Frame:1).
[2020.06.16-09.07.24:236][  0]LogLoad: (Engine Initialization) Total time: 21.15 seconds
[2020.06.16-09.07.24:236][  0]LogLoad: (Engine Initialization) Total Blueprint compile time: 0.00 seconds
[2020.06.16-09.07.24:395][  0]LogRenderer: Reallocating scene render targets to support 2560x1080 Format 10 NumSamples 1 (Frame:1).
[2020.06.16-09.07.25:689][  0]LogContentStreaming: Texture pool size now 1000 MB
[2020.06.16-09.07.25:783][  0]LogSlate: InvalidateAllWidgets triggered.  All widgets were invalidated
[2020.06.16-09.07.26:094][  1]LogScript: Warning: Accessed None trying to read property isRotating
	StoneTabletRotation_C /Game/Maps/Environmentlevel.Environmentlevel:PersistentLevel.Stonetablet-Piece5_5.StoneTabletRotation
	Function /Game/Blueprints/StoneTabletRotation.StoneTabletRotation_C:ExecuteUbergraph_StoneTabletRotation:00E2
[2020.06.16-09.07.26:094][  1]LogScript: Warning: Script call stack:
	Function /Game/Blueprints/StoneTabletRotation.StoneTabletRotation_C:ReceiveTick
	Function /Game/Blueprints/StoneTabletRotation.StoneTabletRotation_C:ExecuteUbergraph_StoneTabletRotation

[2020.06.16-09.07.26:095][  1]LogScript: Warning: Accessed None trying to read property StoneTablet
	StoneTabletRotation_C /Game/Maps/Environmentlevel.Environmentlevel:PersistentLevel.Stonetablet.StoneTabletRotation
	Function /Game/Blueprints/StoneTabletRotation.StoneTabletRotation_C:ExecuteUbergraph_StoneTabletRotation:001E
[2020.06.16-09.07.26:095][  1]LogScript: Warning: Script call stack:
	Function /Game/Blueprints/StoneTabletRotation.StoneTabletRotation_C:ReceiveTick
	Function /Game/Blueprints/StoneTabletRotation.StoneTabletRotation_C:ExecuteUbergraph_StoneTabletRotation

[2020.06.16-09.07.26:095][  1]LogScript: Warning: Accessed None trying to read property CallFunc_K2_GetRootComponent_ReturnValue
	StoneTabletRotation_C /Game/Maps/Environmentlevel.Environmentlevel:PersistentLevel.Stonetablet.StoneTabletRotation
	Function /Game/Blueprints/StoneTabletRotation.StoneTabletRotation_C:ExecuteUbergraph_StoneTabletRotation:0050
[2020.06.16-09.07.26:095][  1]LogScript: Warning: Script call stack:
	Function /Game/Blueprints/StoneTabletRotation.StoneTabletRotation_C:ReceiveTick
	Function /Game/Blueprints/StoneTabletRotation.StoneTabletRotation_C:ExecuteUbergraph_StoneTabletRotation

[2020.06.16-09.07.26:097][  1]LogSlate: Took 0.000816 seconds to synchronously load lazily loaded font '../../../Engine/Content/Slate/Fonts/Roboto-Regular.ttf' (155K)
[2020.06.16-09.07.26:105][  2]LogScript: Warning: Accessed None trying to read property isRotating
	StoneTabletRotation_C /Game/Maps/Environmentlevel.Environmentlevel:PersistentLevel.Stonetablet-Piece5_5.StoneTabletRotation
	Function /Game/Blueprints/StoneTabletRotation.StoneTabletRotation_C:ExecuteUbergraph_StoneTabletRotation:00E2
[2020.06.16-09.07.26:105][  2]LogScript: Warning: Script call stack:
	Function /Game/Blueprints/StoneTabletRotation.StoneTabletRotation_C:ReceiveTick
	Function /Game/Blueprints/StoneTabletRotation.StoneTabletRotation_C:ExecuteUbergraph_StoneTabletRotation

[2020.06.16-09.07.26:105][  2]LogScript: Warning: Accessed None trying to read property StoneTablet
	StoneTabletRotation_C /Game/Maps/Environmentlevel.Environmentlevel:PersistentLevel.Stonetablet.StoneTabletRotation
	Function /Game/Blueprints/StoneTabletRotation.StoneTabletRotation_C:ExecuteUbergraph_StoneTabletRotation:001E
[2020.06.16-09.07.26:105][  2]LogScript: Warning: Script call stack:
	Function /Game/Blueprints/StoneTabletRotation.StoneTabletRotation_C:ReceiveTick
	Function /Game/Blueprints/StoneTabletRotation.StoneTabletRotation_C:ExecuteUbergraph_StoneTabletRotation

[2020.06.16-09.07.26:105][  2]LogScript: Warning: Accessed None trying to read property CallFunc_K2_GetRootComponent_ReturnValue
	StoneTabletRotation_C /Game/Maps/Environmentlevel.Environmentlevel:PersistentLevel.Stonetablet.StoneTabletRotation
	Function /Game/Blueprints/StoneTabletRotation.StoneTabletRotation_C:ExecuteUbergraph_StoneTabletRotation:0050
[2020.06.16-09.07.26:105][  2]LogScript: Warning: Script call stack:
	Function /Game/Blueprints/StoneTabletRotation.StoneTabletRotation_C:ReceiveTick
	Function /Game/Blueprints/StoneTabletRotation.StoneTabletRotation_C:ExecuteUbergraph_StoneTabletRotation

[2020.06.16-09.07.26:274][  3]LogScript: Warning: Accessed None trying to read property isRotating
	StoneTabletRotation_C /Game/Maps/Environmentlevel.Environmentlevel:PersistentLevel.Stonetablet-Piece5_5.StoneTabletRotation
	Function /Game/Blueprints/StoneTabletRotation.StoneTabletRotation_C:ExecuteUbergraph_StoneTabletRotation:00E2
[2020.06.16-09.07.26:275][  3]LogScript: Warning: Script call stack:
	Function /Game/Blueprints/StoneTabletRotation.StoneTabletRotation_C:ReceiveTick
	Function /Game/Blueprints/StoneTabletRotation.StoneTabletRotation_C:ExecuteUbergraph_StoneTabletRotation

[2020.06.16-09.07.26:281][  3]LogScript: Warning: Accessed None trying to read property StoneTablet
	StoneTabletRotation_C /Game/Maps/Environmentlevel.Environmentlevel:PersistentLevel.Stonetablet.StoneTabletRotation
	Function /Game/Blueprints/StoneTabletRotation.StoneTabletRotation_C:ExecuteUbergraph_StoneTabletRotation:001E
[2020.06.16-09.07.26:281][  3]LogScript: Warning: Script call stack:
	Function /Game/Blueprints/StoneTabletRotation.StoneTabletRotation_C:ReceiveTick
	Function /Game/Blueprints/StoneTabletRotation.StoneTabletRotation_C:ExecuteUbergraph_StoneTabletRotation

[2020.06.16-09.07.26:281][  3]LogScript: Warning: Accessed None trying to read property CallFunc_K2_GetRootComponent_ReturnValue
	StoneTabletRotation_C /Game/Maps/Environmentlevel.Environmentlevel:PersistentLevel.Stonetablet.StoneTabletRotation
	Function /Game/Blueprints/StoneTabletRotation.StoneTabletRotation_C:ExecuteUbergraph_StoneTabletRotation:0050
[2020.06.16-09.07.26:281][  3]LogScript: Warning: Script call stack:
	Function /Game/Blueprints/StoneTabletRotation.StoneTabletRotation_C:ReceiveTick
	Function /Game/Blueprints/StoneTabletRotation.StoneTabletRotation_C:ExecuteUbergraph_StoneTabletRotation

[2020.06.16-09.07.26:325][  4]LogScript: Warning: Accessed None trying to read property isRotating
	StoneTabletRotation_C /Game/Maps/Environmentlevel.Environmentlevel:PersistentLevel.Stonetablet-Piece5_5.StoneTabletRotation
	Function /Game/Blueprints/StoneTabletRotation.StoneTabletRotation_C:ExecuteUbergraph_StoneTabletRotation:00E2
[2020.06.16-09.07.26:325][  4]LogScript: Warning: Script call stack:
	Function /Game/Blueprints/StoneTabletRotation.StoneTabletRotation_C:ReceiveTick
	Function /Game/Blueprints/StoneTabletRotation.StoneTabletRotation_C:ExecuteUbergraph_StoneTabletRotation

[2020.06.16-09.07.26:326][  4]LogScript: Warning: Accessed None trying to read property StoneTablet
	StoneTabletRotation_C /Game/Maps/Environmentlevel.Environmentlevel:PersistentLevel.Stonetablet.StoneTabletRotation
	Function /Game/Blueprints/StoneTabletRotation.StoneTabletRotation_C:ExecuteUbergraph_StoneTabletRotation:001E
[2020.06.16-09.07.26:326][  4]LogScript: Warning: Script call stack:
	Function /Game/Blueprints/StoneTabletRotation.StoneTabletRotation_C:ReceiveTick
	Function /Game/Blueprints/StoneTabletRotation.StoneTabletRotation_C:ExecuteUbergraph_StoneTabletRotation

[2020.06.16-09.07.26:326][  4]LogScript: Warning: Accessed None trying to read property CallFunc_K2_GetRootComponent_ReturnValue
	StoneTabletRotation_C /Game/Maps/Environmentlevel.Environmentlevel:PersistentLevel.Stonetablet.StoneTabletRotation
	Function /Game/Blueprints/StoneTabletRotation.StoneTabletRotation_C:ExecuteUbergraph_StoneTabletRotation:0050
[2020.06.16-09.07.26:326][  4]LogScript: Warning: Script call stack:
	Function /Game/Blueprints/StoneTabletRotation.StoneTabletRotation_C:ReceiveTick
	Function /Game/Blueprints/StoneTabletRotation.StoneTabletRotation_C:ExecuteUbergraph_StoneTabletRotation

[2020.06.16-09.07.26:414][  5]LogScript: Warning: Accessed None trying to read property isRotating
	StoneTabletRotation_C /Game/Maps/Environmentlevel.Environmentlevel:PersistentLevel.Stonetablet-Piece5_5.StoneTabletRotation
	Function /Game/Blueprints/StoneTabletRotation.StoneTabletRotation_C:ExecuteUbergraph_StoneTabletRotation:00E2
[2020.06.16-09.07.26:415][  5]LogScript: Warning: Script call stack:
	Function /Game/Blueprints/StoneTabletRotation.StoneTabletRotation_C:ReceiveTick
	Function /Game/Blueprints/StoneTabletRotation.StoneTabletRotation_C:ExecuteUbergraph_StoneTabletRotation

[2020.06.16-09.07.26:415][  5]LogScript: Warning: Accessed None trying to read property StoneTablet
	StoneTabletRotation_C /Game/Maps/Environmentlevel.Environmentlevel:PersistentLevel.Stonetablet.StoneTabletRotation
	Function /Game/Blueprints/StoneTabletRotation.StoneTabletRotation_C:ExecuteUbergraph_StoneTabletRotation:001E
[2020.06.16-09.07.26:415][  5]LogScript: Warning: Script call stack:
	Function /Game/Blueprints/StoneTabletRotation.StoneTabletRotation_C:ReceiveTick
	Function /Game/Blueprints/StoneTabletRotation.StoneTabletRotation_C:ExecuteUbergraph_StoneTabletRotation

[2020.06.16-09.07.26:416][  5]LogScript: Warning: Accessed None trying to read property CallFunc_K2_GetRootComponent_ReturnValue
	StoneTabletRotation_C /Game/Maps/Environmentlevel.Environmentlevel:PersistentLevel.Stonetablet.StoneTabletRotation
	Function /Game/Blueprints/StoneTabletRotation.StoneTabletRotation_C:ExecuteUbergraph_StoneTabletRotation:0050
[2020.06.16-09.07.26:416][  5]LogScript: Warning: Script call stack:
	Function /Game/Blueprints/StoneTabletRotation.StoneTabletRotation_C:ReceiveTick
	Function /Game/Blueprints/StoneTabletRotation.StoneTabletRotation_C:ExecuteUbergraph_StoneTabletRotation

[2020.06.16-09.07.26:437][  6]LogScript: Warning: Accessed None trying to read property isRotating
	StoneTabletRotation_C /Game/Maps/Environmentlevel.Environmentlevel:PersistentLevel.Stonetablet-Piece5_5.StoneTabletRotation
	Function /Game/Blueprints/StoneTabletRotation.StoneTabletRotation_C:ExecuteUbergraph_StoneTabletRotation:00E2
[2020.06.16-09.07.26:437][  6]LogScript: Warning: Script call stack:
	Function /Game/Blueprints/StoneTabletRotation.StoneTabletRotation_C:ReceiveTick
	Function /Game/Blueprints/StoneTabletRotation.StoneTabletRotation_C:ExecuteUbergraph_StoneTabletRotation

[2020.06.16-09.07.26:438][  6]LogScript: Warning: Accessed None trying to read property StoneTablet
	StoneTabletRotation_C /Game/Maps/Environmentlevel.Environmentlevel:PersistentLevel.Stonetablet.StoneTabletRotation
	Function /Game/Blueprints/StoneTabletRotation.StoneTabletRotation_C:ExecuteUbergraph_StoneTabletRotation:001E
[2020.06.16-09.07.26:438][  6]LogScript: Warning: Script call stack:
	Function /Game/Blueprints/StoneTabletRotation.StoneTabletRotation_C:ReceiveTick
	Function /Game/Blueprints/StoneTabletRotation.StoneTabletRotation_C:ExecuteUbergraph_StoneTabletRotation

[2020.06.16-09.07.27:741][ 49]LogD3D12RHI: Warning: OnlineHeap RollOver Detected. Increase the heap size to prevent creation of additional heaps
[2020.06.16-09.07.28:467][ 72]LogScript: Warning: Accessed None trying to read property CallFunc_K2_GetRootComponent_ReturnValue
	CrawlSpaces_C /Game/Maps/Environmentlevel.Environmentlevel:PersistentLevel.CrawlSpace
	Function /Game/Blueprints/CrawlSpaces.CrawlSpaces_C:ExecuteUbergraph_CrawlSpaces:00BE
[2020.06.16-09.07.28:467][ 72]LogScript: Warning: Script call stack:
	Function /Game/Blueprints/CrawlSpaces.CrawlSpaces_C:ReceiveActorBeginOverlap
	Function /Game/Blueprints/CrawlSpaces.CrawlSpaces_C:ExecuteUbergraph_CrawlSpaces

[2020.06.16-09.07.28:467][ 72]LogScript: Warning: Accessed None trying to read property CallFunc_K2_GetRootComponent_ReturnValue
	CrawlSpaces_C /Game/Maps/Environmentlevel.Environmentlevel:PersistentLevel.CrawlSpace
	Function /Game/Blueprints/CrawlSpaces.CrawlSpaces_C:ExecuteUbergraph_CrawlSpaces:00BE
[2020.06.16-09.07.28:467][ 72]LogScript: Warning: Script call stack:
	Function /Game/Blueprints/CrawlSpaces.CrawlSpaces_C:ReceiveActorBeginOverlap
	Function /Game/Blueprints/CrawlSpaces.CrawlSpaces_C:ExecuteUbergraph_CrawlSpaces

[2020.06.16-09.07.28:467][ 72]LogBlueprintUserMessages: [CrawlSpace] Done
[2020.06.16-09.08.20:817][216]LogWindows: Windows GetLastError: The operation completed successfully. (0)
[2020.06.16-09.08.24:335][216]LogOutputDevice: Warning: 

Script Stack (0 frames):

[2020.06.16-09.08.24:335][216]LogWindows: Windows GetLastError: The operation completed successfully. (0)
[2020.06.16-09.08.24:337][216]LogWindows: Error: === Critical error: ===
[2020.06.16-09.08.24:337][216]LogWindows: Error: 
[2020.06.16-09.08.24:337][216]LogWindows: Error: Fatal error: [File:D:/Build/++UE4/Sync/Engine/Source/Runtime/RenderCore/Private/RenderingThread.cpp] [Line: 853] 
[2020.06.16-09.08.24:337][216]LogWindows: Error: Rendering thread exception:
[2020.06.16-09.08.24:337][216]LogWindows: Error: Assertion failed: LockedData.bLocked == false [File:D:/Build/++UE4/Sync/Engine/Source/Runtime/D3D12RHI/Private/D3D12Buffer.cpp] [Line: 289] 
[2020.06.16-09.08.24:337][216]LogWindows: Error: 
[2020.06.16-09.08.24:337][216]LogWindows: Error: 
[2020.06.16-09.08.24:338][216]LogWindows: Error: 
[2020.06.16-09.08.24:338][216]LogWindows: Error: [Callstack] 0x00007ffb9d51a799 KERNELBASE.dll!UnknownFunction []
[2020.06.16-09.08.24:338][216]LogWindows: Error: [Callstack] 0x00007ffb21f7a7b6 UE4Editor-Core.dll!UnknownFunction []
[2020.06.16-09.08.24:338][216]LogWindows: Error: [Callstack] 0x00007ffb21f7dc58 UE4Editor-Core.dll!UnknownFunction []
[2020.06.16-09.08.24:338][216]LogWindows: Error: [Callstack] 0x00007ffb21d32c7d UE4Editor-Core.dll!UnknownFunction []
[2020.06.16-09.08.24:338][216]LogWindows: Error: [Callstack] 0x00007ffb21cbfd43 UE4Editor-Core.dll!UnknownFunction []
[2020.06.16-09.08.24:338][216]LogWindows: Error: [Callstack] 0x00007ffb21cc20c0 UE4Editor-Core.dll!UnknownFunction []
[2020.06.16-09.08.24:338][216]LogWindows: Error: [Callstack] 0x00007ffafe492df4 UE4Editor-D3D12RHI.dll!UnknownFunction []
[2020.06.16-09.08.24:338][216]LogWindows: Error: [Callstack] 0x00007ffb06ed8f20 UE4Editor-Renderer.dll!UnknownFunction []
[2020.06.16-09.08.24:338][216]LogWindows: Error: [Callstack] 0x00007ffb070adcb0 UE4Editor-Renderer.dll!UnknownFunction []
[2020.06.16-09.08.24:338][216]LogWindows: Error: [Callstack] 0x00007ffb070f2ab0 UE4Editor-Renderer.dll!UnknownFunction []
[2020.06.16-09.08.24:338][216]LogWindows: Error: [Callstack] 0x00007ffb0c7d5656 UE4Editor-Engine.dll!UnknownFunction []
[2020.06.16-09.08.24:338][216]LogWindows: Error: [Callstack] 0x00007ffb0c79a999 UE4Editor-Engine.dll!UnknownFunction []
[2020.06.16-09.08.24:338][216]LogWindows: Error: [Callstack] 0x00007ffb4400776d UE4Editor-RenderCore.dll!UnknownFunction []
[2020.06.16-09.08.24:338][216]LogWindows: Error: [Callstack] 0x00007ffb440470c6 UE4Editor-RenderCore.dll!UnknownFunction []
[2020.06.16-09.08.24:338][216]LogWindows: Error: [Callstack] 0x00007ffb21b09ff2 UE4Editor-Core.dll!UnknownFunction []
[2020.06.16-09.08.24:338][216]LogWindows: Error: [Callstack] 0x00007ffb21b0a393 UE4Editor-Core.dll!UnknownFunction []
[2020.06.16-09.08.24:338][216]LogWindows: Error: [Callstack] 0x00007ffb44085391 UE4Editor-RenderCore.dll!UnknownFunction []
[2020.06.16-09.08.24:338][216]LogWindows: Error: [Callstack] 0x00007ffb4408e254 UE4Editor-RenderCore.dll!UnknownFunction []
[2020.06.16-09.08.24:338][216]LogWindows: Error: [Callstack] 0x00007ffb21f832ef UE4Editor-Core.dll!UnknownFunction []
[2020.06.16-09.08.24:339][216]LogWindows: Error: [Callstack] 0x00007ffb21f82f94 UE4Editor-Core.dll!UnknownFunction []
[2020.06.16-09.08.24:339][216]LogWindows: Error: [Callstack] 0x00007ffb9f477bd4 KERNEL32.DLL!UnknownFunction []
[2020.06.16-09.08.24:339][216]LogWindows: Error: [Callstack] 0x00007ffba046ce51 ntdll.dll!UnknownFunction []
[2020.06.16-09.08.24:339][216]LogWindows: Error: 
[2020.06.16-09.08.24:339][216]LogWindows: Error: 
[2020.06.16-09.08.24:339][216]LogWindows: Error: 
[2020.06.16-09.08.24:339][216]LogWindows: Error: 
[2020.06.16-09.08.24:526][216]LogExit: Executing StaticShutdownAfterError
[2020.06.16-09.08.24:866][216]LogWindows: FPlatformMisc::RequestExit(1)
[2020.06.16-09.08.24:866][216]LogCore: Engine exit requested (reason: Win RequestExit)
[2020.06.16-09.08.25:067][216]Log file closed, 06/16/20 11:08:25
