Log file open, 04/16/20 10:38:58
LogWindows: Failed to load 'aqProf.dll' (GetLastError=126)
LogWindows: File 'aqProf.dll' does not exist
LogWindows: Failed to load 'VtuneApi.dll' (GetLastError=126)
LogWindows: File 'VtuneApi.dll' does not exist
LogWindows: Failed to load 'VtuneApi32e.dll' (GetLastError=126)
LogWindows: File 'VtuneApi32e.dll' does not exist
LogConsoleResponse: Display: Failed to find resolution value strings in scalability ini. Falling back to default.
LogInit: Display: Running engine for game: TheTemple
LogPlatformFile: Not using cached read wrapper
LogTaskGraph: Started task graph with 5 named threads and 23 total threads with 3 sets of task threads.
LogStats: Stats thread started at 0.079699
LogD3D11RHI: Loaded GFSDK_Aftermath_Lib.x64.dll
LogICUInternationalization: ICU TimeZone Detection - Raw Offset: +1:00, Platform Override: ''
LogPluginManager: Mounting plugin Paper2D
LogPluginManager: Mounting plugin AISupport
LogPluginManager: Mounting plugin LightPropagationVolume
LogPluginManager: Mounting plugin ActorLayerUtilities
LogPluginManager: Mounting plugin AnimationSharing
LogPluginManager: Mounting plugin CLionSourceCodeAccess
LogPluginManager: Mounting plugin CodeLiteSourceCodeAccess
LogPluginManager: Mounting plugin GitSourceControl
LogPluginManager: Mounting plugin KDevelopSourceCodeAccess
LogPluginManager: Mounting plugin NullSourceCodeAccess
LogPluginManager: Mounting plugin PerforceSourceControl
LogPluginManager: Mounting plugin PlasticSourceControl
LogPluginManager: Mounting plugin SubversionSourceControl
LogPluginManager: Mounting plugin UObjectPlugin
LogPluginManager: Mounting plugin VisualStudioCodeSourceCodeAccess
LogPluginManager: Mounting plugin VisualStudioSourceCodeAccess
LogPluginManager: Mounting plugin XCodeSourceCodeAccess
LogPluginManager: Mounting plugin AssetManagerEditor
LogPluginManager: Mounting plugin CryptoKeys
LogPluginManager: Mounting plugin CurveEditorTools
LogPluginManager: Mounting plugin DataValidation
LogPluginManager: Mounting plugin FacialAnimation
LogPluginManager: Mounting plugin GameplayTagsEditor
LogPluginManager: Mounting plugin MacGraphicsSwitching
LogPluginManager: Mounting plugin MaterialAnalyzer
LogPluginManager: Mounting plugin MobileLauncherProfileWizard
LogPluginManager: Mounting plugin PluginBrowser
LogPluginManager: Mounting plugin SpeedTreeImporter
LogPluginManager: Mounting plugin DatasmithContent
LogPluginManager: Mounting plugin VariantManagerContent
LogPluginManager: Mounting plugin AlembicImporter
LogPluginManager: Mounting plugin AutomationUtils
LogPluginManager: Mounting plugin BackChannel
LogPluginManager: Mounting plugin CharacterAI
LogPluginManager: Mounting plugin GeometryCache
LogPluginManager: Mounting plugin PlatformCrypto
LogPluginManager: Mounting plugin ProxyLODPlugin
LogPluginManager: Mounting plugin SkeletalReduction
LogPluginManager: Mounting plugin MagicLeap
LogPluginManager: Mounting plugin MagicLeapMedia
LogPluginManager: Mounting plugin MLSDK
LogPluginManager: Mounting plugin AndroidMedia
LogPluginManager: Mounting plugin AvfMedia
LogPluginManager: Mounting plugin ImgMedia
LogPluginManager: Mounting plugin MediaCompositing
LogPluginManager: Mounting plugin MediaPlayerEditor
LogPluginManager: Mounting plugin WebMMedia
LogPluginManager: Mounting plugin WmfMedia
LogPluginManager: Mounting plugin TcpMessaging
LogPluginManager: Mounting plugin UdpMessaging
LogPluginManager: Mounting plugin ActorSequence
LogPluginManager: Mounting plugin LevelSequenceEditor
LogPluginManager: Mounting plugin MatineeToLevelSequence
LogPluginManager: Mounting plugin NetcodeUnitTest
LogPluginManager: Mounting plugin NUTUnrealEngine4
LogPluginManager: Mounting plugin OnlineSubsystemGooglePlay
LogPluginManager: Mounting plugin OnlineSubsystemIOS
LogPluginManager: Mounting plugin OnlineSubsystem
LogPluginManager: Mounting plugin OnlineSubsystemNull
LogPluginManager: Mounting plugin OnlineSubsystemUtils
LogPluginManager: Mounting plugin LauncherChunkInstaller
LogPluginManager: Mounting plugin AndroidDeviceProfileSelector
LogPluginManager: Mounting plugin AndroidMoviePlayer
LogPluginManager: Mounting plugin AndroidPermission
LogPluginManager: Mounting plugin AppleImageUtils
LogPluginManager: Mounting plugin AppleMoviePlayer
LogPluginManager: Mounting plugin ArchVisCharacter
LogPluginManager: Mounting plugin AssetTags
LogPluginManager: Mounting plugin AudioCapture
LogPluginManager: Mounting plugin CableComponent
LogPluginManager: Mounting plugin CustomMeshComponent
LogPluginManager: Mounting plugin EditableMesh
LogPluginManager: Mounting plugin ExampleDeviceProfileSelector
LogPluginManager: Mounting plugin GoogleCloudMessaging
LogPluginManager: Mounting plugin IOSDeviceProfileSelector
LogPluginManager: Mounting plugin LinuxDeviceProfileSelector
LogPluginManager: Mounting plugin LocationServicesBPLibrary
LogPluginManager: Mounting plugin MobilePatchingUtils
LogPluginManager: Mounting plugin OculusVR
LogPluginManager: Mounting plugin PhysXVehicles
LogPluginManager: Mounting plugin PostSplashScreen
LogPluginManager: Mounting plugin ProceduralMeshComponent
LogPluginManager: Mounting plugin RuntimePhysXCooking
LogPluginManager: Mounting plugin SignificanceManager
LogPluginManager: Mounting plugin SteamVR
LogPluginManager: Mounting plugin WebMMoviePlayer
LogPluginManager: Mounting plugin WindowsMoviePlayer
LogPluginManager: Mounting plugin ScreenshotTools
LogInit: Using libcurl 7.55.1-DEV
LogInit:  - built for x86_64-pc-win32
LogInit:  - supports SSL with OpenSSL/1.1.1
LogInit:  - supports HTTP deflate (compression) using libz 1.2.8
LogInit:  - other features:
LogInit:      CURL_VERSION_SSL
LogInit:      CURL_VERSION_LIBZ
LogInit:      CURL_VERSION_IPV6
LogInit:      CURL_VERSION_ASYNCHDNS
LogInit:      CURL_VERSION_LARGEFILE
LogInit:      CURL_VERSION_IDN
LogInit:  CurlRequestOptions (configurable via config and command line):
LogInit:  - bVerifyPeer = true  - Libcurl will verify peer certificate
LogInit:  - bUseHttpProxy = false  - Libcurl will NOT use HTTP proxy
LogInit:  - bDontReuseConnections = false  - Libcurl will reuse connections
LogInit:  - MaxHostConnections = 16  - Libcurl will limit the number of connections to a host
LogInit:  - LocalHostAddr = Default
LogInit:  - BufferSize = 65536
LogOnline: OSS: Creating online subsystem instance for: NULL
LogInit: WinSock: version 1.1 (2.2), MaxSocks=32767, MaxUdp=65467
LogOnline: OSS: TryLoadSubsystemAndSetDefault: Loaded subsystem for module [NULL]
LogInit: Build: ++UE4+Release-4.24-CL-11590370
LogInit: Engine Version: 4.24.3-11590370+++UE4+Release-4.24
LogInit: Compatible Engine Version: 4.24.0-10570792+++UE4+Release-4.24
LogInit: Net CL: 10570792
LogInit: OS: Windows 10 (Release 1903) (), CPU: Intel(R) Core(TM) i7-8550U CPU @ 1.80GHz, GPU: Intel(R) UHD Graphics 620
LogInit: Compiled (64-bit): Feb 24 2020 15:39:18
LogInit: Compiled with Visual C++: 19.16.27032.01
LogInit: Build Configuration: Development
LogInit: Branch Name: ++UE4+Release-4.24
LogInit: Command Line: 
LogInit: Base Directory: C:/Users/manou/Downloads/Games/UE_4.24/Engine/Binaries/Win64/
LogInit: Installed Engine Build: 1
LogDevObjectVersion: Number of dev versions registered: 25
LogDevObjectVersion:   Dev-Blueprints (B0D832E4-1F89-4F0D-ACCF-7EB736FD4AA2): 10
LogDevObjectVersion:   Dev-Build (E1C64328-A22C-4D53-A36C-8E866417BD8C): 0
LogDevObjectVersion:   Dev-Core (375EC13C-06E4-48FB-B500-84F0262A717E): 3
LogDevObjectVersion:   Dev-Editor (E4B068ED-F494-42E9-A231-DA0B2E46BB41): 37
LogDevObjectVersion:   Dev-Framework (CFFC743F-43B0-4480-9391-14DF171D2073): 36
LogDevObjectVersion:   Dev-Mobile (B02B49B5-BB20-44E9-A304-32B752E40360): 2
LogDevObjectVersion:   Dev-Networking (A4E4105C-59A1-49B5-A7C5-40C4547EDFEE): 0
LogDevObjectVersion:   Dev-Online (39C831C9-5AE6-47DC-9A44-9C173E1C8E7C): 0
LogDevObjectVersion:   Dev-Physics (78F01B33-EBEA-4F98-B9B4-84EACCB95AA2): 2
LogDevObjectVersion:   Dev-Platform (6631380F-2D4D-43E0-8009-CF276956A95A): 0
LogDevObjectVersion:   Dev-Rendering (12F88B9F-8875-4AFC-A67C-D90C383ABD29): 36
LogDevObjectVersion:   Dev-Sequencer (7B5AE74C-D270-4C10-A958-57980B212A5A): 11
LogDevObjectVersion:   Dev-VR (D7296918-1DD6-4BDD-9DE2-64A83CC13884): 2
LogDevObjectVersion:   Dev-LoadTimes (C2A15278-BFE7-4AFE-6C17-90FF531DF755): 1
LogDevObjectVersion:   Private-Geometry (6EACA3D4-40EC-4CC1-B786-8BED09428FC5): 3
LogDevObjectVersion:   Dev-AnimPhys (29E575DD-E0A3-4627-9D10-D276232CDCEA): 17
LogDevObjectVersion:   Dev-Anim (AF43A65D-7FD3-4947-9873-3E8ED9C1BB05): 2
LogDevObjectVersion:   Dev-ReflectionCapture (6B266CEC-1EC7-4B8F-A30B-E4D90942FC07): 1
LogDevObjectVersion:   Dev-Automation (0DF73D61-A23F-47EA-B727-89E90C41499A): 1
LogDevObjectVersion:   FortniteMain (601D1886-AC64-4F84-AA16-D3DE0DEAC7D6): 31
LogDevObjectVersion:   Dev-Enterprise (9DFFBCD6-494F-0158-E221-12823C92A888): 8
LogDevObjectVersion:   Dev-Niagara (F2AED0AC-9AFE-416F-8664-AA7FFA26D6FC): 1
LogDevObjectVersion:   Dev-Destruction (174F1F0B-B4C6-45A5-B13F-2EE8D0FB917D): 9
LogDevObjectVersion:   Dev-Physics-Ext (35F94A83-E258-406C-A318-09F59610247C): 8
LogDevObjectVersion:   Dev-CineCamera (B2E18506-4273-CFC2-A54E-F4BB758BBA07): 1
LogInit: Presizing for max 25165824 objects, including 0 objects not considered by GC, pre-allocating 0 bytes for permanent pool.
LogInit: Object subsystem initialized
LogConfig: Setting CVar [[con.DebugEarlyDefault:1]]
LogConfig: Setting CVar [[r.setres:1280x720]]
[2020.04.16-08.38.59:204][  0]LogConfig: Setting CVar [[r.VSync:0]]
[2020.04.16-08.38.59:204][  0]LogConfig: Setting CVar [[r.RHICmdBypass:0]]
[2020.04.16-08.38.59:204][  0]LogConfig: Applying CVar settings from Section [/Script/Engine.RendererSettings] File [C:/Users/manou/OneDrive/Documenten/1. HKU/Jaar 2/Blok 4/Project Vrij ll/SourceTree Temple/TheTemple/Saved/Config/Windows/Engine.ini]
[2020.04.16-08.38.59:204][  0]LogConfig: Setting CVar [[r.GPUCrashDebugging:0]]
[2020.04.16-08.38.59:204][  0]LogConfig: Setting CVar [[r.SkinCache.CompileShaders:1]]
[2020.04.16-08.38.59:204][  0]LogConfig: Setting CVar [[r.RayTracing:1]]
[2020.04.16-08.38.59:204][  0]LogConfig: Applying CVar settings from Section [/Script/Engine.RendererOverrideSettings] File [C:/Users/manou/OneDrive/Documenten/1. HKU/Jaar 2/Blok 4/Project Vrij ll/SourceTree Temple/TheTemple/Saved/Config/Windows/Engine.ini]
[2020.04.16-08.38.59:204][  0]LogConfig: Applying CVar settings from Section [/Script/Engine.StreamingSettings] File [C:/Users/manou/OneDrive/Documenten/1. HKU/Jaar 2/Blok 4/Project Vrij ll/SourceTree Temple/TheTemple/Saved/Config/Windows/Engine.ini]
[2020.04.16-08.38.59:204][  0]LogConfig: Setting CVar [[s.MinBulkDataSizeForAsyncLoading:131072]]
[2020.04.16-08.38.59:204][  0]LogConfig: Setting CVar [[s.AsyncLoadingThreadEnabled:0]]
[2020.04.16-08.38.59:204][  0]LogConfig: Setting CVar [[s.EventDrivenLoaderEnabled:1]]
[2020.04.16-08.38.59:204][  0]LogConfig: Setting CVar [[s.WarnIfTimeLimitExceeded:0]]
[2020.04.16-08.38.59:204][  0]LogConfig: Setting CVar [[s.TimeLimitExceededMultiplier:1.5]]
[2020.04.16-08.38.59:204][  0]LogConfig: Setting CVar [[s.TimeLimitExceededMinTime:0.005]]
[2020.04.16-08.38.59:204][  0]LogConfig: Setting CVar [[s.UseBackgroundLevelStreaming:1]]
[2020.04.16-08.38.59:204][  0]LogConfig: Setting CVar [[s.PriorityAsyncLoadingExtraTime:15.0]]
[2020.04.16-08.38.59:205][  0]LogConfig: Setting CVar [[s.LevelStreamingActorsUpdateTimeLimit:5.0]]
[2020.04.16-08.38.59:205][  0]LogConfig: Setting CVar [[s.PriorityLevelStreamingActorsUpdateExtraTime:5.0]]
[2020.04.16-08.38.59:205][  0]LogConfig: Setting CVar [[s.LevelStreamingComponentsRegistrationGranularity:10]]
[2020.04.16-08.38.59:205][  0]LogConfig: Setting CVar [[s.UnregisterComponentsTimeLimit:1.0]]
[2020.04.16-08.38.59:205][  0]LogConfig: Setting CVar [[s.LevelStreamingComponentsUnregistrationGranularity:5]]
[2020.04.16-08.38.59:205][  0]LogConfig: Setting CVar [[s.FlushStreamingOnExit:1]]
[2020.04.16-08.38.59:205][  0]LogConfig: Applying CVar settings from Section [/Script/Engine.GarbageCollectionSettings] File [C:/Users/manou/OneDrive/Documenten/1. HKU/Jaar 2/Blok 4/Project Vrij ll/SourceTree Temple/TheTemple/Saved/Config/Windows/Engine.ini]
[2020.04.16-08.38.59:205][  0]LogConfig: Setting CVar [[gc.MaxObjectsNotConsideredByGC:1]]
[2020.04.16-08.38.59:205][  0]LogConfig: Setting CVar [[gc.SizeOfPermanentObjectPool:0]]
[2020.04.16-08.38.59:205][  0]LogConfig: Setting CVar [[gc.FlushStreamingOnGC:0]]
[2020.04.16-08.38.59:205][  0]LogConfig: Setting CVar [[gc.NumRetriesBeforeForcingGC:10]]
[2020.04.16-08.38.59:205][  0]LogConfig: Setting CVar [[gc.AllowParallelGC:1]]
[2020.04.16-08.38.59:205][  0]LogConfig: Setting CVar [[gc.TimeBetweenPurgingPendingKillObjects:61.1]]
[2020.04.16-08.38.59:205][  0]LogConfig: Setting CVar [[gc.MaxObjectsInEditor:25165824]]
[2020.04.16-08.38.59:205][  0]LogConfig: Setting CVar [[gc.IncrementalBeginDestroyEnabled:1]]
[2020.04.16-08.38.59:205][  0]LogConfig: Setting CVar [[gc.CreateGCClusters:1]]
[2020.04.16-08.38.59:205][  0]LogConfig: Setting CVar [[gc.MinGCClusterSize:5]]
[2020.04.16-08.38.59:205][  0]LogConfig: Setting CVar [[gc.ActorClusteringEnabled:0]]
[2020.04.16-08.38.59:205][  0]LogConfig: Setting CVar [[gc.BlueprintClusteringEnabled:0]]
[2020.04.16-08.38.59:205][  0]LogConfig: Setting CVar [[gc.UseDisregardForGCOnDedicatedServers:0]]
[2020.04.16-08.38.59:205][  0]LogConfig: Applying CVar settings from Section [/Script/Engine.NetworkSettings] File [C:/Users/manou/OneDrive/Documenten/1. HKU/Jaar 2/Blok 4/Project Vrij ll/SourceTree Temple/TheTemple/Saved/Config/Windows/Engine.ini]
[2020.04.16-08.38.59:205][  0]LogConfig: Applying CVar settings from Section [/Script/UnrealEd.CookerSettings] File [C:/Users/manou/OneDrive/Documenten/1. HKU/Jaar 2/Blok 4/Project Vrij ll/SourceTree Temple/TheTemple/Saved/Config/Windows/Engine.ini]
[2020.04.16-08.38.59:208][  0]LogConfig: Applying CVar settings from Section [ViewDistanceQuality@3] File [C:/Users/manou/OneDrive/Documenten/1. HKU/Jaar 2/Blok 4/Project Vrij ll/SourceTree Temple/TheTemple/Saved/Config/Windows/Scalability.ini]
[2020.04.16-08.38.59:208][  0]LogConfig: Setting CVar [[r.SkeletalMeshLODBias:0]]
[2020.04.16-08.38.59:208][  0]LogConfig: Setting CVar [[r.ViewDistanceScale:1.0]]
[2020.04.16-08.38.59:208][  0]LogConfig: Applying CVar settings from Section [AntiAliasingQuality@3] File [C:/Users/manou/OneDrive/Documenten/1. HKU/Jaar 2/Blok 4/Project Vrij ll/SourceTree Temple/TheTemple/Saved/Config/Windows/Scalability.ini]
[2020.04.16-08.38.59:208][  0]LogConfig: Setting CVar [[r.PostProcessAAQuality:4]]
[2020.04.16-08.38.59:208][  0]LogConfig: Applying CVar settings from Section [ShadowQuality@3] File [C:/Users/manou/OneDrive/Documenten/1. HKU/Jaar 2/Blok 4/Project Vrij ll/SourceTree Temple/TheTemple/Saved/Config/Windows/Scalability.ini]
[2020.04.16-08.38.59:208][  0]LogConfig: Setting CVar [[r.LightFunctionQuality:1]]
[2020.04.16-08.38.59:208][  0]LogConfig: Setting CVar [[r.ShadowQuality:5]]
[2020.04.16-08.38.59:208][  0]LogConfig: Setting CVar [[r.Shadow.CSM.MaxCascades:10]]
[2020.04.16-08.38.59:208][  0]LogConfig: Setting CVar [[r.Shadow.MaxResolution:2048]]
[2020.04.16-08.38.59:208][  0]LogConfig: Setting CVar [[r.Shadow.MaxCSMResolution:2048]]
[2020.04.16-08.38.59:208][  0]LogConfig: Setting CVar [[r.Shadow.RadiusThreshold:0.01]]
[2020.04.16-08.38.59:208][  0]LogConfig: Setting CVar [[r.Shadow.DistanceScale:1.0]]
[2020.04.16-08.38.59:208][  0]LogConfig: Setting CVar [[r.Shadow.CSM.TransitionScale:1.0]]
[2020.04.16-08.38.59:208][  0]LogConfig: Setting CVar [[r.Shadow.PreShadowResolutionFactor:1.0]]
[2020.04.16-08.38.59:208][  0]LogConfig: Setting CVar [[r.DistanceFieldShadowing:1]]
[2020.04.16-08.38.59:208][  0]LogConfig: Setting CVar [[r.DistanceFieldAO:1]]
[2020.04.16-08.38.59:208][  0]LogConfig: Setting CVar [[r.AOQuality:2]]
[2020.04.16-08.38.59:208][  0]LogConfig: Setting CVar [[r.VolumetricFog:1]]
[2020.04.16-08.38.59:208][  0]LogConfig: Setting CVar [[r.VolumetricFog.GridPixelSize:8]]
[2020.04.16-08.38.59:208][  0]LogConfig: Setting CVar [[r.VolumetricFog.GridSizeZ:128]]
[2020.04.16-08.38.59:208][  0]LogConfig: Setting CVar [[r.VolumetricFog.HistoryMissSupersampleCount:4]]
[2020.04.16-08.38.59:208][  0]LogConfig: Setting CVar [[r.LightMaxDrawDistanceScale:1]]
[2020.04.16-08.38.59:208][  0]LogConfig: Setting CVar [[r.CapsuleShadows:1]]
[2020.04.16-08.38.59:208][  0]LogConfig: Applying CVar settings from Section [PostProcessQuality@3] File [C:/Users/manou/OneDrive/Documenten/1. HKU/Jaar 2/Blok 4/Project Vrij ll/SourceTree Temple/TheTemple/Saved/Config/Windows/Scalability.ini]
[2020.04.16-08.38.59:208][  0]LogConfig: Setting CVar [[r.MotionBlurQuality:4]]
[2020.04.16-08.38.59:208][  0]LogConfig: Setting CVar [[r.AmbientOcclusionMipLevelFactor:0.4]]
[2020.04.16-08.38.59:208][  0]LogConfig: Setting CVar [[r.AmbientOcclusionMaxQuality:100]]
[2020.04.16-08.38.59:208][  0]LogConfig: Setting CVar [[r.AmbientOcclusionLevels:-1]]
[2020.04.16-08.38.59:208][  0]LogConfig: Setting CVar [[r.AmbientOcclusionRadiusScale:1.0]]
[2020.04.16-08.38.59:208][  0]LogConfig: Setting CVar [[r.DepthOfFieldQuality:2]]
[2020.04.16-08.38.59:208][  0]LogConfig: Setting CVar [[r.RenderTargetPoolMin:400]]
[2020.04.16-08.38.59:208][  0]LogConfig: Setting CVar [[r.LensFlareQuality:2]]
[2020.04.16-08.38.59:208][  0]LogConfig: Setting CVar [[r.SceneColorFringeQuality:1]]
[2020.04.16-08.38.59:208][  0]LogConfig: Setting CVar [[r.EyeAdaptationQuality:2]]
[2020.04.16-08.38.59:208][  0]LogConfig: Setting CVar [[r.BloomQuality:5]]
[2020.04.16-08.38.59:208][  0]LogConfig: Setting CVar [[r.FastBlurThreshold:100]]
[2020.04.16-08.38.59:208][  0]LogConfig: Setting CVar [[r.Upscale.Quality:3]]
[2020.04.16-08.38.59:208][  0]LogConfig: Setting CVar [[r.Tonemapper.GrainQuantization:1]]
[2020.04.16-08.38.59:208][  0]LogConfig: Setting CVar [[r.LightShaftQuality:1]]
[2020.04.16-08.38.59:209][  0]LogConfig: Setting CVar [[r.Filter.SizeScale:1]]
[2020.04.16-08.38.59:209][  0]LogConfig: Setting CVar [[r.Tonemapper.Quality:5]]
[2020.04.16-08.38.59:209][  0]LogConfig: Setting CVar [[r.DOF.Gather.AccumulatorQuality:1        ; higher gathering accumulator quality]]
[2020.04.16-08.38.59:209][  0]LogConfig: Setting CVar [[r.DOF.Gather.PostfilterMethod:1          ; Median3x3 postfilering method]]
[2020.04.16-08.38.59:209][  0]LogConfig: Setting CVar [[r.DOF.Gather.EnableBokehSettings:0       ; no bokeh simulation when gathering]]
[2020.04.16-08.38.59:209][  0]LogConfig: Setting CVar [[r.DOF.Gather.RingCount:4                 ; medium number of samples when gathering]]
[2020.04.16-08.38.59:209][  0]LogConfig: Setting CVar [[r.DOF.Scatter.ForegroundCompositing:1    ; additive foreground scattering]]
[2020.04.16-08.38.59:209][  0]LogConfig: Setting CVar [[r.DOF.Scatter.BackgroundCompositing:2    ; additive background scattering]]
[2020.04.16-08.38.59:209][  0]LogConfig: Setting CVar [[r.DOF.Scatter.EnableBokehSettings:1      ; bokeh simulation when scattering]]
[2020.04.16-08.38.59:209][  0]LogConfig: Setting CVar [[r.DOF.Scatter.MaxSpriteRatio:0.1         ; only a maximum of 10% of scattered bokeh]]
[2020.04.16-08.38.59:209][  0]LogConfig: Setting CVar [[r.DOF.Recombine.Quality:1                ; cheap slight out of focus]]
[2020.04.16-08.38.59:209][  0]LogConfig: Setting CVar [[r.DOF.Recombine.EnableBokehSettings:0    ; no bokeh simulation on slight out of focus]]
[2020.04.16-08.38.59:209][  0]LogConfig: Setting CVar [[r.DOF.TemporalAAQuality:1                ; more stable temporal accumulation]]
[2020.04.16-08.38.59:209][  0]LogConfig: Setting CVar [[r.DOF.Kernel.MaxForegroundRadius:0.025]]
[2020.04.16-08.38.59:209][  0]LogConfig: Setting CVar [[r.DOF.Kernel.MaxBackgroundRadius:0.025]]
[2020.04.16-08.38.59:209][  0]LogConfig: Applying CVar settings from Section [TextureQuality@3] File [C:/Users/manou/OneDrive/Documenten/1. HKU/Jaar 2/Blok 4/Project Vrij ll/SourceTree Temple/TheTemple/Saved/Config/Windows/Scalability.ini]
[2020.04.16-08.38.59:209][  0]LogConfig: Setting CVar [[r.Streaming.MipBias:0]]
[2020.04.16-08.38.59:209][  0]LogConfig: Setting CVar [[r.Streaming.AmortizeCPUToGPUCopy:0]]
[2020.04.16-08.38.59:209][  0]LogConfig: Setting CVar [[r.Streaming.MaxNumTexturesToStreamPerFrame:0]]
[2020.04.16-08.38.59:209][  0]LogConfig: Setting CVar [[r.Streaming.Boost:1]]
[2020.04.16-08.38.59:209][  0]LogConfig: Setting CVar [[r.MaxAnisotropy:8]]
[2020.04.16-08.38.59:209][  0]LogConfig: Setting CVar [[r.VT.MaxAnisotropy:8]]
[2020.04.16-08.38.59:209][  0]LogConfig: Setting CVar [[r.Streaming.LimitPoolSizeToVRAM:0]]
[2020.04.16-08.38.59:209][  0]LogConfig: Setting CVar [[r.Streaming.PoolSize:1000]]
[2020.04.16-08.38.59:209][  0]LogConfig: Setting CVar [[r.Streaming.MaxEffectiveScreenSize:0]]
[2020.04.16-08.38.59:209][  0]LogConfig: Applying CVar settings from Section [EffectsQuality@3] File [C:/Users/manou/OneDrive/Documenten/1. HKU/Jaar 2/Blok 4/Project Vrij ll/SourceTree Temple/TheTemple/Saved/Config/Windows/Scalability.ini]
[2020.04.16-08.38.59:209][  0]LogConfig: Setting CVar [[r.TranslucencyLightingVolumeDim:64]]
[2020.04.16-08.38.59:209][  0]LogConfig: Setting CVar [[r.RefractionQuality:2]]
[2020.04.16-08.38.59:209][  0]LogConfig: Setting CVar [[r.SSR.Quality:3]]
[2020.04.16-08.38.59:209][  0]LogConfig: Setting CVar [[r.SSR.HalfResSceneColor:0]]
[2020.04.16-08.38.59:209][  0]LogConfig: Setting CVar [[r.SceneColorFormat:4]]
[2020.04.16-08.38.59:209][  0]LogConfig: Setting CVar [[r.DetailMode:2]]
[2020.04.16-08.38.59:209][  0]LogConfig: Setting CVar [[r.TranslucencyVolumeBlur:1]]
[2020.04.16-08.38.59:209][  0]LogConfig: Setting CVar [[r.MaterialQualityLevel:1 ; High quality]]
[2020.04.16-08.38.59:209][  0]LogConfig: Setting CVar [[r.SSS.Scale:1]]
[2020.04.16-08.38.59:209][  0]LogConfig: Setting CVar [[r.SSS.SampleSet:2]]
[2020.04.16-08.38.59:209][  0]LogConfig: Setting CVar [[r.SSS.Quality:1]]
[2020.04.16-08.38.59:209][  0]LogConfig: Setting CVar [[r.SSS.HalfRes:1]]
[2020.04.16-08.38.59:209][  0]LogConfig: Setting CVar [[r.SSGI.Quality:3]]
[2020.04.16-08.38.59:209][  0]LogConfig: Setting CVar [[r.EmitterSpawnRateScale:1.0]]
[2020.04.16-08.38.59:209][  0]LogConfig: Setting CVar [[r.ParticleLightQuality:2]]
[2020.04.16-08.38.59:209][  0]LogConfig: Setting CVar [[r.SkyAtmosphere.AerialPerspectiveLUT.FastApplyOnOpaque:1 ; Always have FastSkyLUT 1 in this case to avoid wrong sky]]
[2020.04.16-08.38.59:209][  0]LogConfig: Setting CVar [[r.SkyAtmosphere.AerialPerspectiveLUT.SampleCountPerSlice:1]]
[2020.04.16-08.38.59:209][  0]LogConfig: Setting CVar [[r.SkyAtmosphere.AerialPerspectiveLUT.DepthResolution:16.0]]
[2020.04.16-08.38.59:209][  0]LogConfig: Setting CVar [[r.SkyAtmosphere.FastSkyLUT:1]]
[2020.04.16-08.38.59:209][  0]LogConfig: Setting CVar [[r.SkyAtmosphere.FastSkyLUT.SampleCountMin:4.0]]
[2020.04.16-08.38.59:209][  0]LogConfig: Setting CVar [[r.SkyAtmosphere.FastSkyLUT.SampleCountMax:32.0]]
[2020.04.16-08.38.59:209][  0]LogConfig: Setting CVar [[r.SkyAtmosphere.SampleCountMin:4.0]]
[2020.04.16-08.38.59:209][  0]LogConfig: Setting CVar [[r.SkyAtmosphere.SampleCountMax:32.0]]
[2020.04.16-08.38.59:209][  0]LogConfig: Setting CVar [[r.SkyAtmosphere.TransmittanceLUT.UseSmallFormat:0]]
[2020.04.16-08.38.59:209][  0]LogConfig: Setting CVar [[r.SkyAtmosphere.TransmittanceLUT.SampleCount:10.0]]
[2020.04.16-08.38.59:209][  0]LogConfig: Setting CVar [[r.SkyAtmosphere.MultiScatteringLUT.SampleCount:15.0]]
[2020.04.16-08.38.59:209][  0]LogConfig: Applying CVar settings from Section [FoliageQuality@3] File [C:/Users/manou/OneDrive/Documenten/1. HKU/Jaar 2/Blok 4/Project Vrij ll/SourceTree Temple/TheTemple/Saved/Config/Windows/Scalability.ini]
[2020.04.16-08.38.59:209][  0]LogConfig: Setting CVar [[foliage.DensityScale:1.0]]
[2020.04.16-08.38.59:209][  0]LogConfig: Setting CVar [[grass.DensityScale:1.0]]
[2020.04.16-08.38.59:209][  0]LogConfig: Applying CVar settings from Section [ShadingQuality@3] File [C:/Users/manou/OneDrive/Documenten/1. HKU/Jaar 2/Blok 4/Project Vrij ll/SourceTree Temple/TheTemple/Saved/Config/Windows/Scalability.ini]
[2020.04.16-08.38.59:209][  0]LogConfig: Setting CVar [[r.HairStrands.SkyLighting.SampleCount:16]]
[2020.04.16-08.38.59:209][  0]LogConfig: Setting CVar [[r.HairStrands.SkyLighting.JitterIntegration:0]]
[2020.04.16-08.38.59:209][  0]LogConfig: Setting CVar [[r.HairStrands.SkyAO.SampleCount:16]]
[2020.04.16-08.38.59:209][  0]LogInit: Selected Device Profile: [Windows]
[2020.04.16-08.38.59:209][  0]LogInit: Applying CVar settings loaded from the selected device profile: [Windows]
[2020.04.16-08.38.59:213][  0]LogHAL: Display: Platform has ~ 16 GB [16986812416 / 17179869184 / 16], which maps to Larger [LargestMinGB=32, LargerMinGB=12, DefaultMinGB=8, SmallerMinGB=6, SmallestMinGB=0)
[2020.04.16-08.38.59:213][  0]LogInit: Going up to parent DeviceProfile []
[2020.04.16-08.38.59:213][  0]LogConfig: Applying CVar settings from Section [ViewDistanceQuality@3] File [C:/Users/manou/OneDrive/Documenten/1. HKU/Jaar 2/Blok 4/Project Vrij ll/SourceTree Temple/TheTemple/Saved/Config/Windows/Scalability.ini]
[2020.04.16-08.38.59:213][  0]LogConfig: Setting CVar [[r.SkeletalMeshLODBias:0]]
[2020.04.16-08.38.59:213][  0]LogConfig: Setting CVar [[r.ViewDistanceScale:1.0]]
[2020.04.16-08.38.59:213][  0]LogConfig: Applying CVar settings from Section [AntiAliasingQuality@3] File [C:/Users/manou/OneDrive/Documenten/1. HKU/Jaar 2/Blok 4/Project Vrij ll/SourceTree Temple/TheTemple/Saved/Config/Windows/Scalability.ini]
[2020.04.16-08.38.59:213][  0]LogConfig: Setting CVar [[r.PostProcessAAQuality:4]]
[2020.04.16-08.38.59:213][  0]LogConfig: Applying CVar settings from Section [ShadowQuality@3] File [C:/Users/manou/OneDrive/Documenten/1. HKU/Jaar 2/Blok 4/Project Vrij ll/SourceTree Temple/TheTemple/Saved/Config/Windows/Scalability.ini]
[2020.04.16-08.38.59:213][  0]LogConfig: Setting CVar [[r.LightFunctionQuality:1]]
[2020.04.16-08.38.59:213][  0]LogConfig: Setting CVar [[r.ShadowQuality:5]]
[2020.04.16-08.38.59:213][  0]LogConfig: Setting CVar [[r.Shadow.CSM.MaxCascades:10]]
[2020.04.16-08.38.59:213][  0]LogConfig: Setting CVar [[r.Shadow.MaxResolution:2048]]
[2020.04.16-08.38.59:213][  0]LogConfig: Setting CVar [[r.Shadow.MaxCSMResolution:2048]]
[2020.04.16-08.38.59:213][  0]LogConfig: Setting CVar [[r.Shadow.RadiusThreshold:0.01]]
[2020.04.16-08.38.59:213][  0]LogConfig: Setting CVar [[r.Shadow.DistanceScale:1.0]]
[2020.04.16-08.38.59:213][  0]LogConfig: Setting CVar [[r.Shadow.CSM.TransitionScale:1.0]]
[2020.04.16-08.38.59:213][  0]LogConfig: Setting CVar [[r.Shadow.PreShadowResolutionFactor:1.0]]
[2020.04.16-08.38.59:213][  0]LogConfig: Setting CVar [[r.DistanceFieldShadowing:1]]
[2020.04.16-08.38.59:213][  0]LogConfig: Setting CVar [[r.DistanceFieldAO:1]]
[2020.04.16-08.38.59:213][  0]LogConfig: Setting CVar [[r.AOQuality:2]]
[2020.04.16-08.38.59:213][  0]LogConfig: Setting CVar [[r.VolumetricFog:1]]
[2020.04.16-08.38.59:213][  0]LogConfig: Setting CVar [[r.VolumetricFog.GridPixelSize:8]]
[2020.04.16-08.38.59:213][  0]LogConfig: Setting CVar [[r.VolumetricFog.GridSizeZ:128]]
[2020.04.16-08.38.59:213][  0]LogConfig: Setting CVar [[r.VolumetricFog.HistoryMissSupersampleCount:4]]
[2020.04.16-08.38.59:213][  0]LogConfig: Setting CVar [[r.LightMaxDrawDistanceScale:1]]
[2020.04.16-08.38.59:213][  0]LogConfig: Setting CVar [[r.CapsuleShadows:1]]
[2020.04.16-08.38.59:213][  0]LogConfig: Applying CVar settings from Section [PostProcessQuality@3] File [C:/Users/manou/OneDrive/Documenten/1. HKU/Jaar 2/Blok 4/Project Vrij ll/SourceTree Temple/TheTemple/Saved/Config/Windows/Scalability.ini]
[2020.04.16-08.38.59:213][  0]LogConfig: Setting CVar [[r.MotionBlurQuality:4]]
[2020.04.16-08.38.59:213][  0]LogConfig: Setting CVar [[r.AmbientOcclusionMipLevelFactor:0.4]]
[2020.04.16-08.38.59:213][  0]LogConfig: Setting CVar [[r.AmbientOcclusionMaxQuality:100]]
[2020.04.16-08.38.59:213][  0]LogConfig: Setting CVar [[r.AmbientOcclusionLevels:-1]]
[2020.04.16-08.38.59:213][  0]LogConfig: Setting CVar [[r.AmbientOcclusionRadiusScale:1.0]]
[2020.04.16-08.38.59:213][  0]LogConfig: Setting CVar [[r.DepthOfFieldQuality:2]]
[2020.04.16-08.38.59:213][  0]LogConfig: Setting CVar [[r.RenderTargetPoolMin:400]]
[2020.04.16-08.38.59:213][  0]LogConfig: Setting CVar [[r.LensFlareQuality:2]]
[2020.04.16-08.38.59:213][  0]LogConfig: Setting CVar [[r.SceneColorFringeQuality:1]]
[2020.04.16-08.38.59:213][  0]LogConfig: Setting CVar [[r.EyeAdaptationQuality:2]]
[2020.04.16-08.38.59:213][  0]LogConfig: Setting CVar [[r.BloomQuality:5]]
[2020.04.16-08.38.59:213][  0]LogConfig: Setting CVar [[r.FastBlurThreshold:100]]
[2020.04.16-08.38.59:213][  0]LogConfig: Setting CVar [[r.Upscale.Quality:3]]
[2020.04.16-08.38.59:213][  0]LogConfig: Setting CVar [[r.Tonemapper.GrainQuantization:1]]
[2020.04.16-08.38.59:213][  0]LogConfig: Setting CVar [[r.LightShaftQuality:1]]
[2020.04.16-08.38.59:213][  0]LogConfig: Setting CVar [[r.Filter.SizeScale:1]]
[2020.04.16-08.38.59:213][  0]LogConfig: Setting CVar [[r.Tonemapper.Quality:5]]
[2020.04.16-08.38.59:213][  0]LogConfig: Setting CVar [[r.DOF.Gather.AccumulatorQuality:1        ; higher gathering accumulator quality]]
[2020.04.16-08.38.59:213][  0]LogConfig: Setting CVar [[r.DOF.Gather.PostfilterMethod:1          ; Median3x3 postfilering method]]
[2020.04.16-08.38.59:213][  0]LogConfig: Setting CVar [[r.DOF.Gather.EnableBokehSettings:0       ; no bokeh simulation when gathering]]
[2020.04.16-08.38.59:213][  0]LogConfig: Setting CVar [[r.DOF.Gather.RingCount:4                 ; medium number of samples when gathering]]
[2020.04.16-08.38.59:213][  0]LogConfig: Setting CVar [[r.DOF.Scatter.ForegroundCompositing:1    ; additive foreground scattering]]
[2020.04.16-08.38.59:213][  0]LogConfig: Setting CVar [[r.DOF.Scatter.BackgroundCompositing:2    ; additive background scattering]]
[2020.04.16-08.38.59:213][  0]LogConfig: Setting CVar [[r.DOF.Scatter.EnableBokehSettings:1      ; bokeh simulation when scattering]]
[2020.04.16-08.38.59:213][  0]LogConfig: Setting CVar [[r.DOF.Scatter.MaxSpriteRatio:0.1         ; only a maximum of 10% of scattered bokeh]]
[2020.04.16-08.38.59:213][  0]LogConfig: Setting CVar [[r.DOF.Recombine.Quality:1                ; cheap slight out of focus]]
[2020.04.16-08.38.59:213][  0]LogConfig: Setting CVar [[r.DOF.Recombine.EnableBokehSettings:0    ; no bokeh simulation on slight out of focus]]
[2020.04.16-08.38.59:213][  0]LogConfig: Setting CVar [[r.DOF.TemporalAAQuality:1                ; more stable temporal accumulation]]
[2020.04.16-08.38.59:213][  0]LogConfig: Setting CVar [[r.DOF.Kernel.MaxForegroundRadius:0.025]]
[2020.04.16-08.38.59:213][  0]LogConfig: Setting CVar [[r.DOF.Kernel.MaxBackgroundRadius:0.025]]
[2020.04.16-08.38.59:213][  0]LogConfig: Applying CVar settings from Section [TextureQuality@3] File [C:/Users/manou/OneDrive/Documenten/1. HKU/Jaar 2/Blok 4/Project Vrij ll/SourceTree Temple/TheTemple/Saved/Config/Windows/Scalability.ini]
[2020.04.16-08.38.59:213][  0]LogConfig: Setting CVar [[r.Streaming.MipBias:0]]
[2020.04.16-08.38.59:213][  0]LogConfig: Setting CVar [[r.Streaming.AmortizeCPUToGPUCopy:0]]
[2020.04.16-08.38.59:214][  0]LogConfig: Setting CVar [[r.Streaming.MaxNumTexturesToStreamPerFrame:0]]
[2020.04.16-08.38.59:214][  0]LogConfig: Setting CVar [[r.Streaming.Boost:1]]
[2020.04.16-08.38.59:214][  0]LogConfig: Setting CVar [[r.MaxAnisotropy:8]]
[2020.04.16-08.38.59:214][  0]LogConfig: Setting CVar [[r.VT.MaxAnisotropy:8]]
[2020.04.16-08.38.59:214][  0]LogConfig: Setting CVar [[r.Streaming.LimitPoolSizeToVRAM:0]]
[2020.04.16-08.38.59:214][  0]LogConfig: Setting CVar [[r.Streaming.PoolSize:1000]]
[2020.04.16-08.38.59:214][  0]LogConfig: Setting CVar [[r.Streaming.MaxEffectiveScreenSize:0]]
[2020.04.16-08.38.59:214][  0]LogConfig: Applying CVar settings from Section [EffectsQuality@3] File [C:/Users/manou/OneDrive/Documenten/1. HKU/Jaar 2/Blok 4/Project Vrij ll/SourceTree Temple/TheTemple/Saved/Config/Windows/Scalability.ini]
[2020.04.16-08.38.59:214][  0]LogConfig: Setting CVar [[r.TranslucencyLightingVolumeDim:64]]
[2020.04.16-08.38.59:214][  0]LogConfig: Setting CVar [[r.RefractionQuality:2]]
[2020.04.16-08.38.59:214][  0]LogConfig: Setting CVar [[r.SSR.Quality:3]]
[2020.04.16-08.38.59:214][  0]LogConfig: Setting CVar [[r.SSR.HalfResSceneColor:0]]
[2020.04.16-08.38.59:214][  0]LogConfig: Setting CVar [[r.SceneColorFormat:4]]
[2020.04.16-08.38.59:214][  0]LogConfig: Setting CVar [[r.DetailMode:2]]
[2020.04.16-08.38.59:214][  0]LogConfig: Setting CVar [[r.TranslucencyVolumeBlur:1]]
[2020.04.16-08.38.59:214][  0]LogConfig: Setting CVar [[r.MaterialQualityLevel:1 ; High quality]]
[2020.04.16-08.38.59:214][  0]LogConfig: Setting CVar [[r.SSS.Scale:1]]
[2020.04.16-08.38.59:214][  0]LogConfig: Setting CVar [[r.SSS.SampleSet:2]]
[2020.04.16-08.38.59:214][  0]LogConfig: Setting CVar [[r.SSS.Quality:1]]
[2020.04.16-08.38.59:214][  0]LogConfig: Setting CVar [[r.SSS.HalfRes:1]]
[2020.04.16-08.38.59:214][  0]LogConfig: Setting CVar [[r.SSGI.Quality:3]]
[2020.04.16-08.38.59:214][  0]LogConfig: Setting CVar [[r.EmitterSpawnRateScale:1.0]]
[2020.04.16-08.38.59:214][  0]LogConfig: Setting CVar [[r.ParticleLightQuality:2]]
[2020.04.16-08.38.59:214][  0]LogConfig: Setting CVar [[r.SkyAtmosphere.AerialPerspectiveLUT.FastApplyOnOpaque:1 ; Always have FastSkyLUT 1 in this case to avoid wrong sky]]
[2020.04.16-08.38.59:214][  0]LogConfig: Setting CVar [[r.SkyAtmosphere.AerialPerspectiveLUT.SampleCountPerSlice:1]]
[2020.04.16-08.38.59:214][  0]LogConfig: Setting CVar [[r.SkyAtmosphere.AerialPerspectiveLUT.DepthResolution:16.0]]
[2020.04.16-08.38.59:214][  0]LogConfig: Setting CVar [[r.SkyAtmosphere.FastSkyLUT:1]]
[2020.04.16-08.38.59:214][  0]LogConfig: Setting CVar [[r.SkyAtmosphere.FastSkyLUT.SampleCountMin:4.0]]
[2020.04.16-08.38.59:214][  0]LogConfig: Setting CVar [[r.SkyAtmosphere.FastSkyLUT.SampleCountMax:32.0]]
[2020.04.16-08.38.59:214][  0]LogConfig: Setting CVar [[r.SkyAtmosphere.SampleCountMin:4.0]]
[2020.04.16-08.38.59:214][  0]LogConfig: Setting CVar [[r.SkyAtmosphere.SampleCountMax:32.0]]
[2020.04.16-08.38.59:214][  0]LogConfig: Setting CVar [[r.SkyAtmosphere.TransmittanceLUT.UseSmallFormat:0]]
[2020.04.16-08.38.59:214][  0]LogConfig: Setting CVar [[r.SkyAtmosphere.TransmittanceLUT.SampleCount:10.0]]
[2020.04.16-08.38.59:214][  0]LogConfig: Setting CVar [[r.SkyAtmosphere.MultiScatteringLUT.SampleCount:15.0]]
[2020.04.16-08.38.59:214][  0]LogConfig: Applying CVar settings from Section [FoliageQuality@3] File [C:/Users/manou/OneDrive/Documenten/1. HKU/Jaar 2/Blok 4/Project Vrij ll/SourceTree Temple/TheTemple/Saved/Config/Windows/Scalability.ini]
[2020.04.16-08.38.59:214][  0]LogConfig: Setting CVar [[foliage.DensityScale:1.0]]
[2020.04.16-08.38.59:214][  0]LogConfig: Setting CVar [[grass.DensityScale:1.0]]
[2020.04.16-08.38.59:214][  0]LogConfig: Applying CVar settings from Section [ShadingQuality@3] File [C:/Users/manou/OneDrive/Documenten/1. HKU/Jaar 2/Blok 4/Project Vrij ll/SourceTree Temple/TheTemple/Saved/Config/Windows/Scalability.ini]
[2020.04.16-08.38.59:214][  0]LogConfig: Setting CVar [[r.HairStrands.SkyLighting.SampleCount:16]]
[2020.04.16-08.38.59:214][  0]LogConfig: Setting CVar [[r.HairStrands.SkyLighting.JitterIntegration:0]]
[2020.04.16-08.38.59:214][  0]LogConfig: Setting CVar [[r.HairStrands.SkyAO.SampleCount:16]]
[2020.04.16-08.38.59:214][  0]LogConfig: Applying CVar settings from Section [Startup] File [../../../Engine/Config/ConsoleVariables.ini]
[2020.04.16-08.38.59:214][  0]LogConfig: Setting CVar [[net.UseAdaptiveNetUpdateFrequency:0]]
[2020.04.16-08.38.59:214][  0]LogConfig: Setting CVar [[p.chaos.AllowCreatePhysxBodies:1]]
[2020.04.16-08.38.59:214][  0]LogConfig: Applying CVar settings from Section [ConsoleVariables] File [C:/Users/manou/OneDrive/Documenten/1. HKU/Jaar 2/Blok 4/Project Vrij ll/SourceTree Temple/TheTemple/Saved/Config/Windows/Engine.ini]
[2020.04.16-08.38.59:215][  0]LogInit: Computer: YOGIE
[2020.04.16-08.38.59:215][  0]LogInit: User: manou
[2020.04.16-08.38.59:215][  0]LogInit: CPU Page size=4096, Cores=4
[2020.04.16-08.38.59:215][  0]LogInit: High frequency timer resolution =10.000000 MHz
[2020.04.16-08.38.59:215][  0]LogMemory: Memory total: Physical=15.8GB (16GB approx)
[2020.04.16-08.38.59:215][  0]LogMemory: Platform Memory Stats for Windows
[2020.04.16-08.38.59:215][  0]LogMemory: Process Physical Memory: 105.89 MB used, 105.90 MB peak
[2020.04.16-08.38.59:215][  0]LogMemory: Process Virtual Memory: 100.52 MB used, 100.52 MB peak
[2020.04.16-08.38.59:215][  0]LogMemory: Physical Memory: 5664.03 MB used,  10535.86 MB free, 16199.89 MB total
[2020.04.16-08.38.59:215][  0]LogMemory: Virtual Memory: 5137.55 MB used,  134212592.00 MB free, 134217728.00 MB total
[2020.04.16-08.38.59:218][  0]LogWindows: WindowsPlatformFeatures enabled
[2020.04.16-08.38.59:243][  0]LogInit: Using OS detected language (nl-NL).
[2020.04.16-08.38.59:243][  0]LogInit: Using OS detected locale (nl-NL).
[2020.04.16-08.38.59:244][  0]LogTextLocalizationManager: No localization for 'nl-NL' exists, so 'en' will be used for the language.
[2020.04.16-08.38.59:479][  0]LogInit: Setting process to per monitor DPI aware
[2020.04.16-08.38.59:517][  0]LogSlate: New Slate User Created.  User Index 0, Is Virtual User: 0
[2020.04.16-08.38.59:517][  0]LogSlate: Slate User Registered.  User Index 0, Is Virtual User: 0
[2020.04.16-08.38.59:747][  0]LogD3D12RHI: Aftermath initialized
[2020.04.16-08.38.59:747][  0]LogD3D12RHI: Loading WinPixEventRuntime.dll for PIX profiling (from ../../../Engine/Binaries/ThirdParty/Windows/DirectX/x64).
[2020.04.16-08.38.59:804][  0]LogHMD: Failed to initialize OpenVR with code 110
[2020.04.16-08.38.59:947][  0]LogD3D12RHI: Found D3D12 adapter 0: NVIDIA GeForce GTX 1050 (Max supported Feature Level 12_1)
[2020.04.16-08.38.59:947][  0]LogD3D12RHI: Adapter has 4021MB of dedicated video memory, 0MB of dedicated system memory, and 8099MB of shared system memory, 1 output[s]
[2020.04.16-08.38.59:976][  0]LogD3D12RHI: Found D3D12 adapter 1: Intel(R) UHD Graphics 620 (Max supported Feature Level 12_1)
[2020.04.16-08.38.59:976][  0]LogD3D12RHI: Adapter has 128MB of dedicated video memory, 0MB of dedicated system memory, and 8099MB of shared system memory, 0 output[s]
[2020.04.16-08.38.59:989][  0]LogD3D12RHI: Found D3D12 adapter 2: Microsoft Basic Render Driver (Max supported Feature Level 12_1)
[2020.04.16-08.38.59:989][  0]LogD3D12RHI: Adapter has 0MB of dedicated video memory, 0MB of dedicated system memory, and 8099MB of shared system memory, 0 output[s]
[2020.04.16-08.38.59:989][  0]LogD3D12RHI: Forcing D3D12.AsyncDeferredDeletion=0 as a workaround for a deadlock.
[2020.04.16-08.38.59:990][  0]LogD3D12RHI: Chosen D3D12 Adapter Id = 0
[2020.04.16-08.39.00:054][  0]LogD3D12RHI: Emitting draw events for PIX profiling.
[2020.04.16-08.39.00:160][  0]LogD3D12RHI: The system supports ID3D12Device1.
[2020.04.16-08.39.00:160][  0]LogD3D12RHI: The system supports ID3D12Device2.
[2020.04.16-08.39.00:304][  0]LogD3D12RHI: Display: Not using pipeline state disk cache per r.D3D12.PSO.DiskCache=0
[2020.04.16-08.39.00:304][  0]LogD3D12RHI: Display: Not using driver-optimized pipeline state disk cache per r.D3D12.PSO.DriverOptimizedDiskCache=0
[2020.04.16-08.39.00:307][  0]LogD3D12RHI:     GPU DeviceId: 0x1c8d (for the marketing name, search the web for "GPU Device Id")
[2020.04.16-08.39.00:307][  0]LogWindows: EnumDisplayDevices:
[2020.04.16-08.39.00:307][  0]LogWindows:    0. 'Intel(R) UHD Graphics 620' (P:1 D:1)
[2020.04.16-08.39.00:308][  0]LogWindows:    1. 'Intel(R) UHD Graphics 620' (P:0 D:0)
[2020.04.16-08.39.00:308][  0]LogWindows:    2. 'Intel(R) UHD Graphics 620' (P:0 D:0)
[2020.04.16-08.39.00:308][  0]LogWindows: DebugString: PrimaryIsNotTheChoosenAdapter PrimaryIsNotTheChoosenAdapter PrimaryIsNotTheChoosenAdapter FoundDriverCount:0 
[2020.04.16-08.39.00:308][  0]LogD3D12RHI:     Adapter Name: NVIDIA GeForce GTX 1050
[2020.04.16-08.39.00:308][  0]LogD3D12RHI:   Driver Version: Unknown (internal:Unknown, unified:Unknown)
[2020.04.16-08.39.00:308][  0]LogD3D12RHI:      Driver Date: Unknown
[2020.04.16-08.39.00:308][  0]LogRHI: Texture pool is 2153 MB (70% of 3076 MB)
[2020.04.16-08.39.00:308][  0]LogD3D12RHI: Async texture creation enabled
[2020.04.16-08.39.00:309][  0]LogD3D12RHI: RHI has support for 64 bit atomics
[2020.04.16-08.39.00:754][  0]LogTargetPlatformManager: Display: Loaded TargetPlatform 'AllDesktop'
[2020.04.16-08.39.00:789][  0]LogTargetPlatformManager: Display: Loaded TargetPlatform 'Android'
[2020.04.16-08.39.00:789][  0]LogTargetPlatformManager: Display: Loaded TargetPlatform 'Android_ASTC'
[2020.04.16-08.39.00:789][  0]LogTargetPlatformManager: Display: Loaded TargetPlatform 'Android_ATC'
[2020.04.16-08.39.00:789][  0]LogTargetPlatformManager: Display: Loaded TargetPlatform 'Android_DXT'
[2020.04.16-08.39.00:789][  0]LogTargetPlatformManager: Display: Loaded TargetPlatform 'Android_ETC1'
[2020.04.16-08.39.00:789][  0]LogTargetPlatformManager: Display: Loaded TargetPlatform 'Android_ETC1a'
[2020.04.16-08.39.00:789][  0]LogTargetPlatformManager: Display: Loaded TargetPlatform 'Android_ETC2'
[2020.04.16-08.39.00:789][  0]LogTargetPlatformManager: Display: Loaded TargetPlatform 'Android_PVRTC'
[2020.04.16-08.39.00:789][  0]LogTargetPlatformManager: Display: Loaded TargetPlatform 'AndroidClient'
[2020.04.16-08.39.00:789][  0]LogTargetPlatformManager: Display: Loaded TargetPlatform 'Android_ASTCClient'
[2020.04.16-08.39.00:789][  0]LogTargetPlatformManager: Display: Loaded TargetPlatform 'Android_ATCClient'
[2020.04.16-08.39.00:789][  0]LogTargetPlatformManager: Display: Loaded TargetPlatform 'Android_DXTClient'
[2020.04.16-08.39.00:789][  0]LogTargetPlatformManager: Display: Loaded TargetPlatform 'Android_ETC1Client'
[2020.04.16-08.39.00:789][  0]LogTargetPlatformManager: Display: Loaded TargetPlatform 'Android_ETC1aClient'
[2020.04.16-08.39.00:789][  0]LogTargetPlatformManager: Display: Loaded TargetPlatform 'Android_ETC2Client'
[2020.04.16-08.39.00:789][  0]LogTargetPlatformManager: Display: Loaded TargetPlatform 'Android_PVRTCClient'
[2020.04.16-08.39.00:789][  0]LogTargetPlatformManager: Display: Loaded TargetPlatform 'Android_Multi'
[2020.04.16-08.39.00:789][  0]LogTargetPlatformManager: Display: Loaded TargetPlatform 'Android_MultiClient'
[2020.04.16-08.39.00:809][  0]LogTargetPlatformManager: Display: Loaded TargetPlatform 'IOSClient'
[2020.04.16-08.39.00:809][  0]LogTargetPlatformManager: Display: Loaded TargetPlatform 'IOS'
[2020.04.16-08.39.00:817][  0]LogTargetPlatformManager: Display: Loaded TargetPlatform 'LinuxNoEditor'
[2020.04.16-08.39.00:825][  0]LogTargetPlatformManager: Display: Loaded TargetPlatform 'LinuxClient'
[2020.04.16-08.39.00:833][  0]LogTargetPlatformManager: Display: Loaded TargetPlatform 'LinuxServer'
[2020.04.16-08.39.00:842][  0]LogTargetPlatformManager: Display: Loaded TargetPlatform 'LinuxAArch64NoEditor'
[2020.04.16-08.39.00:850][  0]LogTargetPlatformManager: Display: Loaded TargetPlatform 'LinuxAArch64Client'
[2020.04.16-08.39.00:859][  0]LogTargetPlatformManager: Display: Loaded TargetPlatform 'LinuxAArch64Server'
[2020.04.16-08.39.00:886][  0]LogTargetPlatformManager: Display: Loaded TargetPlatform 'Lumin'
[2020.04.16-08.39.00:886][  0]LogTargetPlatformManager: Display: Loaded TargetPlatform 'LuminClient'
[2020.04.16-08.39.00:901][  0]LogTargetPlatformManager: Display: Loaded TargetPlatform 'TVOSClient'
[2020.04.16-08.39.00:901][  0]LogTargetPlatformManager: Display: Loaded TargetPlatform 'TVOS'
[2020.04.16-08.39.00:910][  0]LogTargetPlatformManager: Display: Loaded TargetPlatform 'WindowsNoEditor'
[2020.04.16-08.39.00:919][  0]LogTargetPlatformManager: Display: Loaded TargetPlatform 'Windows'
[2020.04.16-08.39.00:926][  0]LogTargetPlatformManager: Display: Loaded TargetPlatform 'WindowsClient'
[2020.04.16-08.39.00:934][  0]LogTargetPlatformManager: Display: Loaded TargetPlatform 'WindowsServer'
[2020.04.16-08.39.00:934][  0]LogTargetPlatformManager: Display: Building Assets For Windows
[2020.04.16-08.39.00:938][  0]LogAudioDebug: Display: Lib vorbis DLL was dynamically loaded.
[2020.04.16-08.39.00:967][  0]LogShaderCompilers: Guid format shader working directory is -56 characters bigger than the processId version (../../../../../../OneDrive/Documenten/1. HKU/Jaar 2/Blok 4/Project Vrij ll/SourceTree Temple/TheTemple/Intermediate/Shaders/WorkingDirectory/3884/).
[2020.04.16-08.39.00:968][  0]LogShaderCompilers: Cleaned the shader compiler working directory 'C:/Users/manou/AppData/Local/Temp/UnrealShaderWorkingDir/8D28E70E4D2828C5D37C069956D27CCA/'.
[2020.04.16-08.39.00:968][  0]LogXGEController: Cannot use XGE Controller as Incredibuild is not installed on this machine.
[2020.04.16-08.39.00:968][  0]LogShaderCompilers: Cannot use XGE Shader Compiler as Incredibuild is not installed on this machine.
[2020.04.16-08.39.00:968][  0]LogShaderCompilers: Display: Using Local Shader Compiler.
[2020.04.16-08.39.01:755][  0]LogDerivedDataCache: Display: Max Cache Size: 512 MB
[2020.04.16-08.39.01:831][  0]LogDerivedDataCache: Loaded boot cache 0.08s 112MB C:/Users/manou/AppData/Local/UnrealEngine/4.24/DerivedDataCache/Boot.ddc.
[2020.04.16-08.39.01:832][  0]LogDerivedDataCache: Display: Loaded Boot cache: C:/Users/manou/AppData/Local/UnrealEngine/4.24/DerivedDataCache/Boot.ddc
[2020.04.16-08.39.01:832][  0]LogDerivedDataCache: FDerivedDataBackendGraph:  Pak pak cache file ../../../../../../OneDrive/Documenten/1. HKU/Jaar 2/Blok 4/Project Vrij ll/SourceTree Temple/TheTemple/DerivedDataCache/DDC.ddp not found, will not use a pak cache.
[2020.04.16-08.39.01:832][  0]LogDerivedDataCache: Unable to find inner node Pak for hierarchical cache Hierarchy.
[2020.04.16-08.39.01:832][  0]LogDerivedDataCache: FDerivedDataBackendGraph:  CompressedPak pak cache file ../../../../../../OneDrive/Documenten/1. HKU/Jaar 2/Blok 4/Project Vrij ll/SourceTree Temple/TheTemple/DerivedDataCache/Compressed.ddp not found, will not use a pak cache.
[2020.04.16-08.39.01:832][  0]LogDerivedDataCache: Unable to find inner node CompressedPak for hierarchical cache Hierarchy.
[2020.04.16-08.39.01:841][  0]LogDerivedDataCache: Display: Pak cache opened for reading ../../../Engine/DerivedDataCache/Compressed.ddp.
[2020.04.16-08.39.01:841][  0]LogDerivedDataCache: FDerivedDataBackendGraph:  EnterprisePak pak cache file ../../../Enterprise/DerivedDataCache/Compressed.ddp not found, will not use a pak cache.
[2020.04.16-08.39.01:841][  0]LogDerivedDataCache: Unable to find inner node EnterprisePak for hierarchical cache Hierarchy.
[2020.04.16-08.39.01:843][  0]LogDerivedDataCache: Using Local data cache path C:/Users/manou/AppData/Local/UnrealEngine/Common/DerivedDataCache: Writable
[2020.04.16-08.39.01:843][  0]LogDerivedDataCache: Shared data cache path not found in *engine.ini, will not use an Shared cache.
[2020.04.16-08.39.01:843][  0]LogDerivedDataCache: Unable to find inner node Shared for hierarchical cache Hierarchy.
[2020.04.16-08.39.01:874][  0]LogMaterial: Verifying Global Shaders for PCD3D_SM5
[2020.04.16-08.39.01:876][  0]LogSlate: Using FreeType 2.10.0
[2020.04.16-08.39.01:877][  0]LogSlate: SlateFontServices - WITH_FREETYPE: 1, WITH_HARFBUZZ: 1
[2020.04.16-08.39.01:931][  0]LogAssetRegistry: FAssetRegistry took 0.0024 seconds to start up
[2020.04.16-08.39.02:252][  0]LogInit: Selected Device Profile: [Windows]
[2020.04.16-08.39.02:439][  0]LogMeshReduction: Using QuadricMeshReduction for automatic static mesh reduction
[2020.04.16-08.39.02:439][  0]LogMeshReduction: Using SimplygonMeshReduction for automatic skeletal mesh reduction
[2020.04.16-08.39.02:439][  0]LogMeshReduction: Using ProxyLODMeshReduction for automatic mesh merging
[2020.04.16-08.39.02:439][  0]LogMeshReduction: No distributed automatic mesh merging module available
[2020.04.16-08.39.02:439][  0]LogMeshMerging: No distributed automatic mesh merging module available
[2020.04.16-08.39.02:450][  0]LogNetVersion: TheTemple 1.0.0, NetCL: 10570792, EngineNetVer: 13, GameNetVer: 0 (Checksum: 885478188)
[2020.04.16-08.39.03:512][  0]LogPackageLocalizationCache: Processed 10 localized package path(s) for 1 prioritized culture(s) in 0.032154 seconds
[2020.04.16-08.39.03:518][  0]LogUObjectArray: 46750 objects as part of root set at end of initial load.
[2020.04.16-08.39.03:518][  0]LogUObjectAllocator: 8137160 out of 0 bytes used by permanent object pool.
[2020.04.16-08.39.03:518][  0]LogUObjectArray: CloseDisregardForGC: 0/0 objects in disregard for GC pool
[2020.04.16-08.39.03:883][  0]LogTcpMessaging: Initializing TcpMessaging bridge
[2020.04.16-08.39.03:886][  0]LogUdpMessaging: Initializing bridge on interface 0.0.0.0:0 to multicast group 230.0.0.1:6666.
[2020.04.16-08.39.03:937][  0]SourceControl: Source control is disabled
[2020.04.16-08.39.03:937][  0]SourceControl: Source control is disabled
[2020.04.16-08.39.03:938][  0]SourceControl: Source control is disabled
[2020.04.16-08.39.03:939][  0]SourceControl: Source control is disabled
[2020.04.16-08.39.03:940][  0]SourceControl: Source control is disabled
[2020.04.16-08.39.04:021][  0]LogAndroidPermission: UAndroidPermissionCallbackProxy::GetInstance
[2020.04.16-08.39.04:032][  0]LogAudioCaptureCore: Display: No Audio Capture implementations found. Audio input will be silent.
[2020.04.16-08.39.04:032][  0]LogAudioCaptureCore: Display: No Audio Capture implementations found. Audio input will be silent.
[2020.04.16-08.39.04:130][  0]LogOcInput: OculusInput pre-init called
[2020.04.16-08.39.04:143][  0]LogWindows: Failed to load 'OVRPlugin.dll' (GetLastError=126)
[2020.04.16-08.39.04:143][  0]LogWindows: File 'OVRPlugin.dll' does not exist
[2020.04.16-08.39.04:214][  0]LogEngine: Initializing Engine...
[2020.04.16-08.39.04:215][  0]LogHMD: Failed to initialize OpenVR with code 110
[2020.04.16-08.39.04:217][  0]LogStats: UGameplayTagsManager::InitializeManager -  0.000 s
[2020.04.16-08.39.04:601][  0]LogInit: Initializing FReadOnlyCVARCache
[2020.04.16-08.39.04:608][  0]LogAIModule: Creating AISystem for world Untitled
[2020.04.16-08.39.04:613][  0]LogAudioMixer: Display: Audio Mixer Platform Settings:
[2020.04.16-08.39.04:613][  0]LogAudioMixer: Display: 	Sample Rate:						  48000
[2020.04.16-08.39.04:613][  0]LogAudioMixer: Display: 	Callback Buffer Frame Size Requested: 1024
[2020.04.16-08.39.04:613][  0]LogAudioMixer: Display: 	Callback Buffer Frame Size To Use:	  1024
[2020.04.16-08.39.04:613][  0]LogAudioMixer: Display: 	Number of buffers to queue:			  2
[2020.04.16-08.39.04:613][  0]LogAudioMixer: Display: 	Max Channels (voices):				  32
[2020.04.16-08.39.04:613][  0]LogAudioMixer: Display: 	Number of Async Source Workers:		  0
[2020.04.16-08.39.04:613][  0]LogAudio: Display: AudioDevice MaxSources: 32
[2020.04.16-08.39.04:613][  0]LogAudio: Display: Using built-in audio occlusion.
[2020.04.16-08.39.04:613][  0]LogAudioMixer: Display: Initializing audio mixer.
[2020.04.16-08.39.04:631][  0]LogAudioMixer: Display: Audio Device Output Speaker Info:
[2020.04.16-08.39.04:631][  0]LogAudioMixer: Display: Name: Speakers (Realtek High Definition Audio)
[2020.04.16-08.39.04:631][  0]LogAudioMixer: Display: Is Default: Yes
[2020.04.16-08.39.04:631][  0]LogAudioMixer: Display: Sample Rate: 48000
[2020.04.16-08.39.04:631][  0]LogAudioMixer: Display: Channel Count Used: 2
[2020.04.16-08.39.04:631][  0]LogAudioMixer: Display: Device Channel Count: 2
[2020.04.16-08.39.04:631][  0]LogAudioMixer: Display: Channel Order:
[2020.04.16-08.39.04:631][  0]LogAudioMixer: Display: 0: FrontLeft
[2020.04.16-08.39.04:631][  0]LogAudioMixer: Display: 1: FrontRight
[2020.04.16-08.39.04:673][  0]LogAudioMixer: Display: Using Audio Device Speakers (Realtek High Definition Audio)
[2020.04.16-08.39.04:678][  0]LogInit: FAudioDevice initialized.
[2020.04.16-08.39.04:678][  0]LogNetVersion: Set ProjectVersion to 1.0.0.0. Version Checksum will be recalculated on next use.
[2020.04.16-08.39.04:737][  0]LogDerivedDataCache: Saved boot cache 0.06s 112MB C:/Users/manou/AppData/Local/UnrealEngine/4.24/DerivedDataCache/Boot.ddc.
[2020.04.16-08.39.04:738][  0]LogInit: Texture streaming: Enabled
[2020.04.16-08.39.04:749][  0]LogEngineSessionManager: EngineSessionManager initialized
[2020.04.16-08.39.04:749][  0]LogEditorSessionSummary: Verbose: Initializing EditorSessionSummaryWriter for editor session tracking
[2020.04.16-08.39.04:755][  0]LogEditorSessionSummary: EditorSessionSummaryWriter initialized
[2020.04.16-08.39.04:790][  0]LogInit: Transaction tracking system initialized
[2020.04.16-08.39.04:801][  0]BlueprintLog: New page: Editor Load
[2020.04.16-08.39.04:833][  0]LocalizationService: Localization service is disabled
[2020.04.16-08.39.05:167][  0]LogFileCache: Scanning file cache for directory 'C:/Users/manou/OneDrive/Documenten/1. HKU/Jaar 2/Blok 4/Project Vrij ll/SourceTree Temple/TheTemple/Content/' took 0.00s
[2020.04.16-08.39.05:167][  0]LogCook: Display: Max memory allowance for cook 16384mb min free memory 0mb
[2020.04.16-08.39.05:167][  0]LogCook: Display: Mobile HDR setting 1
[2020.04.16-08.39.05:771][  0]SourceControl: Source control is disabled
[2020.04.16-08.39.05:772][  0]LightingResults: New page: Lighting Build
[2020.04.16-08.39.05:773][  0]LogWorld: UWorld::CleanupWorld for Untitled, bSessionEnded=true, bCleanupResources=true
[2020.04.16-08.39.05:773][  0]LogSlate: InvalidateAllWidgets triggered.  All widgets were invalidated
[2020.04.16-08.39.05:773][  0]MapCheck: New page: Map Check
[2020.04.16-08.39.05:773][  0]LightingResults: New page: Lighting Build
[2020.04.16-08.39.05:795][  0]LogUObjectHash: Compacting FUObjectHashTables data took   1.45ms
[2020.04.16-08.39.06:073][  0]LogAIModule: Creating AISystem for world Minimal_Default
[2020.04.16-08.39.06:080][  0]LogEditorServer: Finished looking for orphan Actors (0.000 secs)
[2020.04.16-08.39.06:127][  0]LogUObjectHash: Compacting FUObjectHashTables data took   1.89ms
[2020.04.16-08.39.06:128][  0]Cmd: MAP CHECKDEP NOCLEARLOG
[2020.04.16-08.39.06:128][  0]MapCheck: Map check complete: 0 Error(s), 0 Warning(s), took 0,195ms to complete.
[2020.04.16-08.39.06:128][  0]LogFileHelpers: Loading map 'Minimal_Default' took 0.357
[2020.04.16-08.39.06:296][  0]LogSlate: Updating window title bar state: overlay mode, drag disabled, window buttons hidden, title bar hidden
[2020.04.16-08.39.06:305][  0]LogSlate: Updating window title bar state: overlay mode, drag disabled, window buttons hidden, title bar hidden
[2020.04.16-08.39.06:311][  0]LogSlate: Updating window title bar state: overlay mode, drag disabled, window buttons hidden, title bar hidden
[2020.04.16-08.39.06:318][  0]LogSlate: Updating window title bar state: overlay mode, drag disabled, window buttons hidden, title bar hidden
[2020.04.16-08.39.06:333][  0]LogCollectionManager: Loaded 0 collections in 0.001763 seconds
[2020.04.16-08.39.06:372][  0]LogFileCache: Scanning file cache for directory 'C:/Users/manou/OneDrive/Documenten/1. HKU/Jaar 2/Blok 4/Project Vrij ll/SourceTree Temple/TheTemple/Saved/Collections/' took 0.00s
[2020.04.16-08.39.06:372][  0]LogFileCache: Scanning file cache for directory 'C:/Users/manou/OneDrive/Documenten/1. HKU/Jaar 2/Blok 4/Project Vrij ll/SourceTree Temple/TheTemple/Content/Developers/manou/Collections/' took 0.00s
[2020.04.16-08.39.06:372][  0]LogFileCache: Scanning file cache for directory 'C:/Users/manou/OneDrive/Documenten/1. HKU/Jaar 2/Blok 4/Project Vrij ll/SourceTree Temple/TheTemple/Content/Collections/' took 0.00s
[2020.04.16-08.39.06:372][  0]LogContentBrowser: Native class hierarchy populated in 0.0084 seconds. Added 3016 classes and 719 folders.
[2020.04.16-08.39.06:384][  0]LogContentBrowser: Native class hierarchy updated for 'WidgetCarousel' in 0.0004 seconds. Added 0 classes and 0 folders.
[2020.04.16-08.39.06:588][  0]LogContentBrowser: Native class hierarchy updated for 'AddContentDialog' in 0.0003 seconds. Added 0 classes and 0 folders.
[2020.04.16-08.39.06:610][  0]LogContentBrowser: Native class hierarchy updated for 'SceneOutliner' in 0.0004 seconds. Added 2 classes and 3 folders.
[2020.04.16-08.39.06:981][  0]LogSlate: Took 0.000212 seconds to synchronously load lazily loaded font '../../../Engine/Content/Slate/Fonts/Roboto-Regular.ttf' (155K)
[2020.04.16-08.39.06:983][  0]LogSlate: Took 0.000149 seconds to synchronously load lazily loaded font '../../../Engine/Content/Slate/Fonts/Roboto-Bold.ttf' (160K)
[2020.04.16-08.39.06:988][  0]LogSlate: Took 0.000441 seconds to synchronously load lazily loaded font '../../../Engine/Content/Editor/Slate/Fonts/FontAwesome.ttf' (139K)
[2020.04.16-08.39.07:073][  0]LogRenderer: Reallocating scene render targets to support 1208x572 Format 10 NumSamples 1 (Frame:1).
[2020.04.16-08.39.07:599][  0]LogContentBrowser: Native class hierarchy updated for 'HierarchicalLODOutliner' in 0.0004 seconds. Added 0 classes and 0 folders.
[2020.04.16-08.39.07:599][  0]LogLoad: (Engine Initialization) Total time: 9.90 seconds
[2020.04.16-08.39.07:599][  0]LogLoad: (Engine Initialization) Total Blueprint compile time: 0.00 seconds
[2020.04.16-08.39.07:649][  0]LogAssetRegistry: Asset discovery search completed in 5.7195 seconds
[2020.04.16-08.39.07:653][  0]LogCollectionManager: Fixed up redirectors for 0 collections in 0.000008 seconds (updated 0 objects)
[2020.04.16-08.39.07:654][  0]LogContentStreaming: Texture pool size now 1000 MB
[2020.04.16-08.39.07:685][  0]LogSlate: Took 0.001095 seconds to synchronously load lazily loaded font '../../../Engine/Content/Slate/Fonts/Roboto-Light.ttf' (167K)
[2020.04.16-08.39.22:419][873]LogEditorViewport: Clicking on Actor (LMB): BP_Sky_Sphere_C (BP_Sky_Sphere)
[2020.04.16-08.39.22:807][893]LogEditorViewport: Clicking on Actor (LMB): StaticMeshActor (Sphere26)
[2020.04.16-08.39.23:772][945]Cmd: DELETE
[2020.04.16-08.39.23:772][945]Cmd: ACTOR DELETE
[2020.04.16-08.39.23:779][945]LogEditorActor: Deleted Actor: StaticMeshActor
[2020.04.16-08.39.23:801][945]LogUObjectHash: Compacting FUObjectHashTables data took   0.78ms
[2020.04.16-08.39.23:802][945]LogEditorActor: Deleted 1 Actors (0.028 secs)
[2020.04.16-08.39.27:235][151]LogEditorViewport: Clicking on Actor (LMB): StaticMeshActor (Sphere21)
[2020.04.16-08.39.27:492][164]Cmd: DELETE
[2020.04.16-08.39.27:492][164]Cmd: ACTOR DELETE
[2020.04.16-08.39.27:496][164]LogEditorActor: Deleted Actor: StaticMeshActor
[2020.04.16-08.39.27:522][164]LogUObjectHash: Compacting FUObjectHashTables data took   0.68ms
[2020.04.16-08.39.27:522][164]LogEditorActor: Deleted 1 Actors (0.030 secs)
[2020.04.16-08.39.28:522][224]LogEditorViewport: Clicking on Actor (LMB): StaticMeshActor (Sphere25)
[2020.04.16-08.39.29:166][260]Cmd: DELETE
[2020.04.16-08.39.29:166][260]Cmd: ACTOR DELETE
[2020.04.16-08.39.29:169][260]LogEditorActor: Deleted Actor: StaticMeshActor
[2020.04.16-08.39.29:189][260]LogUObjectHash: Compacting FUObjectHashTables data took   0.65ms
[2020.04.16-08.39.29:189][260]LogEditorActor: Deleted 1 Actors (0.023 secs)
[2020.04.16-08.39.29:805][297]LogEditorViewport: Clicking on Actor (LMB): StaticMeshActor (Sphere24)
[2020.04.16-08.39.29:882][299]Cmd: DELETE
[2020.04.16-08.39.29:882][299]Cmd: ACTOR DELETE
[2020.04.16-08.39.29:885][299]LogEditorActor: Deleted Actor: StaticMeshActor
[2020.04.16-08.39.29:905][299]LogUObjectHash: Compacting FUObjectHashTables data took   0.63ms
[2020.04.16-08.39.29:905][299]LogEditorActor: Deleted 1 Actors (0.023 secs)
[2020.04.16-08.39.31:365][386]LogEditorViewport: Clicking on Actor (LMB): StaticMeshActor (Sphere8)
[2020.04.16-08.39.31:513][392]Cmd: DELETE
[2020.04.16-08.39.31:513][392]Cmd: ACTOR DELETE
[2020.04.16-08.39.31:515][392]LogEditorActor: Deleted Actor: StaticMeshActor
[2020.04.16-08.39.31:537][392]LogUObjectHash: Compacting FUObjectHashTables data took   0.59ms
[2020.04.16-08.39.31:538][392]LogEditorActor: Deleted 1 Actors (0.025 secs)
[2020.04.16-08.39.35:007][600]LogEditorViewport: Clicking on Actor (LMB): StaticMeshActor (Sphere)
[2020.04.16-08.39.50:146][483]LogEditorViewport: Clicking on Actor (LMB): StaticMeshActor (Cube3)
[2020.04.16-08.40.15:350][973]LogEditorViewport: Clicking on Actor (LMB): StaticMeshActor (Cube2)
[2020.04.16-08.40.53:212][225]LogEditorViewport: Clicking on Actor (LMB): StaticMeshActor (Cube9)
[2020.04.16-08.43.19:724][713]Cmd: TRANSACTION UNDO
[2020.04.16-08.43.19:724][713]LogEditorTransaction: Undo Move World Outliner Items
[2020.04.16-08.43.19:742][713]LogSlate: Took 0.000196 seconds to synchronously load lazily loaded font '../../../Engine/Content/Slate/Fonts/Roboto-Light.ttf' (167K)
[2020.04.16-08.43.31:939][427]LogEditorViewport: Clicking on Actor (LMB): StaticMeshActor (Sphere)
[2020.04.16-08.43.45:673][238]LogEditorViewport: Clicking on Actor (LMB): StaticMeshActor (Cylinder)
[2020.04.16-08.43.55:861][838]LogEditorViewport: Clicking on Actor (LMB): StaticMeshActor (Cylinder6)
[2020.04.16-08.44.02:017][199]Cmd: POLY SELECT ADJACENT WALLS
[2020.04.16-08.44.51:861][144]LogEditorViewport: Clicking on Actor (LMB): StaticMeshActor (Cylinder6)
[2020.04.16-08.45.10:177][230]LogEditorViewport: Clicking on Actor (LMB): StaticMeshActor (Sphere14)
[2020.04.16-08.48.05:641][671]LogPhysics: Warning: UBodySetup::GetCookInfo: Triangle data from '/Game/StarterContent/Maps/Minimal_Default.Minimal_Default:PersistentLevel.ModelComponent_174' invalid (336 verts, 0 indices).
[2020.04.16-08.48.05:641][671]LogPhysics: Warning: Attempt to build physics data for /Game/StarterContent/Maps/Minimal_Default.Minimal_Default:PersistentLevel.ModelComponent_174.BodySetup_0 when we are unable to.
[2020.04.16-08.48.05:641][671]LogPhysics: Warning: UBodySetup::GetCookInfo: Triangle data from '/Game/StarterContent/Maps/Minimal_Default.Minimal_Default:PersistentLevel.ModelComponent_175' invalid (336 verts, 0 indices).
[2020.04.16-08.48.05:641][671]LogPhysics: Warning: Attempt to build physics data for /Game/StarterContent/Maps/Minimal_Default.Minimal_Default:PersistentLevel.ModelComponent_175.BodySetup_0 when we are unable to.
[2020.04.16-08.48.05:642][671]LogPhysics: Warning: UBodySetup::GetCookInfo: Triangle data from '/Game/StarterContent/Maps/Minimal_Default.Minimal_Default:PersistentLevel.ModelComponent_176' invalid (336 verts, 0 indices).
[2020.04.16-08.48.05:642][671]LogPhysics: Warning: Attempt to build physics data for /Game/StarterContent/Maps/Minimal_Default.Minimal_Default:PersistentLevel.ModelComponent_176.BodySetup_0 when we are unable to.
[2020.04.16-08.48.47:977][193]LogPhysics: Warning: UBodySetup::GetCookInfo: Triangle data from '/Game/StarterContent/Maps/Minimal_Default.Minimal_Default:PersistentLevel.ModelComponent_177' invalid (336 verts, 0 indices).
[2020.04.16-08.48.47:977][193]LogPhysics: Warning: Attempt to build physics data for /Game/StarterContent/Maps/Minimal_Default.Minimal_Default:PersistentLevel.ModelComponent_177.BodySetup_0 when we are unable to.
[2020.04.16-08.49.04:651][178]LogPhysics: Warning: UBodySetup::GetCookInfo: Triangle data from '/Game/StarterContent/Maps/Minimal_Default.Minimal_Default:PersistentLevel.ModelComponent_177' invalid (336 verts, 0 indices).
[2020.04.16-08.49.04:652][178]LogPhysics: Warning: Attempt to build physics data for /Game/StarterContent/Maps/Minimal_Default.Minimal_Default:PersistentLevel.ModelComponent_177.BodySetup_0 when we are unable to.
[2020.04.16-08.49.25:745][441]LogEditorViewport: Clicking on Actor (LMB): BP_Sky_Sphere_C (BP_Sky_Sphere)
[2020.04.16-08.49.57:524][331]Cmd: EDIT COPY
[2020.04.16-08.49.57:854][350]Cmd: EDIT PASTE
[2020.04.16-08.51.52:394][169]LogEditorViewport: Clicking on Actor (LMB): StaticMeshActor (Plane)
[2020.04.16-08.52.21:409][888]Cmd: TRANSACTION UNDO
[2020.04.16-08.52.21:409][888]LogEditorTransaction: Undo Set Location
[2020.04.16-08.53.28:763][894]LogEditorViewport: Clicking on Actor (LMB): StaticMeshActor (Cube20)
[2020.04.16-08.53.49:274][119]LogEditorViewport: Clicking on Actor (LMB): StaticMeshActor (Cube20)
[2020.04.16-08.53.50:171][170]Cmd: EDIT COPY
[2020.04.16-08.53.50:576][194]Cmd: EDIT PASTE
[2020.04.16-08.55.15:981][280]LogSlate: Took 0.003458 seconds to synchronously load lazily loaded font '../../../Engine/Content/Slate/Fonts/Roboto-Italic.ttf' (157K)
[2020.04.16-08.55.47:314][130]LogEditorViewport: Clicking on Actor (LMB): StaticMeshActor (Plane)
[2020.04.16-08.56.01:732][991]LogEditorViewport: Clicking on Actor (LMB): StaticMeshActor (Plane)
[2020.04.16-08.56.05:545][218]LogEditorViewport: Clicking on Actor (LMB): StaticMeshActor (Cube13)
[2020.04.16-08.56.49:843][832]LogEditorViewport: Clicking on Actor (LMB): StaticMeshActor (Plane)
[2020.04.16-08.57.07:327][862]LogEditorViewport: Clicking on Actor (LMB): StaticMeshActor (Cube10)
[2020.04.16-08.57.09:181][965]LogEditorViewport: Clicking on Actor (LMB): StaticMeshActor (Cube16)
[2020.04.16-08.57.33:470][403]LogEditorViewport: Clicking on Actor (LMB): BP_Sky_Sphere_C (BP_Sky_Sphere)
[2020.04.16-08.57.35:371][514]LogEditorViewport: Clicking on Actor (LMB): BP_Sky_Sphere_C (BP_Sky_Sphere)
[2020.04.16-08.57.37:360][625]LogEditorViewport: Clicking on Actor (LMB): BP_Sky_Sphere_C (BP_Sky_Sphere)
[2020.04.16-08.57.38:912][710]LogEditorViewport: Clicking on Actor (LMB): StaticMeshActor (Cube18)
[2020.04.16-08.57.59:357][908]LogEditorViewport: Clicking on Actor (LMB): StaticMeshActor (Cube16)
[2020.04.16-08.58.07:606][392]LogEditorViewport: Clicking on Actor (LMB): StaticMeshActor (Cube10)
[2020.04.16-08.58.12:968][710]LogEditorViewport: Clicking on Actor (LMB): StaticMeshActor (Plane)
[2020.04.16-08.58.26:858][537]LogEditorViewport: Clicking on Actor (LMB): StaticMeshActor (Cube)
[2020.04.16-08.59.04:384][767]LogEditorViewport: Clicking on Actor (LMB): StaticMeshActor (Cube9)
[2020.04.16-08.59.07:521][949]LogEditorViewport: Clicking on Actor (LMB): StaticMeshActor (Cylinder8)
[2020.04.16-08.59.33:696][502]LogEditorViewport: Clicking on Actor (LMB): StaticMeshActor (Cube20)
[2020.04.16-08.59.38:106][755]LogEditorViewport: Clicking on Actor (LMB): StaticMeshActor (Cylinder8)
[2020.04.16-08.59.48:513][363]LogEditorViewport: Clicking on Actor (LMB): StaticMeshActor (Cylinder8)
[2020.04.16-09.00.13:407][850]LogEditorViewport: Clicking on Actor (LMB): StaticMeshActor (Cube20)
[2020.04.16-09.00.35:038][121]LogEditorViewport: Clicking on Actor (LMB): StaticMeshActor (Cube21)
[2020.04.16-09.04.38:924][602]LogUObjectHash: Compacting FUObjectHashTables data took   1.71ms
[2020.04.16-09.04.39:089][602]LogSavePackage: Moving '../../../../../../OneDrive/Documenten/1. HKU/Jaar 2/Blok 4/Project Vrij ll/SourceTree Temple/TheTemple/Saved/Minimal_Default_Auto13E76C4DE4C27739CBC6EAB931CB8E5CF.tmp' to '../../../../../../OneDrive/Documenten/1. HKU/Jaar 2/Blok 4/Project Vrij ll/SourceTree Temple/TheTemple/Saved/Autosaves/Game/StarterContent/Maps/Minimal_Default_Auto1.umap'
[2020.04.16-09.04.39:091][602]LogFileHelpers: Editor autosave (incl. sublevels) for '/Game/StarterContent/Maps/Minimal_Default' took 0.214
[2020.04.16-09.04.39:091][602]LogFileHelpers: Editor autosave (incl. sublevels) for all levels took 0.214
[2020.04.16-09.05.31:499][719]Cmd: EDIT COPY
[2020.04.16-09.05.31:932][745]Cmd: EDIT PASTE
[2020.04.16-09.06.04:254][670]LogEditorViewport: Clicking on Actor (LMB): StaticMeshActor (Cylinder9)
[2020.04.16-09.07.23:275][328]LogEditorViewport: Clicking on Actor (LMB): StaticMeshActor (Cylinder9)
[2020.04.16-09.07.24:062][374]Cmd: EDIT COPY
[2020.04.16-09.07.24:329][390]Cmd: EDIT PASTE
[2020.04.16-09.08.07:447][929]LogEditorViewport: Clicking on Actor (LMB): StaticMeshActor (Cylinder10)
[2020.04.16-09.08.20:034][678]LogEditorViewport: Clicking on Actor (LMB): StaticMeshActor (Cylinder9)
[2020.04.16-09.09.45:607][778]Cmd: EDIT COPY
[2020.04.16-09.09.46:040][804]Cmd: EDIT PASTE
[2020.04.16-09.10.52:247][742]Cmd: EDIT COPY
[2020.04.16-09.10.52:548][760]Cmd: EDIT PASTE
[2020.04.16-09.12.14:097][577]LogEditorViewport: Clicking on Actor (context menu): StaticMeshActor (Plane)
[2020.04.16-09.12.15:132][631]LogEditorViewport: Clicking on Actor (LMB): StaticMeshActor (Cube13)
[2020.04.16-09.12.15:809][668]LogEditorViewport: Clicking on Actor (LMB): StaticMeshActor (Cube13)
[2020.04.16-09.12.15:873][670]LogEditorViewport: Clicking on Component (LMB): StaticMeshComponent (StaticMeshComponent0)
[2020.04.16-09.12.21:037][959]LogEditorViewport: Clicking on Actor (LMB): StaticMeshActor (Cylinder12)
[2020.04.16-09.13.11:233][938]LogEditorViewport: Clicking on Actor (LMB): StaticMeshActor (Cube9)
[2020.04.16-09.13.40:424][678]Cmd: EDIT COPY
[2020.04.16-09.13.40:756][698]Cmd: EDIT PASTE
[2020.04.16-09.14.19:815][ 27]LogEditorViewport: Clicking on Actor (LMB): StaticMeshActor (Cube9)
[2020.04.16-09.14.26:616][426]LogEditorViewport: Clicking on Actor (LMB): StaticMeshActor (Cube22)
[2020.04.16-09.15.46:761][160]LogEditorViewport: Clicking on Actor (LMB): StaticMeshActor (Cube22)
[2020.04.16-09.16.10:529][540]LogEditorViewport: Clicking on Actor (LMB): StaticMeshActor (Cylinder)
[2020.04.16-09.16.10:947][561]Cmd: EDIT COPY
[2020.04.16-09.16.11:263][580]Cmd: EDIT PASTE
[2020.04.16-09.16.12:505][653]LogEditorViewport: Clicking on Actor (LMB): StaticMeshActor (Cube22)
[2020.04.16-09.16.13:594][715]Cmd: TRANSACTION UNDO
[2020.04.16-09.16.13:594][715]LogEditorTransaction: Undo Clicking on Actors
[2020.04.16-09.16.17:107][896]LogEditorViewport: Clicking on Actor (LMB): StaticMeshActor (Cylinder13)
[2020.04.16-09.16.22:937][243]LogEditorViewport: Clicking on Actor (LMB): StaticMeshActor (Cube22)
[2020.04.16-09.16.29:719][635]Cmd: TRANSACTION UNDO
[2020.04.16-09.16.29:719][635]LogEditorTransaction: Undo Clicking on Actors
[2020.04.16-09.16.35:169][931]Cmd: TRANSACTION UNDO
[2020.04.16-09.16.35:169][931]LogEditorTransaction: Undo Clicking on Actors
[2020.04.16-09.16.39:852][187]Cmd: TRANSACTION UNDO
[2020.04.16-09.16.39:852][187]LogEditorTransaction: Undo Clicking on Actors
[2020.04.16-09.16.42:284][305]Cmd: TRANSACTION UNDO
[2020.04.16-09.16.42:284][305]LogEditorTransaction: Undo Paste
[2020.04.16-09.16.46:649][563]Cmd: TRANSACTION UNDO
[2020.04.16-09.16.46:649][563]LogEditorTransaction: Undo Clicking on Actors
[2020.04.16-09.17.15:392][239]Cmd: TRANSACTION UNDO
[2020.04.16-09.17.15:392][239]LogEditorTransaction: Undo Move Actors
[2020.04.16-09.17.17:110][317]Cmd: TRANSACTION UNDO
[2020.04.16-09.17.17:110][317]LogEditorTransaction: Undo Set Rotation
[2020.04.16-09.17.18:275][385]Cmd: TRANSACTION UNDO
[2020.04.16-09.17.18:275][385]LogEditorTransaction: Undo Set Rotation
[2020.04.16-09.17.19:645][467]Cmd: TRANSACTION UNDO
[2020.04.16-09.17.19:645][467]LogEditorTransaction: Undo Set Rotation
[2020.04.16-09.17.21:000][547]Cmd: TRANSACTION UNDO
[2020.04.16-09.17.21:000][547]LogEditorTransaction: Undo Move Actors
[2020.04.16-09.17.23:787][712]Cmd: TRANSACTION UNDO
[2020.04.16-09.17.23:788][712]LogEditorTransaction: Undo Scale Actors
[2020.04.16-09.17.34:756][367]LogEditorViewport: Clicking on Actor (LMB): StaticMeshActor (Cube22)
[2020.04.16-09.17.35:968][438]Cmd: EDIT COPY
[2020.04.16-09.17.36:285][457]Cmd: EDIT PASTE
[2020.04.16-09.19.14:336][263]LogEditorViewport: Clicking on Actor (LMB): BP_Sky_Sphere_C (BP_Sky_Sphere)
[2020.04.16-09.19.33:259][391]LogEditorViewport: Clicking on Actor (LMB): StaticMeshActor (Cube23)
[2020.04.16-09.19.40:539][814]LogEditorViewport: Clicking on Actor (LMB): StaticMeshActor (Cube22)
[2020.04.16-09.19.50:288][390]Cmd: EDIT COPY
[2020.04.16-09.19.50:771][419]Cmd: EDIT PASTE
[2020.04.16-09.20.19:036][ 64]Cmd: EDIT COPY
[2020.04.16-09.20.19:291][ 79]Cmd: EDIT PASTE
[2020.04.16-09.20.32:522][848]LogEditorViewport: Clicking on Actor (LMB): StaticMeshActor (Cube22)
[2020.04.16-09.20.49:198][830]LogEditorViewport: Clicking on Actor (LMB): StaticMeshActor (Cube24)
[2020.04.16-09.20.53:043][ 56]LogEditorViewport: Clicking on Actor (LMB): StaticMeshActor (Cube25)
[2020.04.16-09.21.01:507][550]LogEditorViewport: Clicking on Actor (LMB): StaticMeshActor (Cube23)
[2020.04.16-09.21.11:842][154]LogEditorViewport: Clicking on Actor (LMB): StaticMeshActor (Cube24)
[2020.04.16-09.21.27:724][ 71]LogEditorViewport: Clicking on Actor (LMB): StaticMeshActor (Cube21)
[2020.04.16-09.21.37:812][660]LogEditorViewport: Clicking on Actor (LMB): StaticMeshActor (Cube24)
[2020.04.16-09.21.41:976][904]LogEditorViewport: Clicking on Actor (LMB): StaticMeshActor (Cube25)
[2020.04.16-09.22.13:239][249]LogUObjectHash: Compacting FUObjectHashTables data took   1.88ms
[2020.04.16-09.22.13:414][249]LogSavePackage: Moving '../../../../../../OneDrive/Documenten/1. HKU/Jaar 2/Blok 4/Project Vrij ll/SourceTree Temple/TheTemple/Saved/Minimal_Default_Auto2D74A3646462E9CFE50F2E093A720777E.tmp' to '../../../../../../OneDrive/Documenten/1. HKU/Jaar 2/Blok 4/Project Vrij ll/SourceTree Temple/TheTemple/Saved/Autosaves/Game/StarterContent/Maps/Minimal_Default_Auto2.umap'
[2020.04.16-09.22.13:416][249]LogFileHelpers: Editor autosave (incl. sublevels) for '/Game/StarterContent/Maps/Minimal_Default' took 0.214
[2020.04.16-09.22.13:416][249]LogFileHelpers: Editor autosave (incl. sublevels) for all levels took 0.214
[2020.04.16-09.24.17:211][803]LogEditorViewport: Clicking on Actor (LMB): BP_Sky_Sphere_C (BP_Sky_Sphere)
[2020.04.16-09.25.12:407][ 93]Cmd: EDIT COPY
[2020.04.16-09.25.12:856][120]Cmd: EDIT PASTE
[2020.04.16-09.25.23:617][760]Cmd: EDIT COPY
[2020.04.16-09.25.23:923][778]Cmd: EDIT PASTE
[2020.04.16-09.28.36:210][719]LogEditorViewport: Clicking on Actor (LMB): StaticMeshActor (Cube23)
[2020.04.16-09.28.38:506][853]Cmd: EDIT COPY
[2020.04.16-09.28.38:790][870]Cmd: EDIT PASTE
[2020.04.16-09.29.00:160][149]LogEditorViewport: Clicking on Actor (LMB): StaticMeshActor (Cylinder11)
[2020.04.16-09.29.39:901][503]LogEditorViewport: Clicking on Actor (LMB): StaticMeshActor (Cube21)
[2020.04.16-09.29.48:939][ 35]LogEditorViewport: Clicking on Actor (LMB): StaticMeshActor (Cube21)
[2020.04.16-09.29.59:182][645]LogEditorViewport: Clicking on Actor (LMB): StaticMeshActor (Cube23)
[2020.04.16-09.30.14:481][529]LogEditorViewport: Clicking on Actor (LMB): StaticMeshActor (Cube28)
[2020.04.16-09.30.18:460][763]LogEditorViewport: Clicking on Actor (LMB): StaticMeshActor (Cube27)
[2020.04.16-09.30.54:723][929]LogEditorViewport: Clicking on Actor (LMB): StaticMeshActor (Cube24)
[2020.04.16-09.30.58:715][164]LogEditorViewport: Clicking on Actor (LMB): StaticMeshActor (Cube27)
[2020.04.16-09.31.08:503][745]LogEditorViewport: Clicking on Actor (LMB): StaticMeshActor (Cube23)
[2020.04.16-09.31.15:425][156]LogEditorViewport: Clicking on Actor (LMB): StaticMeshActor (Cube28)
[2020.04.16-09.31.34:779][307]LogEditorViewport: Clicking on Actor (context menu): StaticMeshActor (Cube9)
[2020.04.16-09.31.35:819][364]LogEditorViewport: Clicking on Actor (LMB): StaticMeshActor (Cube9)
[2020.04.16-09.31.40:152][616]LogEditorViewport: Clicking on Actor (LMB): StaticMeshActor (Cube26)
[2020.04.16-09.31.48:242][ 97]LogEditorViewport: Clicking on Actor (LMB): StaticMeshActor (Cube9)
[2020.04.16-09.31.58:744][721]LogEditorViewport: Clicking on Actor (LMB): StaticMeshActor (Cube21)
[2020.04.16-09.31.59:275][750]LogEditorViewport: Clicking on Actor (LMB): StaticMeshActor (Cube27)
[2020.04.16-09.32.33:016][753]LogEditorViewport: Clicking on Actor (context menu): StaticMeshActor (Cube27)
[2020.04.16-09.32.34:126][817]LogEditorViewport: Clicking on Actor (LMB): StaticMeshActor (Cube27)
[2020.04.16-09.32.52:830][937]LogEditorViewport: Clicking on Actor (LMB): StaticMeshActor (Cube22)
[2020.04.16-09.32.59:208][304]LogEditorViewport: Clicking on Actor (LMB): StaticMeshActor (Cube23)
[2020.04.16-09.33.17:172][368]LogEditorViewport: Clicking on Actor (LMB): StaticMeshActor (Cube25)
[2020.04.16-09.33.23:723][755]LogEditorViewport: Clicking on Actor (LMB): StaticMeshActor (Cube24)
[2020.04.16-09.33.27:323][966]LogEditorViewport: Clicking on Actor (LMB): StaticMeshActor (Cube28)
[2020.04.16-09.33.53:250][502]LogEditorViewport: Clicking on Actor (LMB): StaticMeshActor (Cylinder11)
[2020.04.16-09.33.55:532][635]Cmd: EDIT COPY
[2020.04.16-09.33.55:865][655]Cmd: EDIT PASTE
[2020.04.16-09.36.01:802][754]LogUObjectHash: Compacting FUObjectHashTables data took   2.12ms
[2020.04.16-09.36.02:038][754]LogSavePackage: Moving '../../../../../../OneDrive/Documenten/1. HKU/Jaar 2/Blok 4/Project Vrij ll/SourceTree Temple/TheTemple/Saved/Minimal_Default_Auto3FB6FE18E451CF8AB6CA4A8A7BA6FACFB.tmp' to '../../../../../../OneDrive/Documenten/1. HKU/Jaar 2/Blok 4/Project Vrij ll/SourceTree Temple/TheTemple/Saved/Autosaves/Game/StarterContent/Maps/Minimal_Default_Auto3.umap'
[2020.04.16-09.36.02:040][754]LogFileHelpers: Editor autosave (incl. sublevels) for '/Game/StarterContent/Maps/Minimal_Default' took 0.266
[2020.04.16-09.36.02:040][754]LogFileHelpers: Editor autosave (incl. sublevels) for all levels took 0.266
[2020.04.16-09.59.55:762][409]Cmd: EDIT COPY
[2020.04.16-09.59.56:146][432]Cmd: EDIT PASTE
[2020.04.16-10.00.37:648][870]LogEditorViewport: Clicking on Actor (LMB): StaticMeshActor (Cube12)
[2020.04.16-10.00.48:706][523]LogEditorViewport: Clicking on Actor (LMB): StaticMeshActor (Cube10)
[2020.04.16-10.01.11:388][866]LogEditorViewport: Clicking on Actor (LMB): StaticMeshActor (Cube11)
[2020.04.16-10.01.34:543][236]LogEditorViewport: Clicking on Actor (LMB): BP_Sky_Sphere_C (BP_Sky_Sphere)
[2020.04.16-10.01.44:278][816]LogEditorViewport: Clicking on Actor (LMB): StaticMeshActor (Plane)
[2020.04.16-10.02.11:750][439]LogEditorViewport: Clicking on Actor (LMB): StaticMeshActor (Cube)
[2020.04.16-10.02.12:751][496]Cmd: EDIT COPY
[2020.04.16-10.02.13:068][515]Cmd: EDIT PASTE
[2020.04.16-10.02.26:030][274]LogEditorViewport: Clicking on Actor (LMB): StaticMeshActor (Cube29)
[2020.04.16-10.02.49:483][664]LogEditorViewport: Clicking on Actor (LMB): StaticMeshActor (Plane)
[2020.04.16-10.02.51:179][763]LogEditorViewport: Clicking on Actor (LMB): StaticMeshActor (Cube29)
[2020.04.16-10.02.59:057][215]LogEditorViewport: Clicking on Actor (LMB): StaticMeshActor (Cube29)
[2020.04.16-10.04.10:862][440]LogEditorViewport: Clicking on Actor (LMB): StaticMeshActor (Cube27)
[2020.04.16-10.04.22:864][150]LogEditorViewport: Clicking on Actor (LMB): StaticMeshActor (Cube9)
[2020.04.16-10.04.23:761][201]LogEditorViewport: Clicking on Actor (LMB): StaticMeshActor (Cube27)
[2020.04.16-10.04.51:713][850]LogEditorViewport: Clicking on Actor (LMB): BP_Sky_Sphere_C (BP_Sky_Sphere)
[2020.04.16-10.05.02:321][480]LogEditorViewport: Clicking on Actor (context menu): StaticMeshActor (Cube21)
[2020.04.16-10.05.16:138][280]LogEditorViewport: Clicking on Actor (LMB): StaticMeshActor (Cube23)
[2020.04.16-10.05.24:913][796]LogEditorViewport: Clicking on Actor (LMB): Brush (Linear Stair Brush3)
[2020.04.16-10.06.35:490][987]LogEditorViewport: Clicking on Actor (LMB): StaticMeshActor (Cube29)
[2020.04.16-10.06.36:390][ 36]Cmd: EDIT COPY
[2020.04.16-10.06.36:657][ 52]Cmd: EDIT PASTE
[2020.04.16-10.06.51:238][913]LogEditorViewport: Clicking on Actor (LMB): StaticMeshActor (Cube30)
[2020.04.16-10.08.11:209][668]LogEditorViewport: Clicking on Actor (LMB): StaticMeshActor (Cube30)
[2020.04.16-10.09.57:104][935]LogEditorViewport: Clicking on Actor (LMB): StaticMeshActor (Cube28)
[2020.04.16-10.10.11:351][746]Cmd: EDIT COPY
[2020.04.16-10.10.23:848][474]Cmd: TRANSACTION UNDO
[2020.04.16-10.10.23:849][474]LogEditorTransaction: Undo Move Actors
[2020.04.16-10.10.25:843][567]Cmd: EDIT COPY
[2020.04.16-10.10.26:276][593]Cmd: EDIT PASTE
[2020.04.16-10.11.15:873][538]LogEditorViewport: Clicking on Actor (LMB): StaticMeshActor (Cube32)
[2020.04.16-10.11.21:877][893]LogEditorViewport: Clicking on Actor (LMB): StaticMeshActor (Cube33)
[2020.04.16-10.11.27:424][221]LogEditorViewport: Clicking on Actor (LMB): StaticMeshActor (Cylinder14)
[2020.04.16-10.12.54:594][380]LogEditorViewport: Clicking on Actor (LMB): StaticMeshActor (Cube31)
[2020.04.16-10.13.13:243][485]Cmd: EDIT COPY
[2020.04.16-10.13.15:130][598]Cmd: EDIT PASTE
[2020.04.16-10.14.25:523][747]LogEditorViewport: Clicking on Actor (LMB): StaticMeshActor (Cube32)
[2020.04.16-10.14.57:895][620]LogEditorViewport: Clicking on Actor (LMB): StaticMeshActor (Cube16)
[2020.04.16-10.14.59:011][683]LogEditorViewport: Clicking on Actor (LMB): StaticMeshActor (Cylinder14)
[2020.04.16-10.15.35:699][866]LogEditorViewport: Clicking on Actor (LMB): StaticMeshActor (Cube34)
[2020.04.16-10.15.38:849][ 52]Cmd: EDIT COPY
[2020.04.16-10.15.39:182][ 72]Cmd: EDIT PASTE
[2020.04.16-10.16.32:000][175]Cmd: DELETE
[2020.04.16-10.16.32:000][175]Cmd: ACTOR DELETE
[2020.04.16-10.16.32:007][175]LogEditorActor: Deleted Actor: StaticMeshActor
[2020.04.16-10.16.32:032][175]LogUObjectHash: Compacting FUObjectHashTables data took   1.84ms
[2020.04.16-10.16.32:034][175]LogEditorActor: Deleted 1 Actors (0.033 secs)
[2020.04.16-10.16.36:651][452]Cmd: TRANSACTION UNDO
[2020.04.16-10.16.36:651][452]LogEditorTransaction: Undo Delete Actors
[2020.04.16-10.16.59:466][783]Cmd: EDIT COPY
[2020.04.16-10.16.59:782][802]Cmd: EDIT PASTE
[2020.04.16-10.17.25:376][326]LogEditorViewport: Clicking on Actor (LMB): StaticMeshActor (Cylinder10)
[2020.04.16-10.17.26:287][377]Cmd: EDIT COPY
[2020.04.16-10.17.26:720][403]Cmd: EDIT PASTE
[2020.04.16-10.20.01:943][560]Cmd: EDIT COPY
[2020.04.16-10.20.02:227][577]Cmd: EDIT PASTE
[2020.04.16-10.20.26:363][  7]Cmd: EDIT COPY
[2020.04.16-10.20.26:635][ 23]Cmd: EDIT PASTE
[2020.04.16-10.20.33:316][420]Cmd: EDIT COPY
[2020.04.16-10.20.33:565][435]Cmd: EDIT PASTE
[2020.04.16-10.20.41:697][910]LogEditorViewport: Clicking on Actor (LMB): StaticMeshActor (Cylinder17)
[2020.04.16-10.21.11:957][675]LogEditorViewport: Clicking on Actor (LMB): StaticMeshActor (Cylinder15)
[2020.04.16-10.21.13:015][736]Cmd: EDIT PASTE
[2020.04.16-10.21.18:500][ 60]Cmd: TRANSACTION UNDO
[2020.04.16-10.21.18:500][ 60]LogEditorTransaction: Undo Move Actors
[2020.04.16-10.21.19:138][ 74]Cmd: TRANSACTION UNDO
[2020.04.16-10.21.19:138][ 74]LogEditorTransaction: Undo Paste
[2020.04.16-10.21.20:631][158]Cmd: EDIT COPY
[2020.04.16-10.21.20:917][175]Cmd: EDIT PASTE
[2020.04.16-10.21.26:921][533]Cmd: EDIT PASTE
[2020.04.16-10.22.10:387][136]Cmd: EDIT PASTE
[2020.04.16-10.22.32:186][420]Cmd: EDIT COPY
[2020.04.16-10.22.32:441][435]Cmd: EDIT PASTE
[2020.04.16-10.22.42:786][ 45]Cmd: EDIT COPY
[2020.04.16-10.22.43:053][ 61]Cmd: EDIT PASTE
[2020.04.16-10.22.49:819][454]Cmd: EDIT COPY
[2020.04.16-10.22.50:086][470]Cmd: EDIT PASTE
[2020.04.16-10.23.36:255][197]LogEditorViewport: Clicking on Actor (LMB): StaticMeshActor (Cylinder9)
[2020.04.16-10.23.38:074][303]Cmd: EDIT COPY
[2020.04.16-10.23.38:357][320]Cmd: EDIT PASTE
[2020.04.16-10.25.07:442][604]LogEditorViewport: Clicking on Actor (LMB): StaticMeshActor (Plane)
[2020.04.16-10.25.08:975][692]Cmd: EDIT COPY
[2020.04.16-10.25.09:657][728]LogUObjectHash: Compacting FUObjectHashTables data took   1.57ms
[2020.04.16-10.25.09:833][728]LogSavePackage: Moving '../../../../../../OneDrive/Documenten/1. HKU/Jaar 2/Blok 4/Project Vrij ll/SourceTree Temple/TheTemple/Saved/Minimal_Default_Auto44E9B888447248A6A33AD1FB723920CF4.tmp' to '../../../../../../OneDrive/Documenten/1. HKU/Jaar 2/Blok 4/Project Vrij ll/SourceTree Temple/TheTemple/Saved/Autosaves/Game/StarterContent/Maps/Minimal_Default_Auto4.umap'
[2020.04.16-10.25.09:835][728]LogFileHelpers: Editor autosave (incl. sublevels) for '/Game/StarterContent/Maps/Minimal_Default' took 0.201
[2020.04.16-10.25.09:835][728]LogFileHelpers: Editor autosave (incl. sublevels) for all levels took 0.201
[2020.04.16-10.25.09:969][730]Cmd: EDIT PASTE
[2020.04.16-10.25.51:507][190]LogEditorViewport: Clicking on Actor (LMB): StaticMeshActor (Cylinder12)
[2020.04.16-10.25.52:484][246]Cmd: EDIT COPY
[2020.04.16-10.25.52:785][264]Cmd: EDIT PASTE
[2020.04.16-10.26.39:612][ 43]LogUObjectHash: Compacting FUObjectHashTables data took   1.65ms
[2020.04.16-10.26.39:782][ 43]LogSavePackage: Moving '../../../../../../OneDrive/Documenten/1. HKU/Jaar 2/Blok 4/Project Vrij ll/SourceTree Temple/TheTemple/Saved/Minimal_Default506F92AE4A978054749509893D544126.tmp' to '../../../../../../OneDrive/Documenten/1. HKU/Jaar 2/Blok 4/Project Vrij ll/SourceTree Temple/TheTemple/Content/StarterContent/Maps/Minimal_Default.umap'
[2020.04.16-10.26.39:900][ 43]LogSavePackage: Moving '../../../../../../OneDrive/Documenten/1. HKU/Jaar 2/Blok 4/Project Vrij ll/SourceTree Temple/TheTemple/Saved/Minimal_Default_BuiltDataB101C93E45C3DFDCE907269BEA9ACCED.tmp' to '../../../../../../OneDrive/Documenten/1. HKU/Jaar 2/Blok 4/Project Vrij ll/SourceTree Temple/TheTemple/Content/StarterContent/Maps/Minimal_Default_BuiltData.uasset'
[2020.04.16-10.26.39:918][ 43]AssetCheck: New page: Asset Save: multiple assets
[2020.04.16-10.26.39:918][ 43]LogContentValidation: Display: Validating World /Game/StarterContent/Maps/Minimal_Default.Minimal_Default
[2020.04.16-10.26.39:918][ 43]LogContentValidation: Display: Validating MapBuildDataRegistry /Game/StarterContent/Maps/Minimal_Default_BuiltData.Minimal_Default_BuiltData
[2020.04.16-10.26.47:916][504]LogWindows: Warning: CreateProc failed: Het systeem kan het opgegeven bestand niet vinden. (0x00000002)
[2020.04.16-10.26.47:916][504]LogWindows: Warning: URL: C:/Users/Geoffrey/AppData/Local/Atlassian/SourceTree/git_local/bin/git.exe version
[2020.04.16-10.27.01:759][ 11]LogSlate: Window 'Source Control Login' being destroyed
[2020.04.16-10.27.05:960][219]SourceControl: fatal: C:/Users/manou/Downloads/Games/UE_4.24/Engine/Content: 'C:/Users/manou/Downloads/Games/UE_4.24/Engine/Content' is outside repository
[2020.04.16-10.27.20:275][219]LogSlate: Window 'Submit Files' being destroyed
[2020.04.16-10.27.20:644][219]LogSourceControl: commit successful: [master ac6d6b1] Continuation blockout level
[2020.04.16-10.27.20:712][219]SourceControl: [master ac6d6b1] Continuation blockout level
[2020.04.16-10.27.20:712][219]SourceControl:  1 file changed, 0 insertions(+), 0 deletions(-)
[2020.04.16-10.27.20:731][219]SourceControl: Commited [master ac6d6b1] Continuation blockout level.
[2020.04.16-12.02.48:332][725]LogEditorViewport: Clicking on Actor (LMB): StaticMeshActor (Sphere)
[2020.04.16-12.02.58:282][291]LogUObjectHash: Compacting FUObjectHashTables data took   1.99ms
[2020.04.16-12.02.58:461][291]LogSavePackage: Moving '../../../../../../OneDrive/Documenten/1. HKU/Jaar 2/Blok 4/Project Vrij ll/SourceTree Temple/TheTemple/Saved/Minimal_DefaultC5179E354DCBAD88FC086C9129C5D1D3.tmp' to '../../../../../../OneDrive/Documenten/1. HKU/Jaar 2/Blok 4/Project Vrij ll/SourceTree Temple/TheTemple/Content/StarterContent/Maps/Minimal_Default.umap'
[2020.04.16-12.02.58:665][291]LogSavePackage: Moving '../../../../../../OneDrive/Documenten/1. HKU/Jaar 2/Blok 4/Project Vrij ll/SourceTree Temple/TheTemple/Saved/Minimal_Default_BuiltDataA37E57BD46CBF3E9AAEDBEA78F70683A.tmp' to '../../../../../../OneDrive/Documenten/1. HKU/Jaar 2/Blok 4/Project Vrij ll/SourceTree Temple/TheTemple/Content/StarterContent/Maps/Minimal_Default_BuiltData.uasset'
[2020.04.16-12.02.58:682][291]AssetCheck: New page: Asset Save: multiple assets
[2020.04.16-12.02.58:682][291]LogContentValidation: Display: Validating World /Game/StarterContent/Maps/Minimal_Default.Minimal_Default
[2020.04.16-12.02.58:682][291]LogContentValidation: Display: Validating MapBuildDataRegistry /Game/StarterContent/Maps/Minimal_Default_BuiltData.Minimal_Default_BuiltData
[2020.04.16-12.03.04:125][584]SourceControl: fatal: C:/Users/manou/Downloads/Games/UE_4.24/Engine/Content: 'C:/Users/manou/Downloads/Games/UE_4.24/Engine/Content' is outside repository
[2020.04.16-12.03.19:669][584]LogSlate: Window 'Submit Files' being destroyed
[2020.04.16-12.03.20:150][584]LogSourceControl: commit successful: [master b4f3495] continuation blockout
[2020.04.16-12.03.20:220][584]SourceControl: [master b4f3495] continuation blockout
[2020.04.16-12.03.20:220][584]SourceControl:  1 file changed, 0 insertions(+), 0 deletions(-)
[2020.04.16-12.03.20:238][584]SourceControl: Commited [master b4f3495] continuation blockout.
