Log file open, 04/17/20 12:55:30
LogWindows: Failed to load 'aqProf.dll' (GetLastError=126)
LogWindows: File 'aqProf.dll' does not exist
LogWindows: Failed to load 'VtuneApi.dll' (GetLastError=126)
LogWindows: File 'VtuneApi.dll' does not exist
LogWindows: Failed to load 'VtuneApi32e.dll' (GetLastError=126)
LogWindows: File 'VtuneApi32e.dll' does not exist
LogConsoleResponse: Display: Failed to find resolution value strings in scalability ini. Falling back to default.
LogInit: Display: Running engine for game: TheTemple
LogPlatformFile: Not using cached read wrapper
LogTaskGraph: Started task graph with 5 named threads and 23 total threads with 3 sets of task threads.
LogStats: Stats thread started at 0.381111
LogD3D11RHI: Loaded GFSDK_Aftermath_Lib.x64.dll
LogICUInternationalization: ICU TimeZone Detection - Raw Offset: +1:00, Platform Override: ''
LogPluginManager: Mounting plugin Paper2D
LogPluginManager: Mounting plugin AISupport
LogPluginManager: Mounting plugin LightPropagationVolume
LogPluginManager: Mounting plugin ActorLayerUtilities
LogPluginManager: Mounting plugin AnimationSharing
LogPluginManager: Mounting plugin CLionSourceCodeAccess
LogPluginManager: Mounting plugin CodeLiteSourceCodeAccess
LogPluginManager: Mounting plugin GitSourceControl
LogPluginManager: Mounting plugin KDevelopSourceCodeAccess
LogPluginManager: Mounting plugin NullSourceCodeAccess
LogPluginManager: Mounting plugin PerforceSourceControl
LogPluginManager: Mounting plugin PlasticSourceControl
LogPluginManager: Mounting plugin SubversionSourceControl
LogPluginManager: Mounting plugin UObjectPlugin
LogPluginManager: Mounting plugin VisualStudioCodeSourceCodeAccess
LogPluginManager: Mounting plugin VisualStudioSourceCodeAccess
LogPluginManager: Mounting plugin XCodeSourceCodeAccess
LogPluginManager: Mounting plugin AssetManagerEditor
LogPluginManager: Mounting plugin CryptoKeys
LogPluginManager: Mounting plugin CurveEditorTools
LogPluginManager: Mounting plugin DataValidation
LogPluginManager: Mounting plugin FacialAnimation
LogPluginManager: Mounting plugin GameplayTagsEditor
LogPluginManager: Mounting plugin MacGraphicsSwitching
LogPluginManager: Mounting plugin MaterialAnalyzer
LogPluginManager: Mounting plugin MobileLauncherProfileWizard
LogPluginManager: Mounting plugin PluginBrowser
LogPluginManager: Mounting plugin SpeedTreeImporter
LogPluginManager: Mounting plugin DatasmithContent
LogPluginManager: Mounting plugin VariantManagerContent
LogPluginManager: Mounting plugin AlembicImporter
LogPluginManager: Mounting plugin AutomationUtils
LogPluginManager: Mounting plugin BackChannel
LogPluginManager: Mounting plugin CharacterAI
LogPluginManager: Mounting plugin GeometryCache
LogPluginManager: Mounting plugin PlatformCrypto
LogPluginManager: Mounting plugin ProxyLODPlugin
LogPluginManager: Mounting plugin SkeletalReduction
LogPluginManager: Mounting plugin MagicLeap
LogPluginManager: Mounting plugin MagicLeapMedia
LogPluginManager: Mounting plugin MLSDK
LogPluginManager: Mounting plugin AndroidMedia
LogPluginManager: Mounting plugin AvfMedia
LogPluginManager: Mounting plugin ImgMedia
LogPluginManager: Mounting plugin MediaCompositing
LogPluginManager: Mounting plugin MediaPlayerEditor
LogPluginManager: Mounting plugin WebMMedia
LogPluginManager: Mounting plugin WmfMedia
LogPluginManager: Mounting plugin TcpMessaging
LogPluginManager: Mounting plugin UdpMessaging
LogPluginManager: Mounting plugin ActorSequence
LogPluginManager: Mounting plugin LevelSequenceEditor
LogPluginManager: Mounting plugin MatineeToLevelSequence
LogPluginManager: Mounting plugin NetcodeUnitTest
LogPluginManager: Mounting plugin NUTUnrealEngine4
LogPluginManager: Mounting plugin OnlineSubsystemGooglePlay
LogPluginManager: Mounting plugin OnlineSubsystemIOS
LogPluginManager: Mounting plugin OnlineSubsystem
LogPluginManager: Mounting plugin OnlineSubsystemNull
LogPluginManager: Mounting plugin OnlineSubsystemUtils
LogPluginManager: Mounting plugin LauncherChunkInstaller
LogPluginManager: Mounting plugin AndroidDeviceProfileSelector
LogPluginManager: Mounting plugin AndroidMoviePlayer
LogPluginManager: Mounting plugin AndroidPermission
LogPluginManager: Mounting plugin AppleImageUtils
LogPluginManager: Mounting plugin AppleMoviePlayer
LogPluginManager: Mounting plugin ArchVisCharacter
LogPluginManager: Mounting plugin AssetTags
LogPluginManager: Mounting plugin AudioCapture
LogPluginManager: Mounting plugin CableComponent
LogPluginManager: Mounting plugin CustomMeshComponent
LogPluginManager: Mounting plugin EditableMesh
LogPluginManager: Mounting plugin ExampleDeviceProfileSelector
LogPluginManager: Mounting plugin GoogleCloudMessaging
LogPluginManager: Mounting plugin IOSDeviceProfileSelector
LogPluginManager: Mounting plugin LinuxDeviceProfileSelector
LogPluginManager: Mounting plugin LocationServicesBPLibrary
LogPluginManager: Mounting plugin MobilePatchingUtils
LogPluginManager: Mounting plugin OculusVR
LogPluginManager: Mounting plugin PhysXVehicles
LogPluginManager: Mounting plugin PostSplashScreen
LogPluginManager: Mounting plugin ProceduralMeshComponent
LogPluginManager: Mounting plugin RuntimePhysXCooking
LogPluginManager: Mounting plugin SignificanceManager
LogPluginManager: Mounting plugin SteamVR
LogPluginManager: Mounting plugin WebMMoviePlayer
LogPluginManager: Mounting plugin WindowsMoviePlayer
LogPluginManager: Mounting plugin ScreenshotTools
LogPluginManager: Mounting plugin FMODStudio
LogInit: Using libcurl 7.55.1-DEV
LogInit:  - built for x86_64-pc-win32
LogInit:  - supports SSL with OpenSSL/1.1.1
LogInit:  - supports HTTP deflate (compression) using libz 1.2.8
LogInit:  - other features:
LogInit:      CURL_VERSION_SSL
LogInit:      CURL_VERSION_LIBZ
LogInit:      CURL_VERSION_IPV6
LogInit:      CURL_VERSION_ASYNCHDNS
LogInit:      CURL_VERSION_LARGEFILE
LogInit:      CURL_VERSION_IDN
LogInit:  CurlRequestOptions (configurable via config and command line):
LogInit:  - bVerifyPeer = true  - Libcurl will verify peer certificate
LogInit:  - bUseHttpProxy = false  - Libcurl will NOT use HTTP proxy
LogInit:  - bDontReuseConnections = false  - Libcurl will reuse connections
LogInit:  - MaxHostConnections = 16  - Libcurl will limit the number of connections to a host
LogInit:  - LocalHostAddr = Default
LogInit:  - BufferSize = 65536
LogOnline: OSS: Creating online subsystem instance for: NULL
LogInit: WinSock: version 1.1 (2.2), MaxSocks=32767, MaxUdp=65467
LogOnline: OSS: TryLoadSubsystemAndSetDefault: Loaded subsystem for module [NULL]
LogInit: Build: ++UE4+Release-4.24-CL-11590370
LogInit: Engine Version: 4.24.3-11590370+++UE4+Release-4.24
LogInit: Compatible Engine Version: 4.24.0-10570792+++UE4+Release-4.24
LogInit: Net CL: 10570792
LogInit: OS: Windows 10 (Release 1903) (), CPU: Intel(R) Core(TM) i7-7700K CPU @ 4.20GHz, GPU: NVIDIA GeForce GTX 1080 Ti
LogInit: Compiled (64-bit): Feb 24 2020 15:39:18
LogInit: Compiled with Visual C++: 19.16.27032.01
LogInit: Build Configuration: Development
LogInit: Branch Name: ++UE4+Release-4.24
LogInit: Command Line: 
LogInit: Base Directory: D:/Program Files/Epic Games/UE_4.24/Engine/Binaries/Win64/
LogInit: Installed Engine Build: 1
LogDevObjectVersion: Number of dev versions registered: 25
LogDevObjectVersion:   Dev-Blueprints (B0D832E4-1F89-4F0D-ACCF-7EB736FD4AA2): 10
LogDevObjectVersion:   Dev-Build (E1C64328-A22C-4D53-A36C-8E866417BD8C): 0
LogDevObjectVersion:   Dev-Core (375EC13C-06E4-48FB-B500-84F0262A717E): 3
LogDevObjectVersion:   Dev-Editor (E4B068ED-F494-42E9-A231-DA0B2E46BB41): 37
LogDevObjectVersion:   Dev-Framework (CFFC743F-43B0-4480-9391-14DF171D2073): 36
LogDevObjectVersion:   Dev-Mobile (B02B49B5-BB20-44E9-A304-32B752E40360): 2
LogDevObjectVersion:   Dev-Networking (A4E4105C-59A1-49B5-A7C5-40C4547EDFEE): 0
LogDevObjectVersion:   Dev-Online (39C831C9-5AE6-47DC-9A44-9C173E1C8E7C): 0
LogDevObjectVersion:   Dev-Physics (78F01B33-EBEA-4F98-B9B4-84EACCB95AA2): 2
LogDevObjectVersion:   Dev-Platform (6631380F-2D4D-43E0-8009-CF276956A95A): 0
LogDevObjectVersion:   Dev-Rendering (12F88B9F-8875-4AFC-A67C-D90C383ABD29): 36
LogDevObjectVersion:   Dev-Sequencer (7B5AE74C-D270-4C10-A958-57980B212A5A): 11
LogDevObjectVersion:   Dev-VR (D7296918-1DD6-4BDD-9DE2-64A83CC13884): 2
LogDevObjectVersion:   Dev-LoadTimes (C2A15278-BFE7-4AFE-6C17-90FF531DF755): 1
LogDevObjectVersion:   Private-Geometry (6EACA3D4-40EC-4CC1-B786-8BED09428FC5): 3
LogDevObjectVersion:   Dev-AnimPhys (29E575DD-E0A3-4627-9D10-D276232CDCEA): 17
LogDevObjectVersion:   Dev-Anim (AF43A65D-7FD3-4947-9873-3E8ED9C1BB05): 2
LogDevObjectVersion:   Dev-ReflectionCapture (6B266CEC-1EC7-4B8F-A30B-E4D90942FC07): 1
LogDevObjectVersion:   Dev-Automation (0DF73D61-A23F-47EA-B727-89E90C41499A): 1
LogDevObjectVersion:   FortniteMain (601D1886-AC64-4F84-AA16-D3DE0DEAC7D6): 31
LogDevObjectVersion:   Dev-Enterprise (9DFFBCD6-494F-0158-E221-12823C92A888): 8
LogDevObjectVersion:   Dev-Niagara (F2AED0AC-9AFE-416F-8664-AA7FFA26D6FC): 1
LogDevObjectVersion:   Dev-Destruction (174F1F0B-B4C6-45A5-B13F-2EE8D0FB917D): 9
LogDevObjectVersion:   Dev-Physics-Ext (35F94A83-E258-406C-A318-09F59610247C): 8
LogDevObjectVersion:   Dev-CineCamera (B2E18506-4273-CFC2-A54E-F4BB758BBA07): 1
LogInit: Presizing for max 25165824 objects, including 0 objects not considered by GC, pre-allocating 0 bytes for permanent pool.
LogInit: Object subsystem initialized
LogConfig: Setting CVar [[con.DebugEarlyDefault:1]]
LogConfig: Setting CVar [[r.setres:1280x720]]
[2020.04.17-10.55.30:897][  0]LogConfig: Setting CVar [[r.VSync:0]]
[2020.04.17-10.55.30:897][  0]LogConfig: Setting CVar [[r.RHICmdBypass:0]]
[2020.04.17-10.55.30:897][  0]LogConfig: Applying CVar settings from Section [/Script/Engine.RendererSettings] File [C:/Users/Max Willekes/Desktop/School/HKU/Jaar 2/Blok 4/Game/Temple-of-the-Ice-Isles/TheTemple/Saved/Config/Windows/Engine.ini]
[2020.04.17-10.55.30:897][  0]LogConfig: Setting CVar [[r.GPUCrashDebugging:0]]
[2020.04.17-10.55.30:897][  0]LogConfig: Setting CVar [[r.SkinCache.CompileShaders:1]]
[2020.04.17-10.55.30:897][  0]LogConfig: Setting CVar [[r.RayTracing:1]]
[2020.04.17-10.55.30:897][  0]LogConfig: Applying CVar settings from Section [/Script/Engine.RendererOverrideSettings] File [C:/Users/Max Willekes/Desktop/School/HKU/Jaar 2/Blok 4/Game/Temple-of-the-Ice-Isles/TheTemple/Saved/Config/Windows/Engine.ini]
[2020.04.17-10.55.30:897][  0]LogConfig: Applying CVar settings from Section [/Script/Engine.StreamingSettings] File [C:/Users/Max Willekes/Desktop/School/HKU/Jaar 2/Blok 4/Game/Temple-of-the-Ice-Isles/TheTemple/Saved/Config/Windows/Engine.ini]
[2020.04.17-10.55.30:897][  0]LogConfig: Setting CVar [[s.MinBulkDataSizeForAsyncLoading:131072]]
[2020.04.17-10.55.30:897][  0]LogConfig: Setting CVar [[s.AsyncLoadingThreadEnabled:0]]
[2020.04.17-10.55.30:897][  0]LogConfig: Setting CVar [[s.EventDrivenLoaderEnabled:1]]
[2020.04.17-10.55.30:897][  0]LogConfig: Setting CVar [[s.WarnIfTimeLimitExceeded:0]]
[2020.04.17-10.55.30:897][  0]LogConfig: Setting CVar [[s.TimeLimitExceededMultiplier:1.5]]
[2020.04.17-10.55.30:897][  0]LogConfig: Setting CVar [[s.TimeLimitExceededMinTime:0.005]]
[2020.04.17-10.55.30:897][  0]LogConfig: Setting CVar [[s.UseBackgroundLevelStreaming:1]]
[2020.04.17-10.55.30:897][  0]LogConfig: Setting CVar [[s.PriorityAsyncLoadingExtraTime:15.0]]
[2020.04.17-10.55.30:897][  0]LogConfig: Setting CVar [[s.LevelStreamingActorsUpdateTimeLimit:5.0]]
[2020.04.17-10.55.30:897][  0]LogConfig: Setting CVar [[s.PriorityLevelStreamingActorsUpdateExtraTime:5.0]]
[2020.04.17-10.55.30:897][  0]LogConfig: Setting CVar [[s.LevelStreamingComponentsRegistrationGranularity:10]]
[2020.04.17-10.55.30:897][  0]LogConfig: Setting CVar [[s.UnregisterComponentsTimeLimit:1.0]]
[2020.04.17-10.55.30:897][  0]LogConfig: Setting CVar [[s.LevelStreamingComponentsUnregistrationGranularity:5]]
[2020.04.17-10.55.30:897][  0]LogConfig: Setting CVar [[s.FlushStreamingOnExit:1]]
[2020.04.17-10.55.30:897][  0]LogConfig: Applying CVar settings from Section [/Script/Engine.GarbageCollectionSettings] File [C:/Users/Max Willekes/Desktop/School/HKU/Jaar 2/Blok 4/Game/Temple-of-the-Ice-Isles/TheTemple/Saved/Config/Windows/Engine.ini]
[2020.04.17-10.55.30:897][  0]LogConfig: Setting CVar [[gc.MaxObjectsNotConsideredByGC:1]]
[2020.04.17-10.55.30:897][  0]LogConfig: Setting CVar [[gc.SizeOfPermanentObjectPool:0]]
[2020.04.17-10.55.30:897][  0]LogConfig: Setting CVar [[gc.FlushStreamingOnGC:0]]
[2020.04.17-10.55.30:897][  0]LogConfig: Setting CVar [[gc.NumRetriesBeforeForcingGC:10]]
[2020.04.17-10.55.30:898][  0]LogConfig: Setting CVar [[gc.AllowParallelGC:1]]
[2020.04.17-10.55.30:898][  0]LogConfig: Setting CVar [[gc.TimeBetweenPurgingPendingKillObjects:61.1]]
[2020.04.17-10.55.30:898][  0]LogConfig: Setting CVar [[gc.MaxObjectsInEditor:25165824]]
[2020.04.17-10.55.30:898][  0]LogConfig: Setting CVar [[gc.IncrementalBeginDestroyEnabled:1]]
[2020.04.17-10.55.30:898][  0]LogConfig: Setting CVar [[gc.CreateGCClusters:1]]
[2020.04.17-10.55.30:898][  0]LogConfig: Setting CVar [[gc.MinGCClusterSize:5]]
[2020.04.17-10.55.30:898][  0]LogConfig: Setting CVar [[gc.ActorClusteringEnabled:0]]
[2020.04.17-10.55.30:898][  0]LogConfig: Setting CVar [[gc.BlueprintClusteringEnabled:0]]
[2020.04.17-10.55.30:898][  0]LogConfig: Setting CVar [[gc.UseDisregardForGCOnDedicatedServers:0]]
[2020.04.17-10.55.30:898][  0]LogConfig: Applying CVar settings from Section [/Script/Engine.NetworkSettings] File [C:/Users/Max Willekes/Desktop/School/HKU/Jaar 2/Blok 4/Game/Temple-of-the-Ice-Isles/TheTemple/Saved/Config/Windows/Engine.ini]
[2020.04.17-10.55.30:898][  0]LogConfig: Applying CVar settings from Section [/Script/UnrealEd.CookerSettings] File [C:/Users/Max Willekes/Desktop/School/HKU/Jaar 2/Blok 4/Game/Temple-of-the-Ice-Isles/TheTemple/Saved/Config/Windows/Engine.ini]
[2020.04.17-10.55.30:906][  0]LogConfig: Applying CVar settings from Section [ViewDistanceQuality@3] File [C:/Users/Max Willekes/Desktop/School/HKU/Jaar 2/Blok 4/Game/Temple-of-the-Ice-Isles/TheTemple/Saved/Config/Windows/Scalability.ini]
[2020.04.17-10.55.30:906][  0]LogConfig: Setting CVar [[r.SkeletalMeshLODBias:0]]
[2020.04.17-10.55.30:906][  0]LogConfig: Setting CVar [[r.ViewDistanceScale:1.0]]
[2020.04.17-10.55.30:906][  0]LogConfig: Applying CVar settings from Section [AntiAliasingQuality@3] File [C:/Users/Max Willekes/Desktop/School/HKU/Jaar 2/Blok 4/Game/Temple-of-the-Ice-Isles/TheTemple/Saved/Config/Windows/Scalability.ini]
[2020.04.17-10.55.30:906][  0]LogConfig: Setting CVar [[r.PostProcessAAQuality:4]]
[2020.04.17-10.55.30:906][  0]LogConfig: Applying CVar settings from Section [ShadowQuality@3] File [C:/Users/Max Willekes/Desktop/School/HKU/Jaar 2/Blok 4/Game/Temple-of-the-Ice-Isles/TheTemple/Saved/Config/Windows/Scalability.ini]
[2020.04.17-10.55.30:906][  0]LogConfig: Setting CVar [[r.LightFunctionQuality:1]]
[2020.04.17-10.55.30:906][  0]LogConfig: Setting CVar [[r.ShadowQuality:5]]
[2020.04.17-10.55.30:906][  0]LogConfig: Setting CVar [[r.Shadow.CSM.MaxCascades:10]]
[2020.04.17-10.55.30:906][  0]LogConfig: Setting CVar [[r.Shadow.MaxResolution:2048]]
[2020.04.17-10.55.30:906][  0]LogConfig: Setting CVar [[r.Shadow.MaxCSMResolution:2048]]
[2020.04.17-10.55.30:906][  0]LogConfig: Setting CVar [[r.Shadow.RadiusThreshold:0.01]]
[2020.04.17-10.55.30:906][  0]LogConfig: Setting CVar [[r.Shadow.DistanceScale:1.0]]
[2020.04.17-10.55.30:906][  0]LogConfig: Setting CVar [[r.Shadow.CSM.TransitionScale:1.0]]
[2020.04.17-10.55.30:906][  0]LogConfig: Setting CVar [[r.Shadow.PreShadowResolutionFactor:1.0]]
[2020.04.17-10.55.30:906][  0]LogConfig: Setting CVar [[r.DistanceFieldShadowing:1]]
[2020.04.17-10.55.30:906][  0]LogConfig: Setting CVar [[r.DistanceFieldAO:1]]
[2020.04.17-10.55.30:906][  0]LogConfig: Setting CVar [[r.AOQuality:2]]
[2020.04.17-10.55.30:906][  0]LogConfig: Setting CVar [[r.VolumetricFog:1]]
[2020.04.17-10.55.30:906][  0]LogConfig: Setting CVar [[r.VolumetricFog.GridPixelSize:8]]
[2020.04.17-10.55.30:906][  0]LogConfig: Setting CVar [[r.VolumetricFog.GridSizeZ:128]]
[2020.04.17-10.55.30:906][  0]LogConfig: Setting CVar [[r.VolumetricFog.HistoryMissSupersampleCount:4]]
[2020.04.17-10.55.30:906][  0]LogConfig: Setting CVar [[r.LightMaxDrawDistanceScale:1]]
[2020.04.17-10.55.30:906][  0]LogConfig: Setting CVar [[r.CapsuleShadows:1]]
[2020.04.17-10.55.30:906][  0]LogConfig: Applying CVar settings from Section [PostProcessQuality@3] File [C:/Users/Max Willekes/Desktop/School/HKU/Jaar 2/Blok 4/Game/Temple-of-the-Ice-Isles/TheTemple/Saved/Config/Windows/Scalability.ini]
[2020.04.17-10.55.30:906][  0]LogConfig: Setting CVar [[r.MotionBlurQuality:4]]
[2020.04.17-10.55.30:906][  0]LogConfig: Setting CVar [[r.AmbientOcclusionMipLevelFactor:0.4]]
[2020.04.17-10.55.30:906][  0]LogConfig: Setting CVar [[r.AmbientOcclusionMaxQuality:100]]
[2020.04.17-10.55.30:906][  0]LogConfig: Setting CVar [[r.AmbientOcclusionLevels:-1]]
[2020.04.17-10.55.30:906][  0]LogConfig: Setting CVar [[r.AmbientOcclusionRadiusScale:1.0]]
[2020.04.17-10.55.30:906][  0]LogConfig: Setting CVar [[r.DepthOfFieldQuality:2]]
[2020.04.17-10.55.30:906][  0]LogConfig: Setting CVar [[r.RenderTargetPoolMin:400]]
[2020.04.17-10.55.30:906][  0]LogConfig: Setting CVar [[r.LensFlareQuality:2]]
[2020.04.17-10.55.30:906][  0]LogConfig: Setting CVar [[r.SceneColorFringeQuality:1]]
[2020.04.17-10.55.30:906][  0]LogConfig: Setting CVar [[r.EyeAdaptationQuality:2]]
[2020.04.17-10.55.30:906][  0]LogConfig: Setting CVar [[r.BloomQuality:5]]
[2020.04.17-10.55.30:906][  0]LogConfig: Setting CVar [[r.FastBlurThreshold:100]]
[2020.04.17-10.55.30:906][  0]LogConfig: Setting CVar [[r.Upscale.Quality:3]]
[2020.04.17-10.55.30:906][  0]LogConfig: Setting CVar [[r.Tonemapper.GrainQuantization:1]]
[2020.04.17-10.55.30:907][  0]LogConfig: Setting CVar [[r.LightShaftQuality:1]]
[2020.04.17-10.55.30:907][  0]LogConfig: Setting CVar [[r.Filter.SizeScale:1]]
[2020.04.17-10.55.30:907][  0]LogConfig: Setting CVar [[r.Tonemapper.Quality:5]]
[2020.04.17-10.55.30:907][  0]LogConfig: Setting CVar [[r.DOF.Gather.AccumulatorQuality:1        ; higher gathering accumulator quality]]
[2020.04.17-10.55.30:907][  0]LogConfig: Setting CVar [[r.DOF.Gather.PostfilterMethod:1          ; Median3x3 postfilering method]]
[2020.04.17-10.55.30:907][  0]LogConfig: Setting CVar [[r.DOF.Gather.EnableBokehSettings:0       ; no bokeh simulation when gathering]]
[2020.04.17-10.55.30:907][  0]LogConfig: Setting CVar [[r.DOF.Gather.RingCount:4                 ; medium number of samples when gathering]]
[2020.04.17-10.55.30:907][  0]LogConfig: Setting CVar [[r.DOF.Scatter.ForegroundCompositing:1    ; additive foreground scattering]]
[2020.04.17-10.55.30:907][  0]LogConfig: Setting CVar [[r.DOF.Scatter.BackgroundCompositing:2    ; additive background scattering]]
[2020.04.17-10.55.30:907][  0]LogConfig: Setting CVar [[r.DOF.Scatter.EnableBokehSettings:1      ; bokeh simulation when scattering]]
[2020.04.17-10.55.30:907][  0]LogConfig: Setting CVar [[r.DOF.Scatter.MaxSpriteRatio:0.1         ; only a maximum of 10% of scattered bokeh]]
[2020.04.17-10.55.30:907][  0]LogConfig: Setting CVar [[r.DOF.Recombine.Quality:1                ; cheap slight out of focus]]
[2020.04.17-10.55.30:907][  0]LogConfig: Setting CVar [[r.DOF.Recombine.EnableBokehSettings:0    ; no bokeh simulation on slight out of focus]]
[2020.04.17-10.55.30:907][  0]LogConfig: Setting CVar [[r.DOF.TemporalAAQuality:1                ; more stable temporal accumulation]]
[2020.04.17-10.55.30:907][  0]LogConfig: Setting CVar [[r.DOF.Kernel.MaxForegroundRadius:0.025]]
[2020.04.17-10.55.30:907][  0]LogConfig: Setting CVar [[r.DOF.Kernel.MaxBackgroundRadius:0.025]]
[2020.04.17-10.55.30:907][  0]LogConfig: Applying CVar settings from Section [TextureQuality@3] File [C:/Users/Max Willekes/Desktop/School/HKU/Jaar 2/Blok 4/Game/Temple-of-the-Ice-Isles/TheTemple/Saved/Config/Windows/Scalability.ini]
[2020.04.17-10.55.30:907][  0]LogConfig: Setting CVar [[r.Streaming.MipBias:0]]
[2020.04.17-10.55.30:907][  0]LogConfig: Setting CVar [[r.Streaming.AmortizeCPUToGPUCopy:0]]
[2020.04.17-10.55.30:907][  0]LogConfig: Setting CVar [[r.Streaming.MaxNumTexturesToStreamPerFrame:0]]
[2020.04.17-10.55.30:907][  0]LogConfig: Setting CVar [[r.Streaming.Boost:1]]
[2020.04.17-10.55.30:907][  0]LogConfig: Setting CVar [[r.MaxAnisotropy:8]]
[2020.04.17-10.55.30:907][  0]LogConfig: Setting CVar [[r.VT.MaxAnisotropy:8]]
[2020.04.17-10.55.30:907][  0]LogConfig: Setting CVar [[r.Streaming.LimitPoolSizeToVRAM:0]]
[2020.04.17-10.55.30:907][  0]LogConfig: Setting CVar [[r.Streaming.PoolSize:1000]]
[2020.04.17-10.55.30:907][  0]LogConfig: Setting CVar [[r.Streaming.MaxEffectiveScreenSize:0]]
[2020.04.17-10.55.30:907][  0]LogConfig: Applying CVar settings from Section [EffectsQuality@3] File [C:/Users/Max Willekes/Desktop/School/HKU/Jaar 2/Blok 4/Game/Temple-of-the-Ice-Isles/TheTemple/Saved/Config/Windows/Scalability.ini]
[2020.04.17-10.55.30:907][  0]LogConfig: Setting CVar [[r.TranslucencyLightingVolumeDim:64]]
[2020.04.17-10.55.30:907][  0]LogConfig: Setting CVar [[r.RefractionQuality:2]]
[2020.04.17-10.55.30:907][  0]LogConfig: Setting CVar [[r.SSR.Quality:3]]
[2020.04.17-10.55.30:907][  0]LogConfig: Setting CVar [[r.SSR.HalfResSceneColor:0]]
[2020.04.17-10.55.30:907][  0]LogConfig: Setting CVar [[r.SceneColorFormat:4]]
[2020.04.17-10.55.30:907][  0]LogConfig: Setting CVar [[r.DetailMode:2]]
[2020.04.17-10.55.30:907][  0]LogConfig: Setting CVar [[r.TranslucencyVolumeBlur:1]]
[2020.04.17-10.55.30:907][  0]LogConfig: Setting CVar [[r.MaterialQualityLevel:1 ; High quality]]
[2020.04.17-10.55.30:907][  0]LogConfig: Setting CVar [[r.SSS.Scale:1]]
[2020.04.17-10.55.30:907][  0]LogConfig: Setting CVar [[r.SSS.SampleSet:2]]
[2020.04.17-10.55.30:907][  0]LogConfig: Setting CVar [[r.SSS.Quality:1]]
[2020.04.17-10.55.30:907][  0]LogConfig: Setting CVar [[r.SSS.HalfRes:1]]
[2020.04.17-10.55.30:907][  0]LogConfig: Setting CVar [[r.SSGI.Quality:3]]
[2020.04.17-10.55.30:907][  0]LogConfig: Setting CVar [[r.EmitterSpawnRateScale:1.0]]
[2020.04.17-10.55.30:907][  0]LogConfig: Setting CVar [[r.ParticleLightQuality:2]]
[2020.04.17-10.55.30:907][  0]LogConfig: Setting CVar [[r.SkyAtmosphere.AerialPerspectiveLUT.FastApplyOnOpaque:1 ; Always have FastSkyLUT 1 in this case to avoid wrong sky]]
[2020.04.17-10.55.30:907][  0]LogConfig: Setting CVar [[r.SkyAtmosphere.AerialPerspectiveLUT.SampleCountPerSlice:1]]
[2020.04.17-10.55.30:907][  0]LogConfig: Setting CVar [[r.SkyAtmosphere.AerialPerspectiveLUT.DepthResolution:16.0]]
[2020.04.17-10.55.30:907][  0]LogConfig: Setting CVar [[r.SkyAtmosphere.FastSkyLUT:1]]
[2020.04.17-10.55.30:907][  0]LogConfig: Setting CVar [[r.SkyAtmosphere.FastSkyLUT.SampleCountMin:4.0]]
[2020.04.17-10.55.30:907][  0]LogConfig: Setting CVar [[r.SkyAtmosphere.FastSkyLUT.SampleCountMax:32.0]]
[2020.04.17-10.55.30:907][  0]LogConfig: Setting CVar [[r.SkyAtmosphere.SampleCountMin:4.0]]
[2020.04.17-10.55.30:907][  0]LogConfig: Setting CVar [[r.SkyAtmosphere.SampleCountMax:32.0]]
[2020.04.17-10.55.30:907][  0]LogConfig: Setting CVar [[r.SkyAtmosphere.TransmittanceLUT.UseSmallFormat:0]]
[2020.04.17-10.55.30:907][  0]LogConfig: Setting CVar [[r.SkyAtmosphere.TransmittanceLUT.SampleCount:10.0]]
[2020.04.17-10.55.30:907][  0]LogConfig: Setting CVar [[r.SkyAtmosphere.MultiScatteringLUT.SampleCount:15.0]]
[2020.04.17-10.55.30:907][  0]LogConfig: Applying CVar settings from Section [FoliageQuality@3] File [C:/Users/Max Willekes/Desktop/School/HKU/Jaar 2/Blok 4/Game/Temple-of-the-Ice-Isles/TheTemple/Saved/Config/Windows/Scalability.ini]
[2020.04.17-10.55.30:907][  0]LogConfig: Setting CVar [[foliage.DensityScale:1.0]]
[2020.04.17-10.55.30:907][  0]LogConfig: Setting CVar [[grass.DensityScale:1.0]]
[2020.04.17-10.55.30:907][  0]LogConfig: Applying CVar settings from Section [ShadingQuality@3] File [C:/Users/Max Willekes/Desktop/School/HKU/Jaar 2/Blok 4/Game/Temple-of-the-Ice-Isles/TheTemple/Saved/Config/Windows/Scalability.ini]
[2020.04.17-10.55.30:907][  0]LogConfig: Setting CVar [[r.HairStrands.SkyLighting.SampleCount:16]]
[2020.04.17-10.55.30:907][  0]LogConfig: Setting CVar [[r.HairStrands.SkyLighting.JitterIntegration:0]]
[2020.04.17-10.55.30:907][  0]LogConfig: Setting CVar [[r.HairStrands.SkyAO.SampleCount:16]]
[2020.04.17-10.55.30:907][  0]LogInit: Selected Device Profile: [Windows]
[2020.04.17-10.55.30:907][  0]LogInit: Applying CVar settings loaded from the selected device profile: [Windows]
[2020.04.17-10.55.30:910][  0]LogHAL: Display: Platform has ~ 16 GB [17109647360 / 17179869184 / 16], which maps to Larger [LargestMinGB=32, LargerMinGB=12, DefaultMinGB=8, SmallerMinGB=6, SmallestMinGB=0)
[2020.04.17-10.55.30:910][  0]LogInit: Going up to parent DeviceProfile []
[2020.04.17-10.55.30:910][  0]LogConfig: Applying CVar settings from Section [ViewDistanceQuality@3] File [C:/Users/Max Willekes/Desktop/School/HKU/Jaar 2/Blok 4/Game/Temple-of-the-Ice-Isles/TheTemple/Saved/Config/Windows/Scalability.ini]
[2020.04.17-10.55.30:910][  0]LogConfig: Setting CVar [[r.SkeletalMeshLODBias:0]]
[2020.04.17-10.55.30:910][  0]LogConfig: Setting CVar [[r.ViewDistanceScale:1.0]]
[2020.04.17-10.55.30:910][  0]LogConfig: Applying CVar settings from Section [AntiAliasingQuality@3] File [C:/Users/Max Willekes/Desktop/School/HKU/Jaar 2/Blok 4/Game/Temple-of-the-Ice-Isles/TheTemple/Saved/Config/Windows/Scalability.ini]
[2020.04.17-10.55.30:910][  0]LogConfig: Setting CVar [[r.PostProcessAAQuality:4]]
[2020.04.17-10.55.30:910][  0]LogConfig: Applying CVar settings from Section [ShadowQuality@3] File [C:/Users/Max Willekes/Desktop/School/HKU/Jaar 2/Blok 4/Game/Temple-of-the-Ice-Isles/TheTemple/Saved/Config/Windows/Scalability.ini]
[2020.04.17-10.55.30:910][  0]LogConfig: Setting CVar [[r.LightFunctionQuality:1]]
[2020.04.17-10.55.30:910][  0]LogConfig: Setting CVar [[r.ShadowQuality:5]]
[2020.04.17-10.55.30:910][  0]LogConfig: Setting CVar [[r.Shadow.CSM.MaxCascades:10]]
[2020.04.17-10.55.30:910][  0]LogConfig: Setting CVar [[r.Shadow.MaxResolution:2048]]
[2020.04.17-10.55.30:910][  0]LogConfig: Setting CVar [[r.Shadow.MaxCSMResolution:2048]]
[2020.04.17-10.55.30:910][  0]LogConfig: Setting CVar [[r.Shadow.RadiusThreshold:0.01]]
[2020.04.17-10.55.30:910][  0]LogConfig: Setting CVar [[r.Shadow.DistanceScale:1.0]]
[2020.04.17-10.55.30:910][  0]LogConfig: Setting CVar [[r.Shadow.CSM.TransitionScale:1.0]]
[2020.04.17-10.55.30:910][  0]LogConfig: Setting CVar [[r.Shadow.PreShadowResolutionFactor:1.0]]
[2020.04.17-10.55.30:910][  0]LogConfig: Setting CVar [[r.DistanceFieldShadowing:1]]
[2020.04.17-10.55.30:910][  0]LogConfig: Setting CVar [[r.DistanceFieldAO:1]]
[2020.04.17-10.55.30:910][  0]LogConfig: Setting CVar [[r.AOQuality:2]]
[2020.04.17-10.55.30:910][  0]LogConfig: Setting CVar [[r.VolumetricFog:1]]
[2020.04.17-10.55.30:910][  0]LogConfig: Setting CVar [[r.VolumetricFog.GridPixelSize:8]]
[2020.04.17-10.55.30:910][  0]LogConfig: Setting CVar [[r.VolumetricFog.GridSizeZ:128]]
[2020.04.17-10.55.30:910][  0]LogConfig: Setting CVar [[r.VolumetricFog.HistoryMissSupersampleCount:4]]
[2020.04.17-10.55.30:910][  0]LogConfig: Setting CVar [[r.LightMaxDrawDistanceScale:1]]
[2020.04.17-10.55.30:910][  0]LogConfig: Setting CVar [[r.CapsuleShadows:1]]
[2020.04.17-10.55.30:910][  0]LogConfig: Applying CVar settings from Section [PostProcessQuality@3] File [C:/Users/Max Willekes/Desktop/School/HKU/Jaar 2/Blok 4/Game/Temple-of-the-Ice-Isles/TheTemple/Saved/Config/Windows/Scalability.ini]
[2020.04.17-10.55.30:910][  0]LogConfig: Setting CVar [[r.MotionBlurQuality:4]]
[2020.04.17-10.55.30:910][  0]LogConfig: Setting CVar [[r.AmbientOcclusionMipLevelFactor:0.4]]
[2020.04.17-10.55.30:910][  0]LogConfig: Setting CVar [[r.AmbientOcclusionMaxQuality:100]]
[2020.04.17-10.55.30:910][  0]LogConfig: Setting CVar [[r.AmbientOcclusionLevels:-1]]
[2020.04.17-10.55.30:910][  0]LogConfig: Setting CVar [[r.AmbientOcclusionRadiusScale:1.0]]
[2020.04.17-10.55.30:910][  0]LogConfig: Setting CVar [[r.DepthOfFieldQuality:2]]
[2020.04.17-10.55.30:910][  0]LogConfig: Setting CVar [[r.RenderTargetPoolMin:400]]
[2020.04.17-10.55.30:910][  0]LogConfig: Setting CVar [[r.LensFlareQuality:2]]
[2020.04.17-10.55.30:910][  0]LogConfig: Setting CVar [[r.SceneColorFringeQuality:1]]
[2020.04.17-10.55.30:910][  0]LogConfig: Setting CVar [[r.EyeAdaptationQuality:2]]
[2020.04.17-10.55.30:910][  0]LogConfig: Setting CVar [[r.BloomQuality:5]]
[2020.04.17-10.55.30:910][  0]LogConfig: Setting CVar [[r.FastBlurThreshold:100]]
[2020.04.17-10.55.30:910][  0]LogConfig: Setting CVar [[r.Upscale.Quality:3]]
[2020.04.17-10.55.30:910][  0]LogConfig: Setting CVar [[r.Tonemapper.GrainQuantization:1]]
[2020.04.17-10.55.30:910][  0]LogConfig: Setting CVar [[r.LightShaftQuality:1]]
[2020.04.17-10.55.30:910][  0]LogConfig: Setting CVar [[r.Filter.SizeScale:1]]
[2020.04.17-10.55.30:910][  0]LogConfig: Setting CVar [[r.Tonemapper.Quality:5]]
[2020.04.17-10.55.30:910][  0]LogConfig: Setting CVar [[r.DOF.Gather.AccumulatorQuality:1        ; higher gathering accumulator quality]]
[2020.04.17-10.55.30:910][  0]LogConfig: Setting CVar [[r.DOF.Gather.PostfilterMethod:1          ; Median3x3 postfilering method]]
[2020.04.17-10.55.30:910][  0]LogConfig: Setting CVar [[r.DOF.Gather.EnableBokehSettings:0       ; no bokeh simulation when gathering]]
[2020.04.17-10.55.30:910][  0]LogConfig: Setting CVar [[r.DOF.Gather.RingCount:4                 ; medium number of samples when gathering]]
[2020.04.17-10.55.30:910][  0]LogConfig: Setting CVar [[r.DOF.Scatter.ForegroundCompositing:1    ; additive foreground scattering]]
[2020.04.17-10.55.30:910][  0]LogConfig: Setting CVar [[r.DOF.Scatter.BackgroundCompositing:2    ; additive background scattering]]
[2020.04.17-10.55.30:910][  0]LogConfig: Setting CVar [[r.DOF.Scatter.EnableBokehSettings:1      ; bokeh simulation when scattering]]
[2020.04.17-10.55.30:910][  0]LogConfig: Setting CVar [[r.DOF.Scatter.MaxSpriteRatio:0.1         ; only a maximum of 10% of scattered bokeh]]
[2020.04.17-10.55.30:910][  0]LogConfig: Setting CVar [[r.DOF.Recombine.Quality:1                ; cheap slight out of focus]]
[2020.04.17-10.55.30:910][  0]LogConfig: Setting CVar [[r.DOF.Recombine.EnableBokehSettings:0    ; no bokeh simulation on slight out of focus]]
[2020.04.17-10.55.30:910][  0]LogConfig: Setting CVar [[r.DOF.TemporalAAQuality:1                ; more stable temporal accumulation]]
[2020.04.17-10.55.30:910][  0]LogConfig: Setting CVar [[r.DOF.Kernel.MaxForegroundRadius:0.025]]
[2020.04.17-10.55.30:910][  0]LogConfig: Setting CVar [[r.DOF.Kernel.MaxBackgroundRadius:0.025]]
[2020.04.17-10.55.30:911][  0]LogConfig: Applying CVar settings from Section [TextureQuality@3] File [C:/Users/Max Willekes/Desktop/School/HKU/Jaar 2/Blok 4/Game/Temple-of-the-Ice-Isles/TheTemple/Saved/Config/Windows/Scalability.ini]
[2020.04.17-10.55.30:911][  0]LogConfig: Setting CVar [[r.Streaming.MipBias:0]]
[2020.04.17-10.55.30:911][  0]LogConfig: Setting CVar [[r.Streaming.AmortizeCPUToGPUCopy:0]]
[2020.04.17-10.55.30:911][  0]LogConfig: Setting CVar [[r.Streaming.MaxNumTexturesToStreamPerFrame:0]]
[2020.04.17-10.55.30:911][  0]LogConfig: Setting CVar [[r.Streaming.Boost:1]]
[2020.04.17-10.55.30:911][  0]LogConfig: Setting CVar [[r.MaxAnisotropy:8]]
[2020.04.17-10.55.30:911][  0]LogConfig: Setting CVar [[r.VT.MaxAnisotropy:8]]
[2020.04.17-10.55.30:911][  0]LogConfig: Setting CVar [[r.Streaming.LimitPoolSizeToVRAM:0]]
[2020.04.17-10.55.30:911][  0]LogConfig: Setting CVar [[r.Streaming.PoolSize:1000]]
[2020.04.17-10.55.30:911][  0]LogConfig: Setting CVar [[r.Streaming.MaxEffectiveScreenSize:0]]
[2020.04.17-10.55.30:911][  0]LogConfig: Applying CVar settings from Section [EffectsQuality@3] File [C:/Users/Max Willekes/Desktop/School/HKU/Jaar 2/Blok 4/Game/Temple-of-the-Ice-Isles/TheTemple/Saved/Config/Windows/Scalability.ini]
[2020.04.17-10.55.30:911][  0]LogConfig: Setting CVar [[r.TranslucencyLightingVolumeDim:64]]
[2020.04.17-10.55.30:911][  0]LogConfig: Setting CVar [[r.RefractionQuality:2]]
[2020.04.17-10.55.30:911][  0]LogConfig: Setting CVar [[r.SSR.Quality:3]]
[2020.04.17-10.55.30:911][  0]LogConfig: Setting CVar [[r.SSR.HalfResSceneColor:0]]
[2020.04.17-10.55.30:911][  0]LogConfig: Setting CVar [[r.SceneColorFormat:4]]
[2020.04.17-10.55.30:911][  0]LogConfig: Setting CVar [[r.DetailMode:2]]
[2020.04.17-10.55.30:911][  0]LogConfig: Setting CVar [[r.TranslucencyVolumeBlur:1]]
[2020.04.17-10.55.30:911][  0]LogConfig: Setting CVar [[r.MaterialQualityLevel:1 ; High quality]]
[2020.04.17-10.55.30:911][  0]LogConfig: Setting CVar [[r.SSS.Scale:1]]
[2020.04.17-10.55.30:911][  0]LogConfig: Setting CVar [[r.SSS.SampleSet:2]]
[2020.04.17-10.55.30:911][  0]LogConfig: Setting CVar [[r.SSS.Quality:1]]
[2020.04.17-10.55.30:911][  0]LogConfig: Setting CVar [[r.SSS.HalfRes:1]]
[2020.04.17-10.55.30:911][  0]LogConfig: Setting CVar [[r.SSGI.Quality:3]]
[2020.04.17-10.55.30:911][  0]LogConfig: Setting CVar [[r.EmitterSpawnRateScale:1.0]]
[2020.04.17-10.55.30:911][  0]LogConfig: Setting CVar [[r.ParticleLightQuality:2]]
[2020.04.17-10.55.30:911][  0]LogConfig: Setting CVar [[r.SkyAtmosphere.AerialPerspectiveLUT.FastApplyOnOpaque:1 ; Always have FastSkyLUT 1 in this case to avoid wrong sky]]
[2020.04.17-10.55.30:911][  0]LogConfig: Setting CVar [[r.SkyAtmosphere.AerialPerspectiveLUT.SampleCountPerSlice:1]]
[2020.04.17-10.55.30:911][  0]LogConfig: Setting CVar [[r.SkyAtmosphere.AerialPerspectiveLUT.DepthResolution:16.0]]
[2020.04.17-10.55.30:911][  0]LogConfig: Setting CVar [[r.SkyAtmosphere.FastSkyLUT:1]]
[2020.04.17-10.55.30:911][  0]LogConfig: Setting CVar [[r.SkyAtmosphere.FastSkyLUT.SampleCountMin:4.0]]
[2020.04.17-10.55.30:911][  0]LogConfig: Setting CVar [[r.SkyAtmosphere.FastSkyLUT.SampleCountMax:32.0]]
[2020.04.17-10.55.30:911][  0]LogConfig: Setting CVar [[r.SkyAtmosphere.SampleCountMin:4.0]]
[2020.04.17-10.55.30:911][  0]LogConfig: Setting CVar [[r.SkyAtmosphere.SampleCountMax:32.0]]
[2020.04.17-10.55.30:911][  0]LogConfig: Setting CVar [[r.SkyAtmosphere.TransmittanceLUT.UseSmallFormat:0]]
[2020.04.17-10.55.30:911][  0]LogConfig: Setting CVar [[r.SkyAtmosphere.TransmittanceLUT.SampleCount:10.0]]
[2020.04.17-10.55.30:911][  0]LogConfig: Setting CVar [[r.SkyAtmosphere.MultiScatteringLUT.SampleCount:15.0]]
[2020.04.17-10.55.30:911][  0]LogConfig: Applying CVar settings from Section [FoliageQuality@3] File [C:/Users/Max Willekes/Desktop/School/HKU/Jaar 2/Blok 4/Game/Temple-of-the-Ice-Isles/TheTemple/Saved/Config/Windows/Scalability.ini]
[2020.04.17-10.55.30:911][  0]LogConfig: Setting CVar [[foliage.DensityScale:1.0]]
[2020.04.17-10.55.30:911][  0]LogConfig: Setting CVar [[grass.DensityScale:1.0]]
[2020.04.17-10.55.30:911][  0]LogConfig: Applying CVar settings from Section [ShadingQuality@3] File [C:/Users/Max Willekes/Desktop/School/HKU/Jaar 2/Blok 4/Game/Temple-of-the-Ice-Isles/TheTemple/Saved/Config/Windows/Scalability.ini]
[2020.04.17-10.55.30:911][  0]LogConfig: Setting CVar [[r.HairStrands.SkyLighting.SampleCount:16]]
[2020.04.17-10.55.30:911][  0]LogConfig: Setting CVar [[r.HairStrands.SkyLighting.JitterIntegration:0]]
[2020.04.17-10.55.30:911][  0]LogConfig: Setting CVar [[r.HairStrands.SkyAO.SampleCount:16]]
[2020.04.17-10.55.30:911][  0]LogConfig: Applying CVar settings from Section [Startup] File [../../../Engine/Config/ConsoleVariables.ini]
[2020.04.17-10.55.30:911][  0]LogConfig: Setting CVar [[net.UseAdaptiveNetUpdateFrequency:0]]
[2020.04.17-10.55.30:911][  0]LogConfig: Setting CVar [[p.chaos.AllowCreatePhysxBodies:1]]
[2020.04.17-10.55.30:911][  0]LogConfig: Applying CVar settings from Section [ConsoleVariables] File [C:/Users/Max Willekes/Desktop/School/HKU/Jaar 2/Blok 4/Game/Temple-of-the-Ice-Isles/TheTemple/Saved/Config/Windows/Engine.ini]
[2020.04.17-10.55.30:911][  0]LogInit: Computer: MANDALORE
[2020.04.17-10.55.30:911][  0]LogInit: User: MaxWillekes
[2020.04.17-10.55.30:911][  0]LogInit: CPU Page size=4096, Cores=4
[2020.04.17-10.55.30:911][  0]LogInit: High frequency timer resolution =10.000000 MHz
[2020.04.17-10.55.30:912][  0]LogMemory: Memory total: Physical=15.9GB (16GB approx)
[2020.04.17-10.55.30:912][  0]LogMemory: Platform Memory Stats for Windows
[2020.04.17-10.55.30:912][  0]LogMemory: Process Physical Memory: 106.33 MB used, 106.33 MB peak
[2020.04.17-10.55.30:912][  0]LogMemory: Process Virtual Memory: 100.74 MB used, 100.74 MB peak
[2020.04.17-10.55.30:912][  0]LogMemory: Physical Memory: 10751.59 MB used,  5565.44 MB free, 16317.03 MB total
[2020.04.17-10.55.30:912][  0]LogMemory: Virtual Memory: 5103.20 MB used,  134212624.00 MB free, 134217728.00 MB total
[2020.04.17-10.55.32:644][  0]LogWindows: WindowsPlatformFeatures enabled
[2020.04.17-10.55.32:710][  0]LogInit: Using OS detected language (nl-NL).
[2020.04.17-10.55.32:710][  0]LogInit: Using OS detected locale (nl-NL).
[2020.04.17-10.55.32:713][  0]LogTextLocalizationManager: No localization for 'nl-NL' exists, so 'en' will be used for the language.
[2020.04.17-10.55.33:067][  0]LogInit: Setting process to per monitor DPI aware
[2020.04.17-10.55.33:113][  0]LogSlate: New Slate User Created.  User Index 0, Is Virtual User: 0
[2020.04.17-10.55.33:113][  0]LogSlate: Slate User Registered.  User Index 0, Is Virtual User: 0
[2020.04.17-10.55.33:474][  0]LogD3D12RHI: Aftermath initialized
[2020.04.17-10.55.33:474][  0]LogD3D12RHI: Loading WinPixEventRuntime.dll for PIX profiling (from ../../../Engine/Binaries/ThirdParty/Windows/DirectX/x64).
[2020.04.17-10.55.33:614][  0]LogHMD: Failed to initialize OpenVR with code 126
[2020.04.17-10.55.33:753][  0]LogD3D12RHI: Found D3D12 adapter 0: NVIDIA GeForce GTX 1080 Ti (Max supported Feature Level 12_1)
[2020.04.17-10.55.33:753][  0]LogD3D12RHI: Adapter has 11127MB of dedicated video memory, 0MB of dedicated system memory, and 8158MB of shared system memory, 2 output[s]
[2020.04.17-10.55.33:769][  0]LogD3D12RHI: Found D3D12 adapter 1: Microsoft Basic Render Driver (Max supported Feature Level 12_1)
[2020.04.17-10.55.33:769][  0]LogD3D12RHI: Adapter has 0MB of dedicated video memory, 0MB of dedicated system memory, and 8158MB of shared system memory, 0 output[s]
[2020.04.17-10.55.33:769][  0]LogD3D12RHI: Forcing D3D12.AsyncDeferredDeletion=0 as a workaround for a deadlock.
[2020.04.17-10.55.33:769][  0]LogD3D12RHI: Chosen D3D12 Adapter Id = 0
[2020.04.17-10.55.33:781][  0]LogD3D12RHI: Emitting draw events for PIX profiling.
[2020.04.17-10.55.33:893][  0]LogD3D12RHI: D3D12 ray tracing enabled.
[2020.04.17-10.55.33:893][  0]LogD3D12RHI: The system supports ID3D12Device1.
[2020.04.17-10.55.33:893][  0]LogD3D12RHI: The system supports ID3D12Device2.
[2020.04.17-10.55.34:077][  0]LogD3D12RHI: Display: Not using pipeline state disk cache per r.D3D12.PSO.DiskCache=0
[2020.04.17-10.55.34:077][  0]LogD3D12RHI: Display: Not using driver-optimized pipeline state disk cache per r.D3D12.PSO.DriverOptimizedDiskCache=0
[2020.04.17-10.55.34:079][  0]LogD3D12RHI:     GPU DeviceId: 0x1b06 (for the marketing name, search the web for "GPU Device Id")
[2020.04.17-10.55.34:079][  0]LogWindows: EnumDisplayDevices:
[2020.04.17-10.55.34:079][  0]LogWindows:    0. 'NVIDIA GeForce GTX 1080 Ti' (P:1 D:1)
[2020.04.17-10.55.34:079][  0]LogWindows:    1. 'NVIDIA GeForce GTX 1080 Ti' (P:0 D:1)
[2020.04.17-10.55.34:080][  0]LogWindows:    2. 'NVIDIA GeForce GTX 1080 Ti' (P:0 D:0)
[2020.04.17-10.55.34:081][  0]LogWindows:    3. 'NVIDIA GeForce GTX 1080 Ti' (P:0 D:0)
[2020.04.17-10.55.34:081][  0]LogWindows: DebugString: FoundDriverCount:4 
[2020.04.17-10.55.34:081][  0]LogD3D12RHI:     Adapter Name: NVIDIA GeForce GTX 1080 Ti
[2020.04.17-10.55.34:081][  0]LogD3D12RHI:   Driver Version: 432.00 (internal:26.21.14.3200, unified:432.00)
[2020.04.17-10.55.34:081][  0]LogD3D12RHI:      Driver Date: 7-24-2019
[2020.04.17-10.55.34:081][  0]LogRHI: Texture pool is 5958 MB (70% of 8512 MB)
[2020.04.17-10.55.34:081][  0]LogD3D12RHI: Async texture creation enabled
[2020.04.17-10.55.34:081][  0]LogD3D12RHI: RHI has support for 64 bit atomics
[2020.04.17-10.55.34:861][  0]LogTargetPlatformManager: Display: Loaded TargetPlatform 'AllDesktop'
[2020.04.17-10.55.34:908][  0]LogTargetPlatformManager: Display: Loaded TargetPlatform 'Android'
[2020.04.17-10.55.34:908][  0]LogTargetPlatformManager: Display: Loaded TargetPlatform 'Android_ASTC'
[2020.04.17-10.55.34:908][  0]LogTargetPlatformManager: Display: Loaded TargetPlatform 'Android_ATC'
[2020.04.17-10.55.34:908][  0]LogTargetPlatformManager: Display: Loaded TargetPlatform 'Android_DXT'
[2020.04.17-10.55.34:908][  0]LogTargetPlatformManager: Display: Loaded TargetPlatform 'Android_ETC1'
[2020.04.17-10.55.34:908][  0]LogTargetPlatformManager: Display: Loaded TargetPlatform 'Android_ETC1a'
[2020.04.17-10.55.34:908][  0]LogTargetPlatformManager: Display: Loaded TargetPlatform 'Android_ETC2'
[2020.04.17-10.55.34:908][  0]LogTargetPlatformManager: Display: Loaded TargetPlatform 'Android_PVRTC'
[2020.04.17-10.55.34:908][  0]LogTargetPlatformManager: Display: Loaded TargetPlatform 'AndroidClient'
[2020.04.17-10.55.34:908][  0]LogTargetPlatformManager: Display: Loaded TargetPlatform 'Android_ASTCClient'
[2020.04.17-10.55.34:908][  0]LogTargetPlatformManager: Display: Loaded TargetPlatform 'Android_ATCClient'
[2020.04.17-10.55.34:908][  0]LogTargetPlatformManager: Display: Loaded TargetPlatform 'Android_DXTClient'
[2020.04.17-10.55.34:908][  0]LogTargetPlatformManager: Display: Loaded TargetPlatform 'Android_ETC1Client'
[2020.04.17-10.55.34:908][  0]LogTargetPlatformManager: Display: Loaded TargetPlatform 'Android_ETC1aClient'
[2020.04.17-10.55.34:908][  0]LogTargetPlatformManager: Display: Loaded TargetPlatform 'Android_ETC2Client'
[2020.04.17-10.55.34:908][  0]LogTargetPlatformManager: Display: Loaded TargetPlatform 'Android_PVRTCClient'
[2020.04.17-10.55.34:908][  0]LogTargetPlatformManager: Display: Loaded TargetPlatform 'Android_Multi'
[2020.04.17-10.55.34:908][  0]LogTargetPlatformManager: Display: Loaded TargetPlatform 'Android_MultiClient'
[2020.04.17-10.55.34:939][  0]LogTargetPlatformManager: Display: Loaded TargetPlatform 'IOSClient'
[2020.04.17-10.55.34:939][  0]LogTargetPlatformManager: Display: Loaded TargetPlatform 'IOS'
[2020.04.17-10.55.34:950][  0]LogTargetPlatformManager: Display: Loaded TargetPlatform 'LinuxNoEditor'
[2020.04.17-10.55.34:963][  0]LogTargetPlatformManager: Display: Loaded TargetPlatform 'LinuxClient'
[2020.04.17-10.55.34:974][  0]LogTargetPlatformManager: Display: Loaded TargetPlatform 'LinuxServer'
[2020.04.17-10.55.34:980][  0]LogTargetPlatformManager: Display: Loaded TargetPlatform 'LinuxAArch64NoEditor'
[2020.04.17-10.55.34:990][  0]LogTargetPlatformManager: Display: Loaded TargetPlatform 'LinuxAArch64Client'
[2020.04.17-10.55.34:999][  0]LogTargetPlatformManager: Display: Loaded TargetPlatform 'LinuxAArch64Server'
[2020.04.17-10.55.35:036][  0]LogTargetPlatformManager: Display: Loaded TargetPlatform 'Lumin'
[2020.04.17-10.55.35:036][  0]LogTargetPlatformManager: Display: Loaded TargetPlatform 'LuminClient'
[2020.04.17-10.55.35:055][  0]LogTargetPlatformManager: Display: Loaded TargetPlatform 'TVOSClient'
[2020.04.17-10.55.35:055][  0]LogTargetPlatformManager: Display: Loaded TargetPlatform 'TVOS'
[2020.04.17-10.55.35:068][  0]LogTargetPlatformManager: Display: Loaded TargetPlatform 'WindowsNoEditor'
[2020.04.17-10.55.35:077][  0]LogTargetPlatformManager: Display: Loaded TargetPlatform 'Windows'
[2020.04.17-10.55.35:088][  0]LogTargetPlatformManager: Display: Loaded TargetPlatform 'WindowsClient'
[2020.04.17-10.55.35:102][  0]LogTargetPlatformManager: Display: Loaded TargetPlatform 'WindowsServer'
[2020.04.17-10.55.35:102][  0]LogTargetPlatformManager: Display: Building Assets For Windows
[2020.04.17-10.55.35:106][  0]LogAudioDebug: Display: Lib vorbis DLL was dynamically loaded.
[2020.04.17-10.55.35:136][  0]LogShaderCompilers: Guid format shader working directory is -41 characters bigger than the processId version (C:/Users/Max Willekes/Desktop/School/HKU/Jaar 2/Blok 4/Game/Temple-of-the-Ice-Isles/TheTemple/Intermediate/Shaders/WorkingDirectory/13636/).
[2020.04.17-10.55.35:137][  0]LogShaderCompilers: Cleaned the shader compiler working directory 'C:/Users/Max Willekes/AppData/Local/Temp/UnrealShaderWorkingDir/5CAA701A43A751025880A486F297203E/'.
[2020.04.17-10.55.35:137][  0]LogXGEController: Cleaning working directory: C:/Users/Max Willekes/AppData/Local/Temp/UnrealXGEWorkingDir/
[2020.04.17-10.55.35:137][  0]LogXGEController: Cannot use XGE Controller as Incredibuild is not installed on this machine.
[2020.04.17-10.55.35:138][  0]LogShaderCompilers: Cannot use XGE Shader Compiler as Incredibuild is not installed on this machine.
[2020.04.17-10.55.35:138][  0]LogShaderCompilers: Display: Using Local Shader Compiler.
[2020.04.17-10.55.36:245][  0]LogDerivedDataCache: Display: Max Cache Size: 512 MB
[2020.04.17-10.55.36:409][  0]LogDerivedDataCache: Loaded boot cache 0.16s 112MB C:/Users/Max Willekes/AppData/Local/UnrealEngine/4.24/DerivedDataCache/Boot.ddc.
[2020.04.17-10.55.36:409][  0]LogDerivedDataCache: Display: Loaded Boot cache: C:/Users/Max Willekes/AppData/Local/UnrealEngine/4.24/DerivedDataCache/Boot.ddc
[2020.04.17-10.55.36:409][  0]LogDerivedDataCache: FDerivedDataBackendGraph:  Pak pak cache file C:/Users/Max Willekes/Desktop/School/HKU/Jaar 2/Blok 4/Game/Temple-of-the-Ice-Isles/TheTemple/DerivedDataCache/DDC.ddp not found, will not use a pak cache.
[2020.04.17-10.55.36:409][  0]LogDerivedDataCache: Unable to find inner node Pak for hierarchical cache Hierarchy.
[2020.04.17-10.55.36:410][  0]LogDerivedDataCache: FDerivedDataBackendGraph:  CompressedPak pak cache file C:/Users/Max Willekes/Desktop/School/HKU/Jaar 2/Blok 4/Game/Temple-of-the-Ice-Isles/TheTemple/DerivedDataCache/Compressed.ddp not found, will not use a pak cache.
[2020.04.17-10.55.36:410][  0]LogDerivedDataCache: Unable to find inner node CompressedPak for hierarchical cache Hierarchy.
[2020.04.17-10.55.36:422][  0]LogDerivedDataCache: Display: Pak cache opened for reading ../../../Engine/DerivedDataCache/Compressed.ddp.
[2020.04.17-10.55.36:422][  0]LogDerivedDataCache: FDerivedDataBackendGraph:  EnterprisePak pak cache file ../../../Enterprise/DerivedDataCache/Compressed.ddp not found, will not use a pak cache.
[2020.04.17-10.55.36:422][  0]LogDerivedDataCache: Unable to find inner node EnterprisePak for hierarchical cache Hierarchy.
[2020.04.17-10.55.36:425][  0]LogDerivedDataCache: Using Local data cache path C:/Users/Max Willekes/AppData/Local/UnrealEngine/Common/DerivedDataCache: Writable
[2020.04.17-10.55.36:425][  0]LogDerivedDataCache: Shared data cache path not found in *engine.ini, will not use an Shared cache.
[2020.04.17-10.55.36:425][  0]LogDerivedDataCache: Unable to find inner node Shared for hierarchical cache Hierarchy.
[2020.04.17-10.55.36:467][  0]LogMaterial: Verifying Global Shaders for PCD3D_SM5
[2020.04.17-10.55.36:469][  0]LogSlate: Using FreeType 2.10.0
[2020.04.17-10.55.36:470][  0]LogSlate: SlateFontServices - WITH_FREETYPE: 1, WITH_HARFBUZZ: 1
[2020.04.17-10.55.36:570][  0]LogAssetRegistry: FAssetRegistry took 0.0040 seconds to start up
[2020.04.17-10.55.37:075][  0]LogInit: Selected Device Profile: [Windows]
[2020.04.17-10.55.37:349][  0]LogMeshReduction: Using QuadricMeshReduction for automatic static mesh reduction
[2020.04.17-10.55.37:349][  0]LogMeshReduction: Using SimplygonMeshReduction for automatic skeletal mesh reduction
[2020.04.17-10.55.37:349][  0]LogMeshReduction: Using ProxyLODMeshReduction for automatic mesh merging
[2020.04.17-10.55.37:349][  0]LogMeshReduction: No distributed automatic mesh merging module available
[2020.04.17-10.55.37:349][  0]LogMeshMerging: No distributed automatic mesh merging module available
[2020.04.17-10.55.37:427][  0]LogNetVersion: TheTemple 1.0.0, NetCL: 10570792, EngineNetVer: 13, GameNetVer: 0 (Checksum: 885478188)
[2020.04.17-10.55.40:496][  0]LogPackageLocalizationCache: Processed 11 localized package path(s) for 1 prioritized culture(s) in 0.151563 seconds
[2020.04.17-10.55.40:517][  0]LogUObjectArray: 46750 objects as part of root set at end of initial load.
[2020.04.17-10.55.40:517][  0]LogUObjectAllocator: 8137160 out of 0 bytes used by permanent object pool.
[2020.04.17-10.55.40:518][  0]LogUObjectArray: CloseDisregardForGC: 0/0 objects in disregard for GC pool
[2020.04.17-10.55.40:736][  0]LogD3D12RHI: Creating RTPSO with 3 shaders (0 cached, 3 new) took 26.77 ms. Compile time 4.73 ms, link time 21.82 ms.
[2020.04.17-10.55.41:512][  0]LogTcpMessaging: Initializing TcpMessaging bridge
[2020.04.17-10.55.41:521][  0]LogUdpMessaging: Initializing bridge on interface 0.0.0.0:0 to multicast group 230.0.0.1:6666.
[2020.04.17-10.55.41:645][  0]LogFMOD: FFMODStudioModule startup
[2020.04.17-10.55.41:645][  0]LogFMOD:  Lib path = 'C:/Users/Max Willekes/Desktop/School/HKU/Jaar 2/Blok 4/Game/Temple-of-the-Ice-Isles/TheTemple/Plugins/FMODStudio/Binaries'
[2020.04.17-10.55.41:645][  0]LogFMOD: FFMODStudioModule::LoadDll: Loading C:/Users/Max Willekes/Desktop/School/HKU/Jaar 2/Blok 4/Game/Temple-of-the-Ice-Isles/TheTemple/Plugins/FMODStudio/Binaries/Win64/fmodL.dll
[2020.04.17-10.55.41:678][  0]LogFMOD: FFMODStudioModule::LoadDll: Loading C:/Users/Max Willekes/Desktop/School/HKU/Jaar 2/Blok 4/Game/Temple-of-the-Ice-Isles/TheTemple/Plugins/FMODStudio/Binaries/Win64/fmodstudioL.dll
[2020.04.17-10.55.41:828][  0]LogFMOD: Default sample rate = 48000
[2020.04.17-10.55.41:828][  0]LogFMOD: System sample rate = 48000
[2020.04.17-10.55.41:828][  0]LogFMOD: Matching system sample rate 48000
[2020.04.17-10.55.41:927][  0]LogFMOD: Default sample rate = 48000
[2020.04.17-10.55.41:927][  0]LogFMOD: System sample rate = 48000
[2020.04.17-10.55.41:927][  0]LogFMOD: Matching system sample rate 48000
[2020.04.17-10.55.42:049][  0]SourceControl: Source control is disabled
[2020.04.17-10.55.42:050][  0]LogWindows: Warning: CreateProc failed: Het systeem kan het opgegeven bestand niet vinden. (0x00000002)
[2020.04.17-10.55.42:050][  0]LogWindows: Warning: URL: C:/Users/Geoffrey/AppData/Local/Atlassian/SourceTree/git_local/bin/git.exe version
[2020.04.17-10.55.42:056][  0]LogWindows: Warning: CreateProc failed: Het systeem kan het opgegeven bestand niet vinden. (0x00000002)
[2020.04.17-10.55.42:056][  0]LogWindows: Warning: URL: C:/Users/Geoffrey/AppData/Local/Atlassian/SourceTree/git_local/bin/git.exe version
[2020.04.17-10.55.42:059][  0]LogWindows: Warning: CreateProc failed: Het systeem kan het opgegeven bestand niet vinden. (0x00000002)
[2020.04.17-10.55.42:059][  0]LogWindows: Warning: URL: C:/Users/Geoffrey/AppData/Local/Atlassian/SourceTree/git_local/bin/git.exe version
[2020.04.17-10.55.42:062][  0]LogWindows: Warning: CreateProc failed: Het systeem kan het opgegeven bestand niet vinden. (0x00000002)
[2020.04.17-10.55.42:062][  0]LogWindows: Warning: URL: C:/Users/Geoffrey/AppData/Local/Atlassian/SourceTree/git_local/bin/git.exe version
[2020.04.17-10.55.42:275][  0]LogAndroidPermission: UAndroidPermissionCallbackProxy::GetInstance
[2020.04.17-10.55.42:299][  0]LogAudioCaptureCore: Display: No Audio Capture implementations found. Audio input will be silent.
[2020.04.17-10.55.42:299][  0]LogAudioCaptureCore: Display: No Audio Capture implementations found. Audio input will be silent.
[2020.04.17-10.55.42:530][  0]LogOcInput: OculusInput pre-init called
[2020.04.17-10.55.42:545][  0]LogWindows: Failed to load 'OVRPlugin.dll' (GetLastError=126)
[2020.04.17-10.55.42:545][  0]LogWindows: File 'OVRPlugin.dll' does not exist
[2020.04.17-10.55.42:577][  0]LogFMOD: FFMODStudioEditorModule startup
[2020.04.17-10.55.42:825][  0]LogEngine: Initializing Engine...
[2020.04.17-10.55.42:914][  0]LogHMD: Failed to initialize OpenVR with code 126
[2020.04.17-10.55.42:917][  0]LogStats: UGameplayTagsManager::InitializeManager -  0.001 s
[2020.04.17-10.55.44:130][  0]LogInit: Initializing FReadOnlyCVARCache
[2020.04.17-10.55.44:147][  0]LogAIModule: Creating AISystem for world Untitled
[2020.04.17-10.55.44:678][  0]LogAudioMixer: Display: Audio Mixer Platform Settings:
[2020.04.17-10.55.44:678][  0]LogAudioMixer: Display: 	Sample Rate:						  48000
[2020.04.17-10.55.44:678][  0]LogAudioMixer: Display: 	Callback Buffer Frame Size Requested: 1024
[2020.04.17-10.55.44:678][  0]LogAudioMixer: Display: 	Callback Buffer Frame Size To Use:	  1024
[2020.04.17-10.55.44:678][  0]LogAudioMixer: Display: 	Number of buffers to queue:			  2
[2020.04.17-10.55.44:678][  0]LogAudioMixer: Display: 	Max Channels (voices):				  32
[2020.04.17-10.55.44:678][  0]LogAudioMixer: Display: 	Number of Async Source Workers:		  0
[2020.04.17-10.55.44:678][  0]LogAudio: Display: AudioDevice MaxSources: 32
[2020.04.17-10.55.44:680][  0]LogAudio: Display: Using built-in audio occlusion.
[2020.04.17-10.55.44:680][  0]LogAudioMixer: Display: Initializing audio mixer.
[2020.04.17-10.55.44:771][  0]LogAudioMixer: Display: Audio Device Output Speaker Info:
[2020.04.17-10.55.44:771][  0]LogAudioMixer: Display: Name: Luidsprekers (Logitech G933 Gaming Headset)
[2020.04.17-10.55.44:771][  0]LogAudioMixer: Display: Is Default: Yes
[2020.04.17-10.55.44:771][  0]LogAudioMixer: Display: Sample Rate: 48000
[2020.04.17-10.55.44:771][  0]LogAudioMixer: Display: Channel Count Used: 8
[2020.04.17-10.55.44:771][  0]LogAudioMixer: Display: Device Channel Count: 8
[2020.04.17-10.55.44:771][  0]LogAudioMixer: Display: Channel Order:
[2020.04.17-10.55.44:771][  0]LogAudioMixer: Display: 0: FrontLeft
[2020.04.17-10.55.44:771][  0]LogAudioMixer: Display: 1: FrontRight
[2020.04.17-10.55.44:772][  0]LogAudioMixer: Display: 2: FrontCenter
[2020.04.17-10.55.44:772][  0]LogAudioMixer: Display: 3: LowFrequency
[2020.04.17-10.55.44:772][  0]LogAudioMixer: Display: 4: BackLeft
[2020.04.17-10.55.44:772][  0]LogAudioMixer: Display: 5: BackRight
[2020.04.17-10.55.44:772][  0]LogAudioMixer: Display: 6: SideLeft
[2020.04.17-10.55.44:772][  0]LogAudioMixer: Display: 7: SideRight
[2020.04.17-10.55.44:960][  0]LogAudioMixer: Display: Using Audio Device Luidsprekers (Logitech G933 Gaming Headset)
[2020.04.17-10.55.45:034][  0]LogInit: FAudioDevice initialized.
[2020.04.17-10.55.45:035][  0]LogNetVersion: Set ProjectVersion to 1.0.0.0. Version Checksum will be recalculated on next use.
[2020.04.17-10.55.45:202][  0]LogDerivedDataCache: Saved boot cache 0.17s 112MB C:/Users/Max Willekes/AppData/Local/UnrealEngine/4.24/DerivedDataCache/Boot.ddc.
[2020.04.17-10.55.45:208][  0]LogInit: Texture streaming: Enabled
[2020.04.17-10.55.45:249][  0]LogEngineSessionManager: EngineSessionManager initialized
[2020.04.17-10.55.45:249][  0]LogEditorSessionSummary: Verbose: Initializing EditorSessionSummaryWriter for editor session tracking
[2020.04.17-10.55.45:268][  0]LogEditorSessionSummary: EditorSessionSummaryWriter initialized
[2020.04.17-10.55.45:358][  0]LogInit: Transaction tracking system initialized
[2020.04.17-10.55.45:386][  0]BlueprintLog: New page: Editor Load
[2020.04.17-10.55.45:526][  0]LocalizationService: Localization service is disabled
[2020.04.17-10.55.46:442][  0]LogFileCache: Scanning file cache for directory 'C:/Users/Max Willekes/Desktop/School/HKU/Jaar 2/Blok 4/Game/Temple-of-the-Ice-Isles/TheTemple/Content/' took 0.01s
[2020.04.17-10.55.46:442][  0]LogCook: Display: Max memory allowance for cook 16384mb min free memory 0mb
[2020.04.17-10.55.46:442][  0]LogCook: Display: Mobile HDR setting 1
[2020.04.17-10.55.48:480][  0]LogWindows: Warning: CreateProc failed: Het systeem kan het opgegeven bestand niet vinden. (0x00000002)
[2020.04.17-10.55.48:480][  0]LogWindows: Warning: URL: C:/Users/Geoffrey/AppData/Local/Atlassian/SourceTree/git_local/bin/git.exe version
[2020.04.17-10.55.48:480][  0]Cmd: MAP LOAD FILE="C:/Users/Max Willekes/Desktop/School/HKU/Jaar 2/Blok 4/Game/Temple-of-the-Ice-Isles/TheTemple/Content/StarterContent/Maps/Minimal_Default.umap" TEMPLATE=0 SHOWPROGRESS=1 FEATURELEVEL=3
[2020.04.17-10.55.48:480][  0]LightingResults: New page: Lighting Build
[2020.04.17-10.55.48:482][  0]LogWorld: UWorld::CleanupWorld for Untitled, bSessionEnded=true, bCleanupResources=true
[2020.04.17-10.55.48:482][  0]LogSlate: InvalidateAllWidgets triggered.  All widgets were invalidated
[2020.04.17-10.55.48:485][  0]MapCheck: New page: Map Check
[2020.04.17-10.55.48:487][  0]LightingResults: New page: Lighting Build
[2020.04.17-10.55.48:536][  0]LogUObjectHash: Compacting FUObjectHashTables data took   4.39ms
[2020.04.17-10.55.48:976][  0]LogTexture: Display: Building textures: SkyOcclusion0_2 (AutoDXT, 64X32)
[2020.04.17-10.55.48:976][  0]LogTexture: Display: Building textures: HQ_Lightmap0_2 (AutoDXT, 64X64)
[2020.04.17-10.55.48:976][  0]LogTexture: Display: Building textures: LQ_Lightmap_0_2 (DXT1, 64X64)
[2020.04.17-10.55.48:976][  0]LogTexture: Display: Building textures: SkyOcclusion0_1 (AutoDXT, 512X256)
[2020.04.17-10.55.48:976][  0]LogTexture: Display: Building textures: LQ_Lightmap_0_1 (DXT1, 512X512)
[2020.04.17-10.55.48:976][  0]LogTexture: Display: Building textures: HQ_Lightmap0_1 (AutoDXT, 512X512)
[2020.04.17-10.55.49:250][  0]LogAIModule: Creating AISystem for world Minimal_Default
[2020.04.17-10.55.49:275][  0]LogEditorServer: Finished looking for orphan Actors (0.000 secs)
[2020.04.17-10.55.49:393][  0]LogUObjectHash: Compacting FUObjectHashTables data took   5.84ms
[2020.04.17-10.55.49:394][  0]Cmd: MAP CHECKDEP NOCLEARLOG
[2020.04.17-10.55.49:394][  0]MapCheck: Map check complete: 0 Error(s), 0 Warning(s), took 0,616ms to complete.
[2020.04.17-10.55.49:395][  0]LogFileHelpers: Loading map 'Minimal_Default' took 0.915
[2020.04.17-10.55.49:686][  0]LogSlate: Updating window title bar state: overlay mode, drag disabled, window buttons hidden, title bar hidden
[2020.04.17-10.55.49:711][  0]LogSlate: Updating window title bar state: overlay mode, drag disabled, window buttons hidden, title bar hidden
[2020.04.17-10.55.49:735][  0]LogSlate: Updating window title bar state: overlay mode, drag disabled, window buttons hidden, title bar hidden
[2020.04.17-10.55.49:752][  0]LogSlate: Updating window title bar state: overlay mode, drag disabled, window buttons hidden, title bar hidden
[2020.04.17-10.55.49:774][  0]LogCollectionManager: Loaded 0 collections in 0.002594 seconds
[2020.04.17-10.55.49:812][  0]LogFileCache: Scanning file cache for directory 'C:/Users/Max Willekes/Desktop/School/HKU/Jaar 2/Blok 4/Game/Temple-of-the-Ice-Isles/TheTemple/Saved/Collections/' took 0.00s
[2020.04.17-10.55.49:812][  0]LogFileCache: Scanning file cache for directory 'C:/Users/Max Willekes/Desktop/School/HKU/Jaar 2/Blok 4/Game/Temple-of-the-Ice-Isles/TheTemple/Content/Developers/MaxWillekes/Collections/' took 0.00s
[2020.04.17-10.55.49:812][  0]LogFileCache: Scanning file cache for directory 'C:/Users/Max Willekes/Desktop/School/HKU/Jaar 2/Blok 4/Game/Temple-of-the-Ice-Isles/TheTemple/Content/Collections/' took 0.00s
[2020.04.17-10.55.49:812][  0]LogContentBrowser: Native class hierarchy populated in 0.0241 seconds. Added 3032 classes and 726 folders.
[2020.04.17-10.55.49:818][  0]LogContentBrowser: Native class hierarchy updated for 'WidgetCarousel' in 0.0011 seconds. Added 0 classes and 0 folders.
[2020.04.17-10.55.50:025][  0]LogContentBrowser: Native class hierarchy updated for 'AddContentDialog' in 0.0012 seconds. Added 0 classes and 0 folders.
[2020.04.17-10.55.50:036][  0]LogContentBrowser: Native class hierarchy updated for 'SceneOutliner' in 0.0008 seconds. Added 2 classes and 3 folders.
[2020.04.17-10.55.50:164][  0]LogSlate: Took 0.000439 seconds to synchronously load lazily loaded font '../../../Engine/Content/Slate/Fonts/Roboto-Regular.ttf' (155K)
[2020.04.17-10.55.50:168][  0]LogSlate: Took 0.000603 seconds to synchronously load lazily loaded font '../../../Engine/Content/Slate/Fonts/Roboto-Bold.ttf' (160K)
[2020.04.17-10.55.50:176][  0]LogSlate: Took 0.000349 seconds to synchronously load lazily loaded font '../../../Engine/Content/Editor/Slate/Fonts/FontAwesome.ttf' (139K)
[2020.04.17-10.55.50:390][  0]LogRenderer: Reallocating scene render targets to support 1156x572 Format 10 NumSamples 1 (Frame:1).
[2020.04.17-10.55.51:644][  0]LogD3D12RHI: Creating RTPSO with 91 shaders (0 cached, 91 new) took 998.17 ms. Compile time 919.96 ms, link time 77.86 ms.
[2020.04.17-10.55.51:769][  0]LogD3D12RHI: Creating RTPSO with 3 shaders (0 cached, 3 new) took 27.59 ms. Compile time 9.57 ms, link time 17.98 ms.
[2020.04.17-10.55.52:616][  0]LogContentBrowser: Native class hierarchy updated for 'HierarchicalLODOutliner' in 0.0014 seconds. Added 0 classes and 0 folders.
[2020.04.17-10.55.52:616][  0]LogLoad: (Engine Initialization) Total time: 25.82 seconds
[2020.04.17-10.55.52:617][  0]LogLoad: (Engine Initialization) Total Blueprint compile time: 0.00 seconds
[2020.04.17-10.55.52:688][  0]LogContentStreaming: Texture pool size now 1000 MB
[2020.04.17-10.55.52:731][  0]LogSlate: Took 0.000490 seconds to synchronously load lazily loaded font '../../../Engine/Content/Slate/Fonts/Roboto-Light.ttf' (167K)
[2020.04.17-10.55.52:743][  1]LogFileCache: Retrieving MD5 hashes for directory 'C:/Users/Max Willekes/Desktop/School/HKU/Jaar 2/Blok 4/Game/Temple-of-the-Ice-Isles/TheTemple/Content/' took 0.10s
[2020.04.17-10.55.52:775][  1]LogAssetRegistry: Asset discovery search completed in 16.2054 seconds
[2020.04.17-10.55.52:784][  1]LogCollectionManager: Fixed up redirectors for 0 collections in 0.000021 seconds (updated 0 objects)
[2020.04.17-10.55.53:097][  3]LogD3D12RHI: Creating RTPSO with 92 shaders (91 cached, 1 new) took 38.31 ms. Compile time 2.61 ms, link time 35.31 ms.
