AndroidPlatformFactory.RegisterBuildPlatforms: UnrealBuildTool.AndroidPlatformSDK has no valid SDK
IOSPlatformFactory.RegisterBuildPlatforms: UnrealBuildTool.IOSPlatformSDK has no valid SDK
LinuxPlatformFactory.RegisterBuildPlatforms: UnrealBuildTool.LinuxPlatformSDK has no valid SDK
WindowsPlatformFactory.RegisterBuildPlatforms: UnrealBuildTool.WindowsPlatformSDK using manually installed SDK
ProjectFileGenerator.GenerateProjectFiles: Discovering modules, targets and source code for project...
WindowsPlatform.FindVSInstallDirs: Found Visual Studio installation: C:\Program Files (x86)\Microsoft Visual Studio\2017\Community (Product=Microsoft.VisualStudio.Product.Community, Version=15.9.28307.344, Sort=0)
WindowsPlatform.FindToolChainDirs: Found Visual Studio toolchain: C:\Program Files (x86)\Microsoft Visual Studio\2017\Community\VC\Tools\MSVC\14.16.27023 (Version=14.16.27026)
WindowsPlatform.EnumerateSdkRootDirs: Found Windows 10 SDK root at C:\Program Files (x86)\Windows Kits\10 (1)
WindowsPlatform.EnumerateSdkRootDirs: Found Windows 10 SDK root at C:\Program Files (x86)\Windows Kits\10 (2)
WindowsPlatform.UpdateCachedWindowsSdks: Found Windows 10 SDK version 10.0.16299.0 at C:\Program Files (x86)\Windows Kits\10
WindowsPlatform.UpdateCachedWindowsSdks: Found Universal CRT version 10.0.16299.0 at C:\Program Files (x86)\Windows Kits\10
UnrealBuildTool.Main: ERROR: Could not find NetFxSDK install dir; this will prevent SwarmInterface from installing.  Install a version of .NET Framework SDK at 4.6.0 or higher.
UnrealBuildTool.Main: BuildException: Could not find NetFxSDK install dir; this will prevent SwarmInterface from installing.  Install a version of .NET Framework SDK at 4.6.0 or higher.
UnrealBuildTool.Main:    bij UnrealBuildTool.VCEnvironment.SetupEnvironment(UnrealTargetPlatform Platform) in D:\Build\++UE4\Sync\Engine\Saved\CsTools\Engine\Source\Programs\UnrealBuildTool\Platform\Windows\VCEnvironment.cs:regel 463
UnrealBuildTool.Main:    bij UnrealBuildTool.VCEnvironment..ctor(UnrealTargetPlatform Platform, WindowsCompiler Compiler, DirectoryReference CompilerDir, VersionNumber CompilerVersion, WindowsArchitecture Architecture, WindowsCompiler ToolChain, DirectoryReference ToolChainDir, VersionNumber ToolChainVersion, DirectoryReference WindowsSdkDir, VersionNumber WindowsSdkVersion) in D:\Build\++UE4\Sync\Engine\Saved\CsTools\Engine\Source\Programs\UnrealBuildTool\Platform\Windows\VCEnvironment.cs:regel 144
UnrealBuildTool.Main:    bij UnrealBuildTool.VCEnvironment.Create(WindowsCompiler Compiler, UnrealTargetPlatform Platform, WindowsArchitecture Architecture, String CompilerVersion, String WindowsSdkVersion) in D:\Build\++UE4\Sync\Engine\Saved\CsTools\Engine\Source\Programs\UnrealBuildTool\Platform\Windows\VCEnvironment.cs:regel 544
UnrealBuildTool.Main:    bij UnrealBuildTool.WindowsPlatform.ValidateTarget(TargetRules Target) in D:\Build\++UE4\Sync\Engine\Saved\CsTools\Engine\Source\Programs\UnrealBuildTool\Platform\Windows\UEBuildWindows.cs:regel 714
UnrealBuildTool.Main:    bij UnrealBuildTool.RulesAssembly.CreateTargetRulesInstance(String TypeName, TargetInfo TargetInfo) in D:\Build\++UE4\Sync\Engine\Saved\CsTools\Engine\Source\Programs\UnrealBuildTool\System\RulesAssembly.cs:regel 565
UnrealBuildTool.Main:    bij UnrealBuildTool.RulesAssembly.CreateTargetRules(String TargetName, UnrealTargetPlatform Platform, UnrealTargetConfiguration Configuration, String Architecture, FileReference ProjectFile, CommandLineArguments Arguments) in D:\Build\++UE4\Sync\Engine\Saved\CsTools\Engine\Source\Programs\UnrealBuildTool\System\RulesAssembly.cs:regel 625
UnrealBuildTool.Main:    bij UnrealBuildTool.ProjectFileGenerator.AddProjectsForAllTargets(PlatformProjectGeneratorCollection PlatformProjectGenerators, List`1 AllGames, List`1 AllTargetFiles, ProjectFile& EngineProject, ProjectFile& EnterpriseProject, List`1& GameProjects, Dictionary`2& ProgramProjects) in D:\Build\++UE4\Sync\Engine\Saved\CsTools\Engine\Source\Programs\UnrealBuildTool\ProjectFiles\ProjectFileGenerator.cs:regel 2224
UnrealBuildTool.Main:    bij UnrealBuildTool.ProjectFileGenerator.GenerateProjectFiles(PlatformProjectGeneratorCollection PlatformProjectGenerators, String[] Arguments) in D:\Build\++UE4\Sync\Engine\Saved\CsTools\Engine\Source\Programs\UnrealBuildTool\ProjectFiles\ProjectFileGenerator.cs:regel 720
UnrealBuildTool.Main:    bij UnrealBuildTool.GenerateProjectFilesMode.Execute(CommandLineArguments Arguments) in D:\Build\++UE4\Sync\Engine\Saved\CsTools\Engine\Source\Programs\UnrealBuildTool\Modes\GenerateProjectFilesMode.cs:regel 176
UnrealBuildTool.Main:    bij UnrealBuildTool.UnrealBuildTool.Main(String[] ArgumentsArray) in D:\Build\++UE4\Sync\Engine\Saved\CsTools\Engine\Source\Programs\UnrealBuildTool\UnrealBuildTool.cs:regel 517
Timeline.Print: Timeline:
Timeline.Print: 
Timeline.Print: [ 0.000]
Timeline.Print: [ 0.000](+0.032) <unknown>
Timeline.Print: [ 0.032](+0.085) XmlConfig.ReadConfigFiles()
Timeline.Print: [ 0.117](+0.000) SingleInstanceMutex.Acquire()
Timeline.Print: [ 0.117](+0.063) UEBuildPlatform.RegisterPlatforms()
Timeline.Print:   0.118          [ 0.000](+0.032) Initializing InstalledPlatformInfo
Timeline.Print:   0.150          [ 0.032](+0.000) Querying types
Timeline.Print:   0.151          [ 0.034](+0.001) MacPlatformFactory
Timeline.Print:   0.153          [ 0.035](+0.000) TVOSPlatformFactory
Timeline.Print:   0.153          [ 0.035](+0.009) AndroidPlatformFactory
Timeline.Print:   0.163          [ 0.045](+0.000) HoloLensPlatformFactory
Timeline.Print:   0.163          [ 0.046](+0.012) IOSPlatformFactory
Timeline.Print:   0.176          [ 0.058](+0.002) LinuxPlatformFactory
Timeline.Print:   0.178          [ 0.061](+0.000) LuminPlatformFactory
Timeline.Print:   0.178          [ 0.061](+0.001) WindowsPlatformFactory
Timeline.Print: [ 0.180](+0.351) <unknown>
Timeline.Print: [ 0.532](+0.001) Finding engine modules
Timeline.Print: [ 0.533](+0.002) Finding plugin modules
Timeline.Print: [ 0.536](+0.046) <unknown>
Timeline.Print: [ 0.582](+0.000) Finding program modules
Timeline.Print: [ 0.582](+0.000) Finding program targets
Timeline.Print: [ 0.582](+0.067) <unknown>
Timeline.Print: [ 0.649](+0.000) FileMetadataPrefetch.Stop()
Timeline.Print: [ 0.652]
